<?xml version="1.0" encoding="UTF-8"?>
<coverage generated="1556891397963" clover="3.2.0">
  <project timestamp="1556891397963" name="All files">
    <metrics statements="439" coveredstatements="219" conditionals="201" coveredconditionals="76" methods="229" coveredmethods="90" elements="869" coveredelements="385" complexity="0" loc="439" ncloc="439" packages="24" files="40" classes="40"/>
    <package name="src">
      <metrics statements="46" coveredstatements="0" conditionals="34" coveredconditionals="0" methods="15" coveredmethods="0"/>
      <file name="index.js" path="/Users/didactor/Documents/skylab/bootcamp/collab/skylab-bootcamp-201904/staff/groups/aldi/siempre-tarde/src/index.js">
        <metrics statements="8" coveredstatements="0" conditionals="2" coveredconditionals="0" methods="0" coveredmethods="0"/>
        <line num="11" count="0" type="stmt"/>
        <line num="12" count="0" type="stmt"/>
        <line num="14" count="0" type="stmt"/>
        <line num="15" count="0" type="stmt"/>
        <line num="17" count="0" type="stmt"/>
        <line num="22" count="0" type="stmt"/>
        <line num="25" count="0" type="cond" truecount="0" falsecount="2"/>
        <line num="26" count="0" type="stmt"/>
      </file>
      <file name="serviceWorker.js" path="/Users/didactor/Documents/skylab/bootcamp/collab/skylab-bootcamp-201904/staff/groups/aldi/siempre-tarde/src/serviceWorker.js">
        <metrics statements="38" coveredstatements="0" conditionals="32" coveredconditionals="0" methods="15" coveredmethods="0"/>
        <line num="13" count="0" type="stmt"/>
        <line num="24" count="0" type="cond" truecount="0" falsecount="4"/>
        <line num="26" count="0" type="stmt"/>
        <line num="27" count="0" type="cond" truecount="0" falsecount="2"/>
        <line num="31" count="0" type="stmt"/>
        <line num="34" count="0" type="stmt"/>
        <line num="35" count="0" type="stmt"/>
        <line num="37" count="0" type="cond" truecount="0" falsecount="2"/>
        <line num="39" count="0" type="stmt"/>
        <line num="43" count="0" type="stmt"/>
        <line num="44" count="0" type="stmt"/>
        <line num="51" count="0" type="stmt"/>
        <line num="58" count="0" type="stmt"/>
        <line num="61" count="0" type="stmt"/>
        <line num="62" count="0" type="stmt"/>
        <line num="63" count="0" type="cond" truecount="0" falsecount="2"/>
        <line num="64" count="0" type="stmt"/>
        <line num="66" count="0" type="stmt"/>
        <line num="67" count="0" type="cond" truecount="0" falsecount="2"/>
        <line num="68" count="0" type="cond" truecount="0" falsecount="2"/>
        <line num="72" count="0" type="stmt"/>
        <line num="78" count="0" type="cond" truecount="0" falsecount="4"/>
        <line num="79" count="0" type="stmt"/>
        <line num="85" count="0" type="stmt"/>
        <line num="88" count="0" type="cond" truecount="0" falsecount="4"/>
        <line num="89" count="0" type="stmt"/>
        <line num="97" count="0" type="stmt"/>
        <line num="103" count="0" type="stmt"/>
        <line num="106" count="0" type="stmt"/>
        <line num="107" count="0" type="cond" truecount="0" falsecount="2"/>
        <line num="112" count="0" type="stmt"/>
        <line num="113" count="0" type="stmt"/>
        <line num="114" count="0" type="stmt"/>
        <line num="119" count="0" type="stmt"/>
        <line num="123" count="0" type="stmt"/>
        <line num="130" count="0" type="cond" truecount="0" falsecount="2"/>
        <line num="131" count="0" type="stmt"/>
        <line num="132" count="0" type="stmt"/>
      </file>
    </package>
    <package name="src.common.call">
      <metrics statements="11" coveredstatements="10" conditionals="9" coveredconditionals="6" methods="3" coveredmethods="3"/>
      <file name="index.js" path="/Users/didactor/Documents/skylab/bootcamp/collab/skylab-bootcamp-201904/staff/groups/aldi/siempre-tarde/src/common/call/index.js">
        <metrics statements="11" coveredstatements="10" conditionals="9" coveredconditionals="6" methods="3" coveredmethods="3"/>
        <line num="14" count="99" type="cond" truecount="1" falsecount="1"/>
        <line num="16" count="99" type="stmt"/>
        <line num="24" count="99" type="stmt"/>
        <line num="28" count="99" type="cond" truecount="2" falsecount="0"/>
        <line num="29" count="3" type="stmt"/>
        <line num="30" count="3" type="stmt"/>
        <line num="31" count="3" type="stmt"/>
        <line num="34" count="99" type="stmt"/>
        <line num="41" count="6" type="cond" truecount="2" falsecount="0"/>
        <line num="42" count="3" type="cond" truecount="1" falsecount="1"/>
        <line num="43" count="0" type="stmt"/>
      </file>
    </package>
    <package name="src.common.errors">
      <metrics statements="10" coveredstatements="8" conditionals="0" coveredconditionals="0" methods="10" coveredmethods="8"/>
      <file name="index.js" path="/Users/didactor/Documents/skylab/bootcamp/collab/skylab-bootcamp-201904/staff/groups/aldi/siempre-tarde/src/common/errors/index.js">
        <metrics statements="10" coveredstatements="8" conditionals="0" coveredconditionals="0" methods="10" coveredmethods="8"/>
        <line num="4" count="18" type="stmt"/>
        <line num="10" count="1" type="stmt"/>
        <line num="16" count="17" type="stmt"/>
        <line num="21" count="0" type="stmt"/>
        <line num="27" count="3" type="stmt"/>
        <line num="33" count="3" type="stmt"/>
        <line num="39" count="3" type="stmt"/>
        <line num="45" count="0" type="stmt"/>
        <line num="50" count="7" type="stmt"/>
        <line num="56" count="1" type="stmt"/>
      </file>
    </package>
    <package name="src.common.normalize">
      <metrics statements="4" coveredstatements="4" conditionals="4" coveredconditionals="2" methods="1" coveredmethods="1"/>
      <file name="index.js" path="/Users/didactor/Documents/skylab/bootcamp/collab/skylab-bootcamp-201904/staff/groups/aldi/siempre-tarde/src/common/normalize/index.js">
        <metrics statements="4" coveredstatements="4" conditionals="4" coveredconditionals="2" methods="1" coveredmethods="1"/>
        <line num="3" count="1" type="stmt"/>
        <line num="5" count="23" type="cond" truecount="1" falsecount="1"/>
        <line num="6" count="23" type="cond" truecount="1" falsecount="1"/>
        <line num="8" count="23" type="stmt"/>
      </file>
    </package>
    <package name="src.common.validate">
      <metrics statements="14" coveredstatements="14" conditionals="20" coveredconditionals="18" methods="4" coveredmethods="4"/>
      <file name="index.js" path="/Users/didactor/Documents/skylab/bootcamp/collab/skylab-bootcamp-201904/staff/groups/aldi/siempre-tarde/src/common/validate/index.js">
        <metrics statements="14" coveredstatements="14" conditionals="20" coveredconditionals="18" methods="4" coveredmethods="4"/>
        <line num="3" count="4" type="stmt"/>
        <line num="5" count="253" type="stmt"/>
        <line num="6" count="797" type="cond" truecount="2" falsecount="0"/>
        <line num="7" count="693" type="cond" truecount="2" falsecount="0"/>
        <line num="9" count="689" type="cond" truecount="2" falsecount="0"/>
        <line num="10" count="621" type="cond" truecount="2" falsecount="0"/>
        <line num="11" count="442" type="cond" truecount="2" falsecount="0"/>
        <line num="12" count="179" type="cond" truecount="2" falsecount="0"/>
        <line num="13" count="36" type="cond" truecount="1" falsecount="1"/>
        <line num="14" count="104" type="cond" truecount="2" falsecount="0"/>
        <line num="19" count="6" type="stmt"/>
        <line num="21" count="6" type="cond" truecount="2" falsecount="0"/>
        <line num="25" count="99" type="stmt"/>
        <line num="27" count="99" type="cond" truecount="1" falsecount="1"/>
      </file>
    </package>
    <package name="src.componets">
      <metrics statements="47" coveredstatements="0" conditionals="20" coveredconditionals="0" methods="48" coveredmethods="0"/>
      <file name="App.js" path="/Users/didactor/Documents/skylab/bootcamp/collab/skylab-bootcamp-201904/staff/groups/aldi/siempre-tarde/src/componets/App.js">
        <metrics statements="45" coveredstatements="0" conditionals="20" coveredconditionals="0" methods="46" coveredmethods="0"/>
        <line num="24" count="0" type="stmt"/>
        <line num="26" count="0" type="stmt"/>
        <line num="28" count="0" type="stmt"/>
        <line num="31" count="0" type="stmt"/>
        <line num="32" count="0" type="stmt"/>
        <line num="34" count="0" type="stmt"/>
        <line num="37" count="0" type="stmt"/>
        <line num="40" count="0" type="stmt"/>
        <line num="43" count="0" type="stmt"/>
        <line num="48" count="0" type="cond" truecount="0" falsecount="2"/>
        <line num="51" count="0" type="stmt"/>
        <line num="54" count="0" type="stmt"/>
        <line num="59" count="0" type="stmt"/>
        <line num="61" count="0" type="stmt"/>
        <line num="63" count="0" type="stmt"/>
        <line num="66" count="0" type="stmt"/>
        <line num="69" count="0" type="stmt"/>
        <line num="74" count="0" type="stmt"/>
        <line num="77" count="0" type="stmt"/>
        <line num="78" count="0" type="stmt"/>
        <line num="83" count="0" type="stmt"/>
        <line num="84" count="0" type="stmt"/>
        <line num="88" count="0" type="stmt"/>
        <line num="89" count="0" type="stmt"/>
        <line num="90" count="0" type="stmt"/>
        <line num="95" count="0" type="stmt"/>
        <line num="97" count="0" type="stmt"/>
        <line num="101" count="0" type="cond" truecount="0" falsecount="2"/>
        <line num="104" count="0" type="stmt"/>
        <line num="105" count="0" type="stmt"/>
        <line num="106" count="0" type="stmt"/>
        <line num="109" count="0" type="stmt"/>
        <line num="111" count="0" type="stmt"/>
        <line num="112" count="0" type="stmt"/>
        <line num="115" count="0" type="stmt"/>
        <line num="133" count="0" type="stmt"/>
        <line num="135" count="0" type="stmt"/>
        <line num="139" count="0" type="cond" truecount="0" falsecount="2"/>
        <line num="141" count="0" type="cond" truecount="0" falsecount="2"/>
        <line num="143" count="0" type="cond" truecount="0" falsecount="2"/>
        <line num="145" count="0" type="cond" truecount="0" falsecount="2"/>
        <line num="147" count="0" type="cond" truecount="0" falsecount="2"/>
        <line num="149" count="0" type="cond" truecount="0" falsecount="2"/>
        <line num="151" count="0" type="cond" truecount="0" falsecount="2"/>
        <line num="153" count="0" type="cond" truecount="0" falsecount="2"/>
      </file>
      <file name="LanguageSelector.js" path="/Users/didactor/Documents/skylab/bootcamp/collab/skylab-bootcamp-201904/staff/groups/aldi/siempre-tarde/src/componets/LanguageSelector.js">
        <metrics statements="2" coveredstatements="0" conditionals="0" coveredconditionals="0" methods="2" coveredmethods="0"/>
        <line num="5" count="0" type="stmt"/>
        <line num="6" count="0" type="stmt"/>
      </file>
    </package>
    <package name="src.componets.CodeSearch">
      <metrics statements="12" coveredstatements="0" conditionals="4" coveredconditionals="0" methods="11" coveredmethods="0"/>
      <file name="index.js" path="/Users/didactor/Documents/skylab/bootcamp/collab/skylab-bootcamp-201904/staff/groups/aldi/siempre-tarde/src/componets/CodeSearch/index.js">
        <metrics statements="12" coveredstatements="0" conditionals="4" coveredconditionals="0" methods="11" coveredmethods="0"/>
        <line num="12" count="0" type="stmt"/>
        <line num="15" count="0" type="stmt"/>
        <line num="16" count="0" type="stmt"/>
        <line num="19" count="0" type="stmt"/>
        <line num="23" count="0" type="stmt"/>
        <line num="24" count="0" type="stmt"/>
        <line num="25" count="0" type="stmt"/>
        <line num="33" count="0" type="stmt"/>
        <line num="35" count="0" type="stmt"/>
        <line num="37" count="0" type="stmt"/>
        <line num="39" count="0" type="cond" truecount="0" falsecount="2"/>
        <line num="40" count="0" type="cond" truecount="0" falsecount="2"/>
      </file>
      <file name="literals.js" path="/Users/didactor/Documents/skylab/bootcamp/collab/skylab-bootcamp-201904/staff/groups/aldi/siempre-tarde/src/componets/CodeSearch/literals.js">
        <metrics statements="0" coveredstatements="0" conditionals="0" coveredconditionals="0" methods="0" coveredmethods="0"/>
      </file>
    </package>
    <package name="src.componets.Favorites">
      <metrics statements="5" coveredstatements="0" conditionals="0" coveredconditionals="0" methods="4" coveredmethods="0"/>
      <file name="index.js" path="/Users/didactor/Documents/skylab/bootcamp/collab/skylab-bootcamp-201904/staff/groups/aldi/siempre-tarde/src/componets/Favorites/index.js">
        <metrics statements="5" coveredstatements="0" conditionals="0" coveredconditionals="0" methods="4" coveredmethods="0"/>
        <line num="9" count="0" type="stmt"/>
        <line num="11" count="0" type="stmt"/>
        <line num="18" count="0" type="stmt"/>
        <line num="23" count="0" type="stmt"/>
        <line num="24" count="0" type="stmt"/>
      </file>
      <file name="literals.js" path="/Users/didactor/Documents/skylab/bootcamp/collab/skylab-bootcamp-201904/staff/groups/aldi/siempre-tarde/src/componets/Favorites/literals.js">
        <metrics statements="0" coveredstatements="0" conditionals="0" coveredconditionals="0" methods="0" coveredmethods="0"/>
      </file>
    </package>
    <package name="src.componets.Home">
      <metrics statements="6" coveredstatements="0" conditionals="0" coveredconditionals="0" methods="5" coveredmethods="0"/>
      <file name="index.js" path="/Users/didactor/Documents/skylab/bootcamp/collab/skylab-bootcamp-201904/staff/groups/aldi/siempre-tarde/src/componets/Home/index.js">
        <metrics statements="6" coveredstatements="0" conditionals="0" coveredconditionals="0" methods="5" coveredmethods="0"/>
        <line num="7" count="0" type="stmt"/>
        <line num="9" count="0" type="stmt"/>
        <line num="20" count="0" type="stmt"/>
        <line num="22" count="0" type="stmt"/>
        <line num="24" count="0" type="stmt"/>
        <line num="26" count="0" type="stmt"/>
      </file>
      <file name="literals.js" path="/Users/didactor/Documents/skylab/bootcamp/collab/skylab-bootcamp-201904/staff/groups/aldi/siempre-tarde/src/componets/Home/literals.js">
        <metrics statements="0" coveredstatements="0" conditionals="0" coveredconditionals="0" methods="0" coveredmethods="0"/>
      </file>
    </package>
    <package name="src.componets.Landing">
      <metrics statements="4" coveredstatements="0" conditionals="0" coveredconditionals="0" methods="3" coveredmethods="0"/>
      <file name="index.js" path="/Users/didactor/Documents/skylab/bootcamp/collab/skylab-bootcamp-201904/staff/groups/aldi/siempre-tarde/src/componets/Landing/index.js">
        <metrics statements="4" coveredstatements="0" conditionals="0" coveredconditionals="0" methods="3" coveredmethods="0"/>
        <line num="7" count="0" type="stmt"/>
        <line num="9" count="0" type="stmt"/>
        <line num="17" count="0" type="stmt"/>
        <line num="18" count="0" type="stmt"/>
      </file>
      <file name="literals.js" path="/Users/didactor/Documents/skylab/bootcamp/collab/skylab-bootcamp-201904/staff/groups/aldi/siempre-tarde/src/componets/Landing/literals.js">
        <metrics statements="0" coveredstatements="0" conditionals="0" coveredconditionals="0" methods="0" coveredmethods="0"/>
      </file>
    </package>
    <package name="src.componets.LineSearch">
      <metrics statements="21" coveredstatements="0" conditionals="8" coveredconditionals="0" methods="21" coveredmethods="0"/>
      <file name="index.js" path="/Users/didactor/Documents/skylab/bootcamp/collab/skylab-bootcamp-201904/staff/groups/aldi/siempre-tarde/src/componets/LineSearch/index.js">
        <metrics statements="21" coveredstatements="0" conditionals="8" coveredconditionals="0" methods="21" coveredmethods="0"/>
        <line num="14" count="0" type="stmt"/>
        <line num="15" count="0" type="stmt"/>
        <line num="17" count="0" type="stmt"/>
        <line num="20" count="0" type="stmt"/>
        <line num="25" count="0" type="stmt"/>
        <line num="27" count="0" type="stmt"/>
        <line num="30" count="0" type="stmt"/>
        <line num="35" count="0" type="stmt"/>
        <line num="37" count="0" type="stmt"/>
        <line num="39" count="0" type="stmt"/>
        <line num="44" count="0" type="stmt"/>
        <line num="48" count="0" type="stmt"/>
        <line num="49" count="0" type="stmt"/>
        <line num="50" count="0" type="stmt"/>
        <line num="60" count="0" type="stmt"/>
        <line num="62" count="0" type="stmt"/>
        <line num="64" count="0" type="stmt"/>
        <line num="66" count="0" type="cond" truecount="0" falsecount="2"/>
        <line num="67" count="0" type="cond" truecount="0" falsecount="2"/>
        <line num="68" count="0" type="cond" truecount="0" falsecount="2"/>
        <line num="69" count="0" type="cond" truecount="0" falsecount="2"/>
      </file>
      <file name="literals.js" path="/Users/didactor/Documents/skylab/bootcamp/collab/skylab-bootcamp-201904/staff/groups/aldi/siempre-tarde/src/componets/LineSearch/literals.js">
        <metrics statements="0" coveredstatements="0" conditionals="0" coveredconditionals="0" methods="0" coveredmethods="0"/>
      </file>
    </package>
    <package name="src.componets.Login">
      <metrics statements="5" coveredstatements="0" conditionals="0" coveredconditionals="0" methods="2" coveredmethods="0"/>
      <file name="index.js" path="/Users/didactor/Documents/skylab/bootcamp/collab/skylab-bootcamp-201904/staff/groups/aldi/siempre-tarde/src/componets/Login/index.js">
        <metrics statements="5" coveredstatements="0" conditionals="0" coveredconditionals="0" methods="2" coveredmethods="0"/>
        <line num="8" count="0" type="stmt"/>
        <line num="11" count="0" type="stmt"/>
        <line num="16" count="0" type="stmt"/>
        <line num="18" count="0" type="stmt"/>
        <line num="22" count="0" type="stmt"/>
      </file>
      <file name="literals.js" path="/Users/didactor/Documents/skylab/bootcamp/collab/skylab-bootcamp-201904/staff/groups/aldi/siempre-tarde/src/componets/Login/literals.js">
        <metrics statements="0" coveredstatements="0" conditionals="0" coveredconditionals="0" methods="0" coveredmethods="0"/>
      </file>
    </package>
    <package name="src.componets.Register">
      <metrics statements="5" coveredstatements="0" conditionals="0" coveredconditionals="0" methods="2" coveredmethods="0"/>
      <file name="index.js" path="/Users/didactor/Documents/skylab/bootcamp/collab/skylab-bootcamp-201904/staff/groups/aldi/siempre-tarde/src/componets/Register/index.js">
        <metrics statements="5" coveredstatements="0" conditionals="0" coveredconditionals="0" methods="2" coveredmethods="0"/>
        <line num="8" count="0" type="stmt"/>
        <line num="11" count="0" type="stmt"/>
        <line num="19" count="0" type="stmt"/>
        <line num="21" count="0" type="stmt"/>
        <line num="25" count="0" type="stmt"/>
      </file>
      <file name="literals.js" path="/Users/didactor/Documents/skylab/bootcamp/collab/skylab-bootcamp-201904/staff/groups/aldi/siempre-tarde/src/componets/Register/literals.js">
        <metrics statements="0" coveredstatements="0" conditionals="0" coveredconditionals="0" methods="0" coveredmethods="0"/>
      </file>
    </package>
    <package name="src.componets.Results">
      <metrics statements="6" coveredstatements="0" conditionals="2" coveredconditionals="0" methods="4" coveredmethods="0"/>
      <file name="index.js" path="/Users/didactor/Documents/skylab/bootcamp/collab/skylab-bootcamp-201904/staff/groups/aldi/siempre-tarde/src/componets/Results/index.js">
        <metrics statements="6" coveredstatements="0" conditionals="2" coveredconditionals="0" methods="4" coveredmethods="0"/>
        <line num="9" count="0" type="stmt"/>
        <line num="10" count="0" type="stmt"/>
        <line num="12" count="0" type="stmt"/>
        <line num="15" count="0" type="cond" truecount="0" falsecount="2"/>
        <line num="20" count="0" type="stmt"/>
        <line num="23" count="0" type="stmt"/>
      </file>
      <file name="literals.js" path="/Users/didactor/Documents/skylab/bootcamp/collab/skylab-bootcamp-201904/staff/groups/aldi/siempre-tarde/src/componets/Results/literals.js">
        <metrics statements="0" coveredstatements="0" conditionals="0" coveredconditionals="0" methods="0" coveredmethods="0"/>
      </file>
    </package>
    <package name="src.componets.ResultsFav">
      <metrics statements="4" coveredstatements="0" conditionals="0" coveredconditionals="0" methods="2" coveredmethods="0"/>
      <file name="index.js" path="/Users/didactor/Documents/skylab/bootcamp/collab/skylab-bootcamp-201904/staff/groups/aldi/siempre-tarde/src/componets/ResultsFav/index.js">
        <metrics statements="4" coveredstatements="0" conditionals="0" coveredconditionals="0" methods="2" coveredmethods="0"/>
        <line num="9" count="0" type="stmt"/>
        <line num="12" count="0" type="stmt"/>
        <line num="19" count="0" type="stmt"/>
        <line num="22" count="0" type="stmt"/>
      </file>
      <file name="literals.js" path="/Users/didactor/Documents/skylab/bootcamp/collab/skylab-bootcamp-201904/staff/groups/aldi/siempre-tarde/src/componets/ResultsFav/literals.js">
        <metrics statements="0" coveredstatements="0" conditionals="0" coveredconditionals="0" methods="0" coveredmethods="0"/>
      </file>
    </package>
    <package name="src.componets.ResultsLine">
      <metrics statements="6" coveredstatements="0" conditionals="2" coveredconditionals="0" methods="4" coveredmethods="0"/>
      <file name="index.js" path="/Users/didactor/Documents/skylab/bootcamp/collab/skylab-bootcamp-201904/staff/groups/aldi/siempre-tarde/src/componets/ResultsLine/index.js">
        <metrics statements="6" coveredstatements="0" conditionals="2" coveredconditionals="0" methods="4" coveredmethods="0"/>
        <line num="8" count="0" type="stmt"/>
        <line num="9" count="0" type="stmt"/>
        <line num="10" count="0" type="stmt"/>
        <line num="13" count="0" type="cond" truecount="0" falsecount="2"/>
        <line num="18" count="0" type="stmt"/>
        <line num="21" count="0" type="stmt"/>
      </file>
      <file name="literals.js" path="/Users/didactor/Documents/skylab/bootcamp/collab/skylab-bootcamp-201904/staff/groups/aldi/siempre-tarde/src/componets/ResultsLine/literals.js">
        <metrics statements="0" coveredstatements="0" conditionals="0" coveredconditionals="0" methods="0" coveredmethods="0"/>
      </file>
    </package>
    <package name="src.componets.StopCode">
      <metrics statements="6" coveredstatements="0" conditionals="0" coveredconditionals="0" methods="2" coveredmethods="0"/>
      <file name="index.js" path="/Users/didactor/Documents/skylab/bootcamp/collab/skylab-bootcamp-201904/staff/groups/aldi/siempre-tarde/src/componets/StopCode/index.js">
        <metrics statements="6" coveredstatements="0" conditionals="0" coveredconditionals="0" methods="2" coveredmethods="0"/>
        <line num="8" count="0" type="stmt"/>
        <line num="11" count="0" type="stmt"/>
        <line num="15" count="0" type="stmt"/>
        <line num="16" count="0" type="stmt"/>
        <line num="18" count="0" type="stmt"/>
        <line num="24" count="0" type="stmt"/>
      </file>
      <file name="literals.js" path="/Users/didactor/Documents/skylab/bootcamp/collab/skylab-bootcamp-201904/staff/groups/aldi/siempre-tarde/src/componets/StopCode/literals.js">
        <metrics statements="0" coveredstatements="0" conditionals="0" coveredconditionals="0" methods="0" coveredmethods="0"/>
      </file>
    </package>
    <package name="src.componets.StopLine">
      <metrics statements="12" coveredstatements="0" conditionals="6" coveredconditionals="0" methods="5" coveredmethods="0"/>
      <file name="index.js" path="/Users/didactor/Documents/skylab/bootcamp/collab/skylab-bootcamp-201904/staff/groups/aldi/siempre-tarde/src/componets/StopLine/index.js">
        <metrics statements="12" coveredstatements="0" conditionals="6" coveredconditionals="0" methods="5" coveredmethods="0"/>
        <line num="8" count="0" type="stmt"/>
        <line num="11" count="0" type="stmt"/>
        <line num="12" count="0" type="cond" truecount="0" falsecount="2"/>
        <line num="13" count="0" type="stmt"/>
        <line num="14" count="0" type="stmt"/>
        <line num="16" count="0" type="stmt"/>
        <line num="17" count="0" type="cond" truecount="0" falsecount="4"/>
        <line num="18" count="0" type="stmt"/>
        <line num="21" count="0" type="stmt"/>
        <line num="23" count="0" type="stmt"/>
        <line num="29" count="0" type="stmt"/>
        <line num="34" count="0" type="stmt"/>
      </file>
      <file name="literals.js" path="/Users/didactor/Documents/skylab/bootcamp/collab/skylab-bootcamp-201904/staff/groups/aldi/siempre-tarde/src/componets/StopLine/literals.js">
        <metrics statements="0" coveredstatements="0" conditionals="0" coveredconditionals="0" methods="0" coveredmethods="0"/>
      </file>
    </package>
    <package name="src.componets.StopLine2">
      <metrics statements="4" coveredstatements="0" conditionals="0" coveredconditionals="0" methods="3" coveredmethods="0"/>
      <file name="index.js" path="/Users/didactor/Documents/skylab/bootcamp/collab/skylab-bootcamp-201904/staff/groups/aldi/siempre-tarde/src/componets/StopLine2/index.js">
        <metrics statements="4" coveredstatements="0" conditionals="0" coveredconditionals="0" methods="3" coveredmethods="0"/>
        <line num="8" count="0" type="stmt"/>
        <line num="10" count="0" type="stmt"/>
        <line num="16" count="0" type="stmt"/>
        <line num="21" count="0" type="stmt"/>
      </file>
      <file name="literals.js" path="/Users/didactor/Documents/skylab/bootcamp/collab/skylab-bootcamp-201904/staff/groups/aldi/siempre-tarde/src/componets/StopLine2/literals.js">
        <metrics statements="0" coveredstatements="0" conditionals="0" coveredconditionals="0" methods="0" coveredmethods="0"/>
      </file>
    </package>
    <package name="src.componets.StopLine3">
      <metrics statements="12" coveredstatements="0" conditionals="6" coveredconditionals="0" methods="5" coveredmethods="0"/>
      <file name="index.js" path="/Users/didactor/Documents/skylab/bootcamp/collab/skylab-bootcamp-201904/staff/groups/aldi/siempre-tarde/src/componets/StopLine3/index.js">
        <metrics statements="12" coveredstatements="0" conditionals="6" coveredconditionals="0" methods="5" coveredmethods="0"/>
        <line num="8" count="0" type="stmt"/>
        <line num="11" count="0" type="stmt"/>
        <line num="12" count="0" type="cond" truecount="0" falsecount="2"/>
        <line num="13" count="0" type="stmt"/>
        <line num="14" count="0" type="stmt"/>
        <line num="16" count="0" type="stmt"/>
        <line num="17" count="0" type="cond" truecount="0" falsecount="4"/>
        <line num="18" count="0" type="stmt"/>
        <line num="22" count="0" type="stmt"/>
        <line num="24" count="0" type="stmt"/>
        <line num="30" count="0" type="stmt"/>
        <line num="35" count="0" type="stmt"/>
      </file>
      <file name="literals.js" path="/Users/didactor/Documents/skylab/bootcamp/collab/skylab-bootcamp-201904/staff/groups/aldi/siempre-tarde/src/componets/StopLine3/literals.js">
        <metrics statements="0" coveredstatements="0" conditionals="0" coveredconditionals="0" methods="0" coveredmethods="0"/>
      </file>
    </package>
    <package name="src.data.ibus-api">
      <metrics statements="21" coveredstatements="17" conditionals="16" coveredconditionals="8" methods="6" coveredmethods="6"/>
      <file name="index.js" path="/Users/didactor/Documents/skylab/bootcamp/collab/skylab-bootcamp-201904/staff/groups/aldi/siempre-tarde/src/data/ibus-api/index.js">
        <metrics statements="21" coveredstatements="17" conditionals="16" coveredconditionals="8" methods="6" coveredmethods="6"/>
        <line num="5" count="2" type="stmt"/>
        <line num="13" count="6" type="stmt"/>
        <line num="17" count="5" type="stmt"/>
        <line num="21" count="3" type="cond" truecount="2" falsecount="0"/>
        <line num="22" count="2" type="stmt"/>
        <line num="24" count="1" type="cond" truecount="1" falsecount="1"/>
        <line num="25" count="0" type="cond" truecount="0" falsecount="2"/>
        <line num="28" count="2" type="stmt"/>
        <line num="29" count="2" type="cond" truecount="1" falsecount="1"/>
        <line num="30" count="0" type="stmt"/>
        <line num="31" count="2" type="stmt"/>
        <line num="37" count="8" type="stmt"/>
        <line num="42" count="6" type="stmt"/>
        <line num="46" count="4" type="cond" truecount="2" falsecount="0"/>
        <line num="47" count="2" type="stmt"/>
        <line num="49" count="2" type="cond" truecount="1" falsecount="1"/>
        <line num="50" count="0" type="cond" truecount="0" falsecount="2"/>
        <line num="54" count="2" type="stmt"/>
        <line num="55" count="2" type="cond" truecount="1" falsecount="1"/>
        <line num="56" count="0" type="stmt"/>
        <line num="57" count="2" type="stmt"/>
      </file>
    </package>
    <package name="src.data.transit-api">
      <metrics statements="40" coveredstatements="32" conditionals="36" coveredconditionals="15" methods="12" coveredmethods="12"/>
      <file name="index.js" path="/Users/didactor/Documents/skylab/bootcamp/collab/skylab-bootcamp-201904/staff/groups/aldi/siempre-tarde/src/data/transit-api/index.js">
        <metrics statements="40" coveredstatements="32" conditionals="36" coveredconditionals="15" methods="12" coveredmethods="12"/>
        <line num="6" count="2" type="stmt"/>
        <line num="17" count="9" type="stmt"/>
        <line num="22" count="9" type="cond" truecount="2" falsecount="0"/>
        <line num="23" count="9" type="stmt"/>
        <line num="27" count="9" type="cond" truecount="1" falsecount="1"/>
        <line num="28" count="9" type="stmt"/>
        <line num="30" count="0" type="cond" truecount="0" falsecount="2"/>
        <line num="31" count="0" type="cond" truecount="0" falsecount="2"/>
        <line num="34" count="9" type="cond" truecount="2" falsecount="0"/>
        <line num="35" count="1" type="stmt"/>
        <line num="36" count="8" type="stmt"/>
        <line num="43" count="4" type="stmt"/>
        <line num="47" count="3" type="stmt"/>
        <line num="51" count="3" type="cond" truecount="1" falsecount="1"/>
        <line num="52" count="3" type="stmt"/>
        <line num="54" count="0" type="cond" truecount="0" falsecount="2"/>
        <line num="55" count="0" type="cond" truecount="0" falsecount="2"/>
        <line num="58" count="3" type="cond" truecount="2" falsecount="0"/>
        <line num="59" count="1" type="stmt"/>
        <line num="60" count="2" type="stmt"/>
        <line num="67" count="4" type="stmt"/>
        <line num="71" count="3" type="stmt"/>
        <line num="72" count="3" type="cond" truecount="1" falsecount="1"/>
        <line num="73" count="3" type="stmt"/>
        <line num="77" count="3" type="cond" truecount="1" falsecount="1"/>
        <line num="78" count="3" type="stmt"/>
        <line num="80" count="0" type="cond" truecount="0" falsecount="2"/>
        <line num="81" count="0" type="cond" truecount="0" falsecount="2"/>
        <line num="84" count="3" type="cond" truecount="2" falsecount="0"/>
        <line num="85" count="1" type="stmt"/>
        <line num="86" count="2" type="stmt"/>
        <line num="92" count="9" type="stmt"/>
        <line num="96" count="8" type="stmt"/>
        <line num="100" count="8" type="cond" truecount="1" falsecount="1"/>
        <line num="101" count="8" type="stmt"/>
        <line num="103" count="0" type="cond" truecount="0" falsecount="2"/>
        <line num="104" count="0" type="cond" truecount="0" falsecount="2"/>
        <line num="107" count="8" type="cond" truecount="2" falsecount="0"/>
        <line num="108" count="1" type="stmt"/>
        <line num="109" count="7" type="stmt"/>
      </file>
    </package>
    <package name="src.data.user-api">
      <metrics statements="13" coveredstatements="13" conditionals="0" coveredconditionals="0" methods="8" coveredmethods="8"/>
      <file name="index.js" path="/Users/didactor/Documents/skylab/bootcamp/collab/skylab-bootcamp-201904/staff/groups/aldi/siempre-tarde/src/data/user-api/index.js">
        <metrics statements="13" coveredstatements="13" conditionals="0" coveredconditionals="0" methods="8" coveredmethods="8"/>
        <line num="4" count="2" type="stmt"/>
        <line num="9" count="35" type="stmt"/>
        <line num="15" count="30" type="stmt"/>
        <line num="21" count="28" type="stmt"/>
        <line num="25" count="22" type="stmt"/>
        <line num="30" count="16" type="stmt"/>
        <line num="36" count="16" type="stmt"/>
        <line num="40" count="19" type="stmt"/>
        <line num="45" count="13" type="stmt"/>
        <line num="49" count="13" type="stmt"/>
        <line num="53" count="6" type="stmt"/>
        <line num="59" count="6" type="stmt"/>
        <line num="68" count="6" type="stmt"/>
      </file>
    </package>
    <package name="src.logic">
      <metrics statements="125" coveredstatements="121" conditionals="34" coveredconditionals="27" methods="49" coveredmethods="48"/>
      <file name="index.js" path="/Users/didactor/Documents/skylab/bootcamp/collab/skylab-bootcamp-201904/staff/groups/aldi/siempre-tarde/src/logic/index.js">
        <metrics statements="125" coveredstatements="121" conditionals="34" coveredconditionals="27" methods="49" coveredmethods="48"/>
        <line num="10" count="1" type="stmt"/>
        <line num="13" count="28" type="stmt"/>
        <line num="17" count="12" type="stmt"/>
        <line num="21" count="27" type="stmt"/>
        <line num="25" count="11" type="stmt"/>
        <line num="29" count="1" type="cond" truecount="2" falsecount="0"/>
        <line num="34" count="13" type="stmt"/>
        <line num="42" count="4" type="stmt"/>
        <line num="44" count="3" type="cond" truecount="1" falsecount="1"/>
        <line num="46" count="3" type="stmt"/>
        <line num="48" count="3" type="cond" truecount="2" falsecount="0"/>
        <line num="50" count="1" type="stmt"/>
        <line num="55" count="2" type="stmt"/>
        <line num="60" count="2" type="stmt"/>
        <line num="62" count="2" type="stmt"/>
        <line num="64" count="2" type="cond" truecount="2" falsecount="0"/>
        <line num="65" count="1" type="stmt"/>
        <line num="67" count="1" type="stmt"/>
        <line num="68" count="1" type="stmt"/>
        <line num="69" count="1" type="stmt"/>
        <line num="74" count="2" type="stmt"/>
        <line num="76" count="2" type="cond" truecount="2" falsecount="0"/>
        <line num="77" count="1" type="stmt"/>
        <line num="79" count="1" type="stmt"/>
        <line num="80" count="1" type="stmt"/>
        <line num="85" count="0" type="stmt"/>
        <line num="91" count="4" type="stmt"/>
        <line num="95" count="3" type="stmt"/>
        <line num="97" count="3" type="stmt"/>
        <line num="99" count="3" type="cond" truecount="1" falsecount="1"/>
        <line num="100" count="3" type="cond" truecount="1" falsecount="0"/>
        <line num="102" count="3" type="stmt"/>
        <line num="104" count="3" type="cond" truecount="2" falsecount="0"/>
        <line num="105" count="1" type="stmt"/>
        <line num="107" count="3" type="stmt"/>
        <line num="111" count="0" type="stmt"/>
        <line num="119" count="1" type="stmt"/>
        <line num="120" count="1" type="stmt"/>
        <line num="123" count="1" type="stmt"/>
        <line num="125" count="1" type="cond" truecount="1" falsecount="1"/>
        <line num="126" count="1" type="cond" truecount="0" falsecount="1"/>
        <line num="128" count="1" type="cond" truecount="1" falsecount="1"/>
        <line num="129" count="4" type="stmt"/>
        <line num="131" count="1" type="stmt"/>
        <line num="132" count="4" type="stmt"/>
        <line num="135" count="0" type="stmt"/>
        <line num="138" count="0" type="stmt"/>
        <line num="145" count="3" type="stmt"/>
        <line num="149" count="2" type="stmt"/>
        <line num="151" count="2" type="stmt"/>
        <line num="153" count="2" type="stmt"/>
        <line num="162" count="105" type="stmt"/>
        <line num="170" count="3" type="stmt"/>
        <line num="174" count="1" type="stmt"/>
        <line num="176" count="1" type="stmt"/>
        <line num="178" count="1" type="stmt"/>
        <line num="183" count="2" type="stmt"/>
        <line num="191" count="5" type="stmt"/>
        <line num="196" count="2" type="cond" truecount="4" falsecount="0"/>
        <line num="199" count="1" type="stmt"/>
        <line num="201" count="1" type="stmt"/>
        <line num="203" count="1" type="stmt"/>
        <line num="205" count="1" type="stmt"/>
        <line num="211" count="32" type="stmt"/>
        <line num="212" count="32" type="cond" truecount="2" falsecount="0"/>
        <line num="213" count="21" type="stmt"/>
        <line num="218" count="1" type="stmt"/>
        <line num="224" count="1" type="stmt"/>
        <line num="228" count="1" type="stmt"/>
        <line num="229" count="1" type="stmt"/>
        <line num="231" count="1" type="stmt"/>
        <line num="233" count="1" type="stmt"/>
        <line num="234" count="1" type="stmt"/>
        <line num="236" count="1" type="stmt"/>
        <line num="240" count="1" type="stmt"/>
        <line num="242" count="1" type="cond" truecount="1" falsecount="1"/>
        <line num="244" count="1" type="stmt"/>
        <line num="246" count="3" type="stmt"/>
        <line num="248" count="3" type="stmt"/>
        <line num="250" count="3" type="stmt"/>
        <line num="253" count="1" type="stmt"/>
        <line num="254" count="1" type="stmt"/>
        <line num="255" count="3" type="stmt"/>
        <line num="264" count="312" type="stmt"/>
        <line num="270" count="1" type="stmt"/>
        <line num="271" count="1" type="stmt"/>
        <line num="272" count="3" type="stmt"/>
        <line num="273" count="3" type="stmt"/>
        <line num="274" count="3" type="stmt"/>
        <line num="275" count="3" type="stmt"/>
        <line num="276" count="3" type="stmt"/>
        <line num="277" count="3" type="stmt"/>
        <line num="278" count="3" type="stmt"/>
        <line num="280" count="3" type="cond" truecount="2" falsecount="0"/>
        <line num="281" count="279" type="cond" truecount="2" falsecount="0"/>
        <line num="282" count="3" type="stmt"/>
        <line num="283" count="3" type="stmt"/>
        <line num="284" count="3" type="stmt"/>
        <line num="285" count="3" type="stmt"/>
        <line num="286" count="3" type="stmt"/>
        <line num="287" count="3" type="stmt"/>
        <line num="289" count="276" type="stmt"/>
        <line num="291" count="3" type="stmt"/>
        <line num="306" count="1" type="stmt"/>
        <line num="314" count="1" type="stmt"/>
        <line num="319" count="1" type="stmt"/>
        <line num="321" count="1" type="stmt"/>
        <line num="323" count="1" type="stmt"/>
        <line num="326" count="1" type="stmt"/>
        <line num="328" count="1" type="cond" truecount="1" falsecount="1"/>
        <line num="330" count="1" type="stmt"/>
        <line num="332" count="1" type="stmt"/>
        <line num="335" count="1" type="stmt"/>
        <line num="337" count="1" type="stmt"/>
        <line num="340" count="1" type="stmt"/>
        <line num="342" count="1" type="stmt"/>
        <line num="343" count="1" type="stmt"/>
        <line num="351" count="1" type="stmt"/>
        <line num="357" count="1" type="stmt"/>
        <line num="358" count="1" type="stmt"/>
        <line num="371" count="1" type="stmt"/>
        <line num="375" count="1" type="stmt"/>
        <line num="377" count="1" type="stmt"/>
        <line num="379" count="1" type="stmt"/>
        <line num="392" count="1" type="stmt"/>
      </file>
    </package>
  </project>
</coverage>
