{"/Users/didactor/Documents/skylab/bootcamp/collab/skylab-bootcamp-201904/staff/groups/aldi/siempre-tarde/src/index.js": {"path":"/Users/didactor/Documents/skylab/bootcamp/collab/skylab-bootcamp-201904/staff/groups/aldi/siempre-tarde/src/index.js","statementMap":{"0":{"start":{"line":11,"column":0},"end":{"line":11,"column":48}},"1":{"start":{"line":12,"column":0},"end":{"line":12,"column":50}},"2":{"start":{"line":14,"column":0},"end":{"line":14,"column":45}},"3":{"start":{"line":15,"column":0},"end":{"line":15,"column":47}},"4":{"start":{"line":17,"column":0},"end":{"line":17,"column":75}},"5":{"start":{"line":22,"column":0},"end":{"line":22,"column":27}},"6":{"start":{"line":25,"column":0},"end":{"line":27,"column":1}},"7":{"start":{"line":26,"column":4},"end":{"line":26,"column":24}}},"fnMap":{},"branchMap":{"0":{"loc":{"start":{"line":25,"column":0},"end":{"line":27,"column":1}},"type":"if","locations":[{"start":{"line":25,"column":0},"end":{"line":27,"column":1}},{"start":{"line":25,"column":0},"end":{"line":27,"column":1}}],"line":25}},"s":{"0":0,"1":0,"2":0,"3":0,"4":0,"5":0,"6":0,"7":0},"f":{},"b":{"0":[0,0]},"hash":"e50935da30317e94de42e5c94038c51672114359"}
,"/Users/didactor/Documents/skylab/bootcamp/collab/skylab-bootcamp-201904/staff/groups/aldi/siempre-tarde/src/serviceWorker.js": {"path":"/Users/didactor/Documents/skylab/bootcamp/collab/skylab-bootcamp-201904/staff/groups/aldi/siempre-tarde/src/serviceWorker.js","statementMap":{"0":{"start":{"line":13,"column":20},"end":{"line":21,"column":1}},"1":{"start":{"line":24,"column":2},"end":{"line":54,"column":3}},"2":{"start":{"line":26,"column":22},"end":{"line":26,"column":75}},"3":{"start":{"line":27,"column":4},"end":{"line":32,"column":5}},"4":{"start":{"line":31,"column":6},"end":{"line":31,"column":13}},"5":{"start":{"line":34,"column":4},"end":{"line":53,"column":7}},"6":{"start":{"line":35,"column":20},"end":{"line":35,"column":65}},"7":{"start":{"line":37,"column":6},"end":{"line":52,"column":7}},"8":{"start":{"line":39,"column":8},"end":{"line":39,"column":47}},"9":{"start":{"line":43,"column":8},"end":{"line":48,"column":11}},"10":{"start":{"line":44,"column":10},"end":{"line":47,"column":12}},"11":{"start":{"line":51,"column":8},"end":{"line":51,"column":39}},"12":{"start":{"line":58,"column":2},"end":{"line":98,"column":7}},"13":{"start":{"line":61,"column":6},"end":{"line":94,"column":8}},"14":{"start":{"line":62,"column":33},"end":{"line":62,"column":56}},"15":{"start":{"line":63,"column":8},"end":{"line":65,"column":9}},"16":{"start":{"line":64,"column":10},"end":{"line":64,"column":17}},"17":{"start":{"line":66,"column":8},"end":{"line":93,"column":10}},"18":{"start":{"line":67,"column":10},"end":{"line":92,"column":11}},"19":{"start":{"line":68,"column":12},"end":{"line":91,"column":13}},"20":{"start":{"line":72,"column":14},"end":{"line":75,"column":16}},"21":{"start":{"line":78,"column":14},"end":{"line":80,"column":15}},"22":{"start":{"line":79,"column":16},"end":{"line":79,"column":46}},"23":{"start":{"line":85,"column":14},"end":{"line":85,"column":64}},"24":{"start":{"line":88,"column":14},"end":{"line":90,"column":15}},"25":{"start":{"line":89,"column":16},"end":{"line":89,"column":47}},"26":{"start":{"line":97,"column":6},"end":{"line":97,"column":72}},"27":{"start":{"line":103,"column":2},"end":{"line":126,"column":7}},"28":{"start":{"line":106,"column":26},"end":{"line":106,"column":62}},"29":{"start":{"line":107,"column":6},"end":{"line":120,"column":7}},"30":{"start":{"line":112,"column":8},"end":{"line":116,"column":11}},"31":{"start":{"line":113,"column":10},"end":{"line":115,"column":13}},"32":{"start":{"line":114,"column":12},"end":{"line":114,"column":37}},"33":{"start":{"line":119,"column":8},"end":{"line":119,"column":39}},"34":{"start":{"line":123,"column":6},"end":{"line":125,"column":8}},"35":{"start":{"line":130,"column":2},"end":{"line":134,"column":3}},"36":{"start":{"line":131,"column":4},"end":{"line":133,"column":7}},"37":{"start":{"line":132,"column":6},"end":{"line":132,"column":32}}},"fnMap":{"0":{"name":"register","decl":{"start":{"line":23,"column":16},"end":{"line":23,"column":24}},"loc":{"start":{"line":23,"column":33},"end":{"line":55,"column":1}},"line":23},"1":{"name":"(anonymous_1)","decl":{"start":{"line":34,"column":36},"end":{"line":34,"column":37}},"loc":{"start":{"line":34,"column":42},"end":{"line":53,"column":5}},"line":34},"2":{"name":"(anonymous_2)","decl":{"start":{"line":43,"column":43},"end":{"line":43,"column":44}},"loc":{"start":{"line":43,"column":49},"end":{"line":48,"column":9}},"line":43},"3":{"name":"registerValidSW","decl":{"start":{"line":57,"column":9},"end":{"line":57,"column":24}},"loc":{"start":{"line":57,"column":40},"end":{"line":99,"column":1}},"line":57},"4":{"name":"(anonymous_4)","decl":{"start":{"line":60,"column":10},"end":{"line":60,"column":11}},"loc":{"start":{"line":60,"column":26},"end":{"line":95,"column":5}},"line":60},"5":{"name":"(anonymous_5)","decl":{"start":{"line":61,"column":35},"end":{"line":61,"column":36}},"loc":{"start":{"line":61,"column":41},"end":{"line":94,"column":7}},"line":61},"6":{"name":"(anonymous_6)","decl":{"start":{"line":66,"column":41},"end":{"line":66,"column":42}},"loc":{"start":{"line":66,"column":47},"end":{"line":93,"column":9}},"line":66},"7":{"name":"(anonymous_7)","decl":{"start":{"line":96,"column":11},"end":{"line":96,"column":12}},"loc":{"start":{"line":96,"column":20},"end":{"line":98,"column":5}},"line":96},"8":{"name":"checkValidServiceWorker","decl":{"start":{"line":101,"column":9},"end":{"line":101,"column":32}},"loc":{"start":{"line":101,"column":48},"end":{"line":127,"column":1}},"line":101},"9":{"name":"(anonymous_9)","decl":{"start":{"line":104,"column":10},"end":{"line":104,"column":11}},"loc":{"start":{"line":104,"column":22},"end":{"line":121,"column":5}},"line":104},"10":{"name":"(anonymous_10)","decl":{"start":{"line":112,"column":43},"end":{"line":112,"column":44}},"loc":{"start":{"line":112,"column":59},"end":{"line":116,"column":9}},"line":112},"11":{"name":"(anonymous_11)","decl":{"start":{"line":113,"column":41},"end":{"line":113,"column":42}},"loc":{"start":{"line":113,"column":47},"end":{"line":115,"column":11}},"line":113},"12":{"name":"(anonymous_12)","decl":{"start":{"line":122,"column":11},"end":{"line":122,"column":12}},"loc":{"start":{"line":122,"column":17},"end":{"line":126,"column":5}},"line":122},"13":{"name":"unregister","decl":{"start":{"line":129,"column":16},"end":{"line":129,"column":26}},"loc":{"start":{"line":129,"column":29},"end":{"line":135,"column":1}},"line":129},"14":{"name":"(anonymous_14)","decl":{"start":{"line":131,"column":39},"end":{"line":131,"column":40}},"loc":{"start":{"line":131,"column":55},"end":{"line":133,"column":5}},"line":131}},"branchMap":{"0":{"loc":{"start":{"line":14,"column":2},"end":{"line":20,"column":5}},"type":"binary-expr","locations":[{"start":{"line":14,"column":2},"end":{"line":14,"column":42}},{"start":{"line":16,"column":4},"end":{"line":16,"column":40}},{"start":{"line":18,"column":4},"end":{"line":20,"column":5}}],"line":14},"1":{"loc":{"start":{"line":24,"column":2},"end":{"line":54,"column":3}},"type":"if","locations":[{"start":{"line":24,"column":2},"end":{"line":54,"column":3}},{"start":{"line":24,"column":2},"end":{"line":54,"column":3}}],"line":24},"2":{"loc":{"start":{"line":24,"column":6},"end":{"line":24,"column":75}},"type":"binary-expr","locations":[{"start":{"line":24,"column":6},"end":{"line":24,"column":43}},{"start":{"line":24,"column":47},"end":{"line":24,"column":75}}],"line":24},"3":{"loc":{"start":{"line":27,"column":4},"end":{"line":32,"column":5}},"type":"if","locations":[{"start":{"line":27,"column":4},"end":{"line":32,"column":5}},{"start":{"line":27,"column":4},"end":{"line":32,"column":5}}],"line":27},"4":{"loc":{"start":{"line":37,"column":6},"end":{"line":52,"column":7}},"type":"if","locations":[{"start":{"line":37,"column":6},"end":{"line":52,"column":7}},{"start":{"line":37,"column":6},"end":{"line":52,"column":7}}],"line":37},"5":{"loc":{"start":{"line":63,"column":8},"end":{"line":65,"column":9}},"type":"if","locations":[{"start":{"line":63,"column":8},"end":{"line":65,"column":9}},{"start":{"line":63,"column":8},"end":{"line":65,"column":9}}],"line":63},"6":{"loc":{"start":{"line":67,"column":10},"end":{"line":92,"column":11}},"type":"if","locations":[{"start":{"line":67,"column":10},"end":{"line":92,"column":11}},{"start":{"line":67,"column":10},"end":{"line":92,"column":11}}],"line":67},"7":{"loc":{"start":{"line":68,"column":12},"end":{"line":91,"column":13}},"type":"if","locations":[{"start":{"line":68,"column":12},"end":{"line":91,"column":13}},{"start":{"line":68,"column":12},"end":{"line":91,"column":13}}],"line":68},"8":{"loc":{"start":{"line":78,"column":14},"end":{"line":80,"column":15}},"type":"if","locations":[{"start":{"line":78,"column":14},"end":{"line":80,"column":15}},{"start":{"line":78,"column":14},"end":{"line":80,"column":15}}],"line":78},"9":{"loc":{"start":{"line":78,"column":18},"end":{"line":78,"column":43}},"type":"binary-expr","locations":[{"start":{"line":78,"column":18},"end":{"line":78,"column":24}},{"start":{"line":78,"column":28},"end":{"line":78,"column":43}}],"line":78},"10":{"loc":{"start":{"line":88,"column":14},"end":{"line":90,"column":15}},"type":"if","locations":[{"start":{"line":88,"column":14},"end":{"line":90,"column":15}},{"start":{"line":88,"column":14},"end":{"line":90,"column":15}}],"line":88},"11":{"loc":{"start":{"line":88,"column":18},"end":{"line":88,"column":44}},"type":"binary-expr","locations":[{"start":{"line":88,"column":18},"end":{"line":88,"column":24}},{"start":{"line":88,"column":28},"end":{"line":88,"column":44}}],"line":88},"12":{"loc":{"start":{"line":107,"column":6},"end":{"line":120,"column":7}},"type":"if","locations":[{"start":{"line":107,"column":6},"end":{"line":120,"column":7}},{"start":{"line":107,"column":6},"end":{"line":120,"column":7}}],"line":107},"13":{"loc":{"start":{"line":108,"column":8},"end":{"line":109,"column":73}},"type":"binary-expr","locations":[{"start":{"line":108,"column":8},"end":{"line":108,"column":31}},{"start":{"line":109,"column":9},"end":{"line":109,"column":28}},{"start":{"line":109,"column":32},"end":{"line":109,"column":72}}],"line":108},"14":{"loc":{"start":{"line":130,"column":2},"end":{"line":134,"column":3}},"type":"if","locations":[{"start":{"line":130,"column":2},"end":{"line":134,"column":3}},{"start":{"line":130,"column":2},"end":{"line":134,"column":3}}],"line":130}},"s":{"0":0,"1":0,"2":0,"3":0,"4":0,"5":0,"6":0,"7":0,"8":0,"9":0,"10":0,"11":0,"12":0,"13":0,"14":0,"15":0,"16":0,"17":0,"18":0,"19":0,"20":0,"21":0,"22":0,"23":0,"24":0,"25":0,"26":0,"27":0,"28":0,"29":0,"30":0,"31":0,"32":0,"33":0,"34":0,"35":0,"36":0,"37":0},"f":{"0":0,"1":0,"2":0,"3":0,"4":0,"5":0,"6":0,"7":0,"8":0,"9":0,"10":0,"11":0,"12":0,"13":0,"14":0},"b":{"0":[0,0,0],"1":[0,0],"2":[0,0],"3":[0,0],"4":[0,0],"5":[0,0],"6":[0,0],"7":[0,0],"8":[0,0],"9":[0,0],"10":[0,0],"11":[0,0],"12":[0,0],"13":[0,0,0],"14":[0,0]},"hash":"6a7bdb5448ad5bfe9afbd62e3112aeea821e3f39"}
,"/Users/didactor/Documents/skylab/bootcamp/collab/skylab-bootcamp-201904/staff/groups/aldi/siempre-tarde/src/common/call/index.js": {"path":"/Users/didactor/Documents/skylab/bootcamp/collab/skylab-bootcamp-201904/staff/groups/aldi/siempre-tarde/src/common/call/index.js","statementMap":{"0":{"start":{"line":14,"column":59},"end":{"line":14,"column":66}},"1":{"start":{"line":16,"column":4},"end":{"line":22,"column":6}},"2":{"start":{"line":24,"column":4},"end":{"line":24,"column":21}},"3":{"start":{"line":28,"column":4},"end":{"line":32,"column":5}},"4":{"start":{"line":29,"column":27},"end":{"line":29,"column":48}},"5":{"start":{"line":30,"column":8},"end":{"line":30,"column":34}},"6":{"start":{"line":31,"column":8},"end":{"line":31,"column":53}},"7":{"start":{"line":31,"column":25},"end":{"line":31,"column":43}},"8":{"start":{"line":34,"column":4},"end":{"line":44,"column":10}},"9":{"start":{"line":41,"column":12},"end":{"line":43,"column":28}},"10":{"start":{"line":41,"column":44},"end":{"line":41,"column":87}},"11":{"start":{"line":42,"column":17},"end":{"line":43,"column":28}},"12":{"start":{"line":42,"column":52},"end":{"line":42,"column":118}},"13":{"start":{"line":43,"column":17},"end":{"line":43,"column":28}}},"fnMap":{"0":{"name":"call","decl":{"start":{"line":13,"column":9},"end":{"line":13,"column":13}},"loc":{"start":{"line":13,"column":33},"end":{"line":45,"column":1}},"line":13},"1":{"name":"(anonymous_1)","decl":{"start":{"line":31,"column":19},"end":{"line":31,"column":20}},"loc":{"start":{"line":31,"column":25},"end":{"line":31,"column":43}},"line":31},"2":{"name":"(anonymous_2)","decl":{"start":{"line":40,"column":15},"end":{"line":40,"column":16}},"loc":{"start":{"line":40,"column":24},"end":{"line":44,"column":9}},"line":40}},"branchMap":{"0":{"loc":{"start":{"line":13,"column":19},"end":{"line":13,"column":31}},"type":"default-arg","locations":[{"start":{"line":13,"column":29},"end":{"line":13,"column":31}}],"line":13},"1":{"loc":{"start":{"line":14,"column":12},"end":{"line":14,"column":26}},"type":"default-arg","locations":[{"start":{"line":14,"column":21},"end":{"line":14,"column":26}}],"line":14},"2":{"loc":{"start":{"line":14,"column":43},"end":{"line":14,"column":54}},"type":"default-arg","locations":[{"start":{"line":14,"column":53},"end":{"line":14,"column":54}}],"line":14},"3":{"loc":{"start":{"line":28,"column":4},"end":{"line":32,"column":5}},"type":"if","locations":[{"start":{"line":28,"column":4},"end":{"line":32,"column":5}},{"start":{"line":28,"column":4},"end":{"line":32,"column":5}}],"line":28},"4":{"loc":{"start":{"line":41,"column":12},"end":{"line":43,"column":28}},"type":"if","locations":[{"start":{"line":41,"column":12},"end":{"line":43,"column":28}},{"start":{"line":41,"column":12},"end":{"line":43,"column":28}}],"line":41},"5":{"loc":{"start":{"line":42,"column":17},"end":{"line":43,"column":28}},"type":"if","locations":[{"start":{"line":42,"column":17},"end":{"line":43,"column":28}},{"start":{"line":42,"column":17},"end":{"line":43,"column":28}}],"line":42}},"s":{"0":99,"1":99,"2":99,"3":99,"4":3,"5":3,"6":3,"7":3,"8":99,"9":6,"10":3,"11":3,"12":3,"13":0},"f":{"0":99,"1":3,"2":6},"b":{"0":[0],"1":[47],"2":[0],"3":[3,96],"4":[3,3],"5":[3,0]},"_coverageSchema":"43e27e138ebf9cfc5966b082cf9a028302ed4184","hash":"2c2b2c741acbcb0b16ab505cd7688e0c41f871a0"}
,"/Users/didactor/Documents/skylab/bootcamp/collab/skylab-bootcamp-201904/staff/groups/aldi/siempre-tarde/src/common/errors/index.js": {"path":"/Users/didactor/Documents/skylab/bootcamp/collab/skylab-bootcamp-201904/staff/groups/aldi/siempre-tarde/src/common/errors/index.js","statementMap":{"0":{"start":{"line":4,"column":8},"end":{"line":4,"column":22}},"1":{"start":{"line":10,"column":8},"end":{"line":10,"column":22}},"2":{"start":{"line":16,"column":8},"end":{"line":16,"column":22}},"3":{"start":{"line":21,"column":8},"end":{"line":21,"column":22}},"4":{"start":{"line":27,"column":8},"end":{"line":27,"column":22}},"5":{"start":{"line":33,"column":8},"end":{"line":33,"column":22}},"6":{"start":{"line":39,"column":8},"end":{"line":39,"column":22}},"7":{"start":{"line":45,"column":8},"end":{"line":45,"column":22}},"8":{"start":{"line":50,"column":8},"end":{"line":50,"column":22}},"9":{"start":{"line":56,"column":8},"end":{"line":56,"column":22}}},"fnMap":{"0":{"name":"(anonymous_0)","decl":{"start":{"line":3,"column":4},"end":{"line":3,"column":5}},"loc":{"start":{"line":3,"column":25},"end":{"line":5,"column":5}},"line":3},"1":{"name":"(anonymous_1)","decl":{"start":{"line":9,"column":4},"end":{"line":9,"column":5}},"loc":{"start":{"line":9,"column":25},"end":{"line":11,"column":5}},"line":9},"2":{"name":"(anonymous_2)","decl":{"start":{"line":15,"column":4},"end":{"line":15,"column":5}},"loc":{"start":{"line":15,"column":25},"end":{"line":17,"column":5}},"line":15},"3":{"name":"(anonymous_3)","decl":{"start":{"line":20,"column":4},"end":{"line":20,"column":5}},"loc":{"start":{"line":20,"column":25},"end":{"line":22,"column":5}},"line":20},"4":{"name":"(anonymous_4)","decl":{"start":{"line":26,"column":4},"end":{"line":26,"column":5}},"loc":{"start":{"line":26,"column":25},"end":{"line":28,"column":5}},"line":26},"5":{"name":"(anonymous_5)","decl":{"start":{"line":32,"column":4},"end":{"line":32,"column":5}},"loc":{"start":{"line":32,"column":25},"end":{"line":34,"column":5}},"line":32},"6":{"name":"(anonymous_6)","decl":{"start":{"line":38,"column":4},"end":{"line":38,"column":5}},"loc":{"start":{"line":38,"column":25},"end":{"line":40,"column":5}},"line":38},"7":{"name":"(anonymous_7)","decl":{"start":{"line":44,"column":4},"end":{"line":44,"column":5}},"loc":{"start":{"line":44,"column":25},"end":{"line":46,"column":5}},"line":44},"8":{"name":"(anonymous_8)","decl":{"start":{"line":49,"column":4},"end":{"line":49,"column":5}},"loc":{"start":{"line":49,"column":25},"end":{"line":51,"column":5}},"line":49},"9":{"name":"(anonymous_9)","decl":{"start":{"line":55,"column":4},"end":{"line":55,"column":5}},"loc":{"start":{"line":55,"column":25},"end":{"line":57,"column":5}},"line":55}},"branchMap":{},"s":{"0":18,"1":1,"2":17,"3":0,"4":3,"5":3,"6":3,"7":0,"8":7,"9":1},"f":{"0":18,"1":1,"2":17,"3":0,"4":3,"5":3,"6":3,"7":0,"8":7,"9":1},"b":{},"_coverageSchema":"43e27e138ebf9cfc5966b082cf9a028302ed4184","hash":"0dd585dd90ac03e4be0d1f425c07b963065bbf10"}
,"/Users/didactor/Documents/skylab/bootcamp/collab/skylab-bootcamp-201904/staff/groups/aldi/siempre-tarde/src/common/normalize/index.js": {"path":"/Users/didactor/Documents/skylab/bootcamp/collab/skylab-bootcamp-201904/staff/groups/aldi/siempre-tarde/src/common/normalize/index.js","statementMap":{"0":{"start":{"line":3,"column":18},"end":{"line":10,"column":1}},"1":{"start":{"line":5,"column":8},"end":{"line":5,"column":41}},"2":{"start":{"line":5,"column":30},"end":{"line":5,"column":41}},"3":{"start":{"line":6,"column":8},"end":{"line":6,"column":51}},"4":{"start":{"line":6,"column":35},"end":{"line":6,"column":51}},"5":{"start":{"line":8,"column":8},"end":{"line":8,"column":20}}},"fnMap":{"0":{"name":"(anonymous_0)","decl":{"start":{"line":4,"column":4},"end":{"line":4,"column":5}},"loc":{"start":{"line":4,"column":27},"end":{"line":9,"column":5}},"line":4}},"branchMap":{"0":{"loc":{"start":{"line":5,"column":8},"end":{"line":5,"column":41}},"type":"if","locations":[{"start":{"line":5,"column":8},"end":{"line":5,"column":41}},{"start":{"line":5,"column":8},"end":{"line":5,"column":41}}],"line":5},"1":{"loc":{"start":{"line":6,"column":8},"end":{"line":6,"column":51}},"type":"if","locations":[{"start":{"line":6,"column":8},"end":{"line":6,"column":51}},{"start":{"line":6,"column":8},"end":{"line":6,"column":51}}],"line":6}},"s":{"0":1,"1":23,"2":0,"3":23,"4":0,"5":23},"f":{"0":23},"b":{"0":[0,23],"1":[0,23]},"_coverageSchema":"43e27e138ebf9cfc5966b082cf9a028302ed4184","hash":"b52f165986e605ed6e2d339bb1be6735d9600aa5"}
,"/Users/didactor/Documents/skylab/bootcamp/collab/skylab-bootcamp-201904/staff/groups/aldi/siempre-tarde/src/common/validate/index.js": {"path":"/Users/didactor/Documents/skylab/bootcamp/collab/skylab-bootcamp-201904/staff/groups/aldi/siempre-tarde/src/common/validate/index.js","statementMap":{"0":{"start":{"line":3,"column":17},"end":{"line":29,"column":1}},"1":{"start":{"line":5,"column":8},"end":{"line":15,"column":10}},"2":{"start":{"line":6,"column":12},"end":{"line":14,"column":87}},"3":{"start":{"line":7,"column":16},"end":{"line":7,"column":95}},"4":{"start":{"line":7,"column":43},"end":{"line":7,"column":95}},"5":{"start":{"line":9,"column":16},"end":{"line":13,"column":96}},"6":{"start":{"line":10,"column":20},"end":{"line":13,"column":96}},"7":{"start":{"line":11,"column":24},"end":{"line":11,"column":90}},"8":{"start":{"line":11,"column":50},"end":{"line":11,"column":90}},"9":{"start":{"line":12,"column":27},"end":{"line":13,"column":96}},"10":{"start":{"line":13,"column":24},"end":{"line":13,"column":96}},"11":{"start":{"line":13,"column":56},"end":{"line":13,"column":96}},"12":{"start":{"line":14,"column":19},"end":{"line":14,"column":87}},"13":{"start":{"line":14,"column":34},"end":{"line":14,"column":87}},"14":{"start":{"line":19,"column":19},"end":{"line":19,"column":172}},"15":{"start":{"line":21,"column":8},"end":{"line":21,"column":87}},"16":{"start":{"line":21,"column":37},"end":{"line":21,"column":87}},"17":{"start":{"line":25,"column":19},"end":{"line":25,"column":102}},"18":{"start":{"line":27,"column":8},"end":{"line":27,"column":79}},"19":{"start":{"line":27,"column":35},"end":{"line":27,"column":79}}},"fnMap":{"0":{"name":"(anonymous_0)","decl":{"start":{"line":4,"column":4},"end":{"line":4,"column":5}},"loc":{"start":{"line":4,"column":20},"end":{"line":16,"column":5}},"line":4},"1":{"name":"(anonymous_1)","decl":{"start":{"line":5,"column":21},"end":{"line":5,"column":22}},"loc":{"start":{"line":5,"column":68},"end":{"line":15,"column":9}},"line":5},"2":{"name":"(anonymous_2)","decl":{"start":{"line":18,"column":4},"end":{"line":18,"column":5}},"loc":{"start":{"line":18,"column":17},"end":{"line":22,"column":5}},"line":18},"3":{"name":"(anonymous_3)","decl":{"start":{"line":24,"column":4},"end":{"line":24,"column":5}},"loc":{"start":{"line":24,"column":13},"end":{"line":28,"column":5}},"line":24}},"branchMap":{"0":{"loc":{"start":{"line":6,"column":12},"end":{"line":14,"column":87}},"type":"if","locations":[{"start":{"line":6,"column":12},"end":{"line":14,"column":87}},{"start":{"line":6,"column":12},"end":{"line":14,"column":87}}],"line":6},"1":{"loc":{"start":{"line":7,"column":16},"end":{"line":7,"column":95}},"type":"if","locations":[{"start":{"line":7,"column":16},"end":{"line":7,"column":95}},{"start":{"line":7,"column":16},"end":{"line":7,"column":95}}],"line":7},"2":{"loc":{"start":{"line":9,"column":16},"end":{"line":13,"column":96}},"type":"if","locations":[{"start":{"line":9,"column":16},"end":{"line":13,"column":96}},{"start":{"line":9,"column":16},"end":{"line":13,"column":96}}],"line":9},"3":{"loc":{"start":{"line":10,"column":20},"end":{"line":13,"column":96}},"type":"if","locations":[{"start":{"line":10,"column":20},"end":{"line":13,"column":96}},{"start":{"line":10,"column":20},"end":{"line":13,"column":96}}],"line":10},"4":{"loc":{"start":{"line":11,"column":24},"end":{"line":11,"column":90}},"type":"if","locations":[{"start":{"line":11,"column":24},"end":{"line":11,"column":90}},{"start":{"line":11,"column":24},"end":{"line":11,"column":90}}],"line":11},"5":{"loc":{"start":{"line":12,"column":27},"end":{"line":13,"column":96}},"type":"if","locations":[{"start":{"line":12,"column":27},"end":{"line":13,"column":96}},{"start":{"line":12,"column":27},"end":{"line":13,"column":96}}],"line":12},"6":{"loc":{"start":{"line":13,"column":24},"end":{"line":13,"column":96}},"type":"if","locations":[{"start":{"line":13,"column":24},"end":{"line":13,"column":96}},{"start":{"line":13,"column":24},"end":{"line":13,"column":96}}],"line":13},"7":{"loc":{"start":{"line":14,"column":19},"end":{"line":14,"column":87}},"type":"if","locations":[{"start":{"line":14,"column":19},"end":{"line":14,"column":87}},{"start":{"line":14,"column":19},"end":{"line":14,"column":87}}],"line":14},"8":{"loc":{"start":{"line":21,"column":8},"end":{"line":21,"column":87}},"type":"if","locations":[{"start":{"line":21,"column":8},"end":{"line":21,"column":87}},{"start":{"line":21,"column":8},"end":{"line":21,"column":87}}],"line":21},"9":{"loc":{"start":{"line":27,"column":8},"end":{"line":27,"column":79}},"type":"if","locations":[{"start":{"line":27,"column":8},"end":{"line":27,"column":79}},{"start":{"line":27,"column":8},"end":{"line":27,"column":79}}],"line":27}},"s":{"0":4,"1":253,"2":797,"3":693,"4":4,"5":689,"6":621,"7":442,"8":18,"9":179,"10":36,"11":0,"12":104,"13":17,"14":6,"15":6,"16":1,"17":99,"18":99,"19":0},"f":{"0":253,"1":797,"2":6,"3":99},"b":{"0":[693,104],"1":[4,689],"2":[621,68],"3":[442,179],"4":[18,424],"5":[36,143],"6":[0,36],"7":[17,87],"8":[1,5],"9":[0,99]},"_coverageSchema":"43e27e138ebf9cfc5966b082cf9a028302ed4184","hash":"348d6521d57f8103027f772d0d00a56fd68ca54e"}
,"/Users/didactor/Documents/skylab/bootcamp/collab/skylab-bootcamp-201904/staff/groups/aldi/siempre-tarde/src/componets/App.js": {"path":"/Users/didactor/Documents/skylab/bootcamp/collab/skylab-bootcamp-201904/staff/groups/aldi/siempre-tarde/src/componets/App.js","statementMap":{"0":{"start":{"line":24,"column":35},"end":{"line":24,"column":80}},"1":{"start":{"line":26,"column":37},"end":{"line":26,"column":73}},"2":{"start":{"line":28,"column":34},"end":{"line":28,"column":67}},"3":{"start":{"line":31,"column":8},"end":{"line":44,"column":9}},"4":{"start":{"line":32,"column":12},"end":{"line":41,"column":17}},"5":{"start":{"line":34,"column":20},"end":{"line":34,"column":40}},"6":{"start":{"line":37,"column":20},"end":{"line":37,"column":96}},"7":{"start":{"line":37,"column":63},"end":{"line":37,"column":95}},"8":{"start":{"line":40,"column":20},"end":{"line":40,"column":59}},"9":{"start":{"line":43,"column":12},"end":{"line":43,"column":45}},"10":{"start":{"line":48,"column":8},"end":{"line":55,"column":17}},"11":{"start":{"line":51,"column":20},"end":{"line":51,"column":54}},"12":{"start":{"line":54,"column":20},"end":{"line":54,"column":59}},"13":{"start":{"line":59,"column":8},"end":{"line":70,"column":9}},"14":{"start":{"line":61,"column":12},"end":{"line":67,"column":18}},"15":{"start":{"line":63,"column":20},"end":{"line":63,"column":91}},"16":{"start":{"line":63,"column":57},"end":{"line":63,"column":90}},"17":{"start":{"line":66,"column":20},"end":{"line":66,"column":59}},"18":{"start":{"line":69,"column":12},"end":{"line":69,"column":45}},"19":{"start":{"line":74,"column":8},"end":{"line":74,"column":65}},"20":{"start":{"line":74,"column":28},"end":{"line":74,"column":64}},"21":{"start":{"line":77,"column":8},"end":{"line":79,"column":10}},"22":{"start":{"line":78,"column":12},"end":{"line":78,"column":99}},"23":{"start":{"line":78,"column":62},"end":{"line":78,"column":98}},"24":{"start":{"line":83,"column":8},"end":{"line":84,"column":99}},"25":{"start":{"line":84,"column":26},"end":{"line":84,"column":98}},"26":{"start":{"line":84,"column":56},"end":{"line":84,"column":97}},"27":{"start":{"line":88,"column":8},"end":{"line":90,"column":99}},"28":{"start":{"line":89,"column":24},"end":{"line":89,"column":48}},"29":{"start":{"line":90,"column":26},"end":{"line":90,"column":98}},"30":{"start":{"line":90,"column":56},"end":{"line":90,"column":97}},"31":{"start":{"line":95,"column":8},"end":{"line":95,"column":26}},"32":{"start":{"line":97,"column":8},"end":{"line":97,"column":36}},"33":{"start":{"line":101,"column":8},"end":{"line":101,"column":88}},"34":{"start":{"line":101,"column":56},"end":{"line":101,"column":88}},"35":{"start":{"line":104,"column":8},"end":{"line":106,"column":50}},"36":{"start":{"line":105,"column":24},"end":{"line":105,"column":48}},"37":{"start":{"line":106,"column":26},"end":{"line":106,"column":49}},"38":{"start":{"line":109,"column":8},"end":{"line":116,"column":13}},"39":{"start":{"line":111,"column":16},"end":{"line":112,"column":162}},"40":{"start":{"line":112,"column":34},"end":{"line":112,"column":161}},"41":{"start":{"line":112,"column":111},"end":{"line":112,"column":160}},"42":{"start":{"line":115,"column":16},"end":{"line":115,"column":55}},"43":{"start":{"line":133,"column":12},"end":{"line":133,"column":16}},"44":{"start":{"line":135,"column":8},"end":{"line":158,"column":14}},"45":{"start":{"line":139,"column":52},"end":{"line":139,"column":194}},"46":{"start":{"line":141,"column":54},"end":{"line":141,"column":169}},"47":{"start":{"line":143,"column":51},"end":{"line":143,"column":157}},"48":{"start":{"line":145,"column":50},"end":{"line":145,"column":225}},"49":{"start":{"line":147,"column":54},"end":{"line":147,"column":139}},"50":{"start":{"line":149,"column":54},"end":{"line":149,"column":139}},"51":{"start":{"line":151,"column":65},"end":{"line":151,"column":231}},"52":{"start":{"line":153,"column":73},"end":{"line":153,"column":214}}},"fnMap":{"0":{"name":"(anonymous_0)","decl":{"start":{"line":24,"column":27},"end":{"line":24,"column":28}},"loc":{"start":{"line":24,"column":35},"end":{"line":24,"column":80}},"line":24},"1":{"name":"(anonymous_1)","decl":{"start":{"line":26,"column":31},"end":{"line":26,"column":32}},"loc":{"start":{"line":26,"column":37},"end":{"line":26,"column":73}},"line":26},"2":{"name":"(anonymous_2)","decl":{"start":{"line":28,"column":28},"end":{"line":28,"column":29}},"loc":{"start":{"line":28,"column":34},"end":{"line":28,"column":67}},"line":28},"3":{"name":"(anonymous_3)","decl":{"start":{"line":30,"column":18},"end":{"line":30,"column":19}},"loc":{"start":{"line":30,"column":42},"end":{"line":45,"column":5}},"line":30},"4":{"name":"(anonymous_4)","decl":{"start":{"line":33,"column":22},"end":{"line":33,"column":23}},"loc":{"start":{"line":34,"column":20},"end":{"line":34,"column":40}},"line":34},"5":{"name":"(anonymous_5)","decl":{"start":{"line":36,"column":22},"end":{"line":36,"column":23}},"loc":{"start":{"line":36,"column":36},"end":{"line":38,"column":17}},"line":36},"6":{"name":"(anonymous_6)","decl":{"start":{"line":37,"column":57},"end":{"line":37,"column":58}},"loc":{"start":{"line":37,"column":63},"end":{"line":37,"column":95}},"line":37},"7":{"name":"(anonymous_7)","decl":{"start":{"line":39,"column":23},"end":{"line":39,"column":24}},"loc":{"start":{"line":40,"column":20},"end":{"line":40,"column":59}},"line":40},"8":{"name":"(anonymous_8)","decl":{"start":{"line":47,"column":4},"end":{"line":47,"column":5}},"loc":{"start":{"line":47,"column":24},"end":{"line":56,"column":5}},"line":47},"9":{"name":"(anonymous_9)","decl":{"start":{"line":50,"column":22},"end":{"line":50,"column":23}},"loc":{"start":{"line":51,"column":20},"end":{"line":51,"column":54}},"line":51},"10":{"name":"(anonymous_10)","decl":{"start":{"line":53,"column":23},"end":{"line":53,"column":24}},"loc":{"start":{"line":54,"column":20},"end":{"line":54,"column":59}},"line":54},"11":{"name":"(anonymous_11)","decl":{"start":{"line":58,"column":21},"end":{"line":58,"column":22}},"loc":{"start":{"line":58,"column":71},"end":{"line":71,"column":5}},"line":58},"12":{"name":"(anonymous_12)","decl":{"start":{"line":62,"column":22},"end":{"line":62,"column":23}},"loc":{"start":{"line":62,"column":28},"end":{"line":64,"column":17}},"line":62},"13":{"name":"(anonymous_13)","decl":{"start":{"line":63,"column":51},"end":{"line":63,"column":52}},"loc":{"start":{"line":63,"column":57},"end":{"line":63,"column":90}},"line":63},"14":{"name":"(anonymous_14)","decl":{"start":{"line":65,"column":23},"end":{"line":65,"column":24}},"loc":{"start":{"line":65,"column":32},"end":{"line":67,"column":17}},"line":65},"15":{"name":"(anonymous_15)","decl":{"start":{"line":72,"column":21},"end":{"line":72,"column":22}},"loc":{"start":{"line":72,"column":27},"end":{"line":75,"column":5}},"line":72},"16":{"name":"(anonymous_16)","decl":{"start":{"line":74,"column":22},"end":{"line":74,"column":23}},"loc":{"start":{"line":74,"column":28},"end":{"line":74,"column":64}},"line":74},"17":{"name":"(anonymous_17)","decl":{"start":{"line":76,"column":21},"end":{"line":76,"column":22}},"loc":{"start":{"line":76,"column":27},"end":{"line":81,"column":5}},"line":76},"18":{"name":"(anonymous_18)","decl":{"start":{"line":77,"column":47},"end":{"line":77,"column":48}},"loc":{"start":{"line":77,"column":57},"end":{"line":79,"column":9}},"line":77},"19":{"name":"(anonymous_19)","decl":{"start":{"line":78,"column":56},"end":{"line":78,"column":57}},"loc":{"start":{"line":78,"column":62},"end":{"line":78,"column":98}},"line":78},"20":{"name":"(anonymous_20)","decl":{"start":{"line":82,"column":22},"end":{"line":82,"column":23}},"loc":{"start":{"line":82,"column":28},"end":{"line":86,"column":5}},"line":82},"21":{"name":"(anonymous_21)","decl":{"start":{"line":84,"column":18},"end":{"line":84,"column":19}},"loc":{"start":{"line":84,"column":26},"end":{"line":84,"column":98}},"line":84},"22":{"name":"(anonymous_22)","decl":{"start":{"line":84,"column":50},"end":{"line":84,"column":51}},"loc":{"start":{"line":84,"column":56},"end":{"line":84,"column":97}},"line":84},"23":{"name":"(anonymous_23)","decl":{"start":{"line":87,"column":19},"end":{"line":87,"column":20}},"loc":{"start":{"line":87,"column":32},"end":{"line":92,"column":5}},"line":87},"24":{"name":"(anonymous_24)","decl":{"start":{"line":89,"column":18},"end":{"line":89,"column":19}},"loc":{"start":{"line":89,"column":24},"end":{"line":89,"column":48}},"line":89},"25":{"name":"(anonymous_25)","decl":{"start":{"line":90,"column":18},"end":{"line":90,"column":19}},"loc":{"start":{"line":90,"column":26},"end":{"line":90,"column":98}},"line":90},"26":{"name":"(anonymous_26)","decl":{"start":{"line":90,"column":50},"end":{"line":90,"column":51}},"loc":{"start":{"line":90,"column":56},"end":{"line":90,"column":97}},"line":90},"27":{"name":"(anonymous_27)","decl":{"start":{"line":94,"column":19},"end":{"line":94,"column":20}},"loc":{"start":{"line":94,"column":25},"end":{"line":98,"column":5}},"line":94},"28":{"name":"(anonymous_28)","decl":{"start":{"line":100,"column":4},"end":{"line":100,"column":5}},"loc":{"start":{"line":100,"column":34},"end":{"line":102,"column":5}},"line":100},"29":{"name":"(anonymous_29)","decl":{"start":{"line":103,"column":16},"end":{"line":103,"column":17}},"loc":{"start":{"line":104,"column":8},"end":{"line":106,"column":50}},"line":104},"30":{"name":"(anonymous_30)","decl":{"start":{"line":105,"column":18},"end":{"line":105,"column":19}},"loc":{"start":{"line":105,"column":24},"end":{"line":105,"column":48}},"line":105},"31":{"name":"(anonymous_31)","decl":{"start":{"line":106,"column":18},"end":{"line":106,"column":19}},"loc":{"start":{"line":106,"column":26},"end":{"line":106,"column":49}},"line":106},"32":{"name":"(anonymous_32)","decl":{"start":{"line":108,"column":16},"end":{"line":108,"column":17}},"loc":{"start":{"line":109,"column":8},"end":{"line":116,"column":13}},"line":109},"33":{"name":"(anonymous_33)","decl":{"start":{"line":110,"column":18},"end":{"line":110,"column":19}},"loc":{"start":{"line":110,"column":29},"end":{"line":113,"column":13}},"line":110},"34":{"name":"(anonymous_34)","decl":{"start":{"line":112,"column":26},"end":{"line":112,"column":27}},"loc":{"start":{"line":112,"column":34},"end":{"line":112,"column":161}},"line":112},"35":{"name":"(anonymous_35)","decl":{"start":{"line":112,"column":105},"end":{"line":112,"column":106}},"loc":{"start":{"line":112,"column":111},"end":{"line":112,"column":160}},"line":112},"36":{"name":"(anonymous_36)","decl":{"start":{"line":114,"column":19},"end":{"line":114,"column":20}},"loc":{"start":{"line":115,"column":16},"end":{"line":115,"column":55}},"line":115},"37":{"name":"(anonymous_37)","decl":{"start":{"line":118,"column":4},"end":{"line":118,"column":5}},"loc":{"start":{"line":118,"column":13},"end":{"line":159,"column":5}},"line":118},"38":{"name":"(anonymous_38)","decl":{"start":{"line":139,"column":46},"end":{"line":139,"column":47}},"loc":{"start":{"line":139,"column":52},"end":{"line":139,"column":194}},"line":139},"39":{"name":"(anonymous_39)","decl":{"start":{"line":141,"column":48},"end":{"line":141,"column":49}},"loc":{"start":{"line":141,"column":54},"end":{"line":141,"column":169}},"line":141},"40":{"name":"(anonymous_40)","decl":{"start":{"line":143,"column":45},"end":{"line":143,"column":46}},"loc":{"start":{"line":143,"column":51},"end":{"line":143,"column":157}},"line":143},"41":{"name":"(anonymous_41)","decl":{"start":{"line":145,"column":44},"end":{"line":145,"column":45}},"loc":{"start":{"line":145,"column":50},"end":{"line":145,"column":225}},"line":145},"42":{"name":"(anonymous_42)","decl":{"start":{"line":147,"column":48},"end":{"line":147,"column":49}},"loc":{"start":{"line":147,"column":54},"end":{"line":147,"column":139}},"line":147},"43":{"name":"(anonymous_43)","decl":{"start":{"line":149,"column":48},"end":{"line":149,"column":49}},"loc":{"start":{"line":149,"column":54},"end":{"line":149,"column":139}},"line":149},"44":{"name":"(anonymous_44)","decl":{"start":{"line":151,"column":59},"end":{"line":151,"column":60}},"loc":{"start":{"line":151,"column":65},"end":{"line":151,"column":231}},"line":151},"45":{"name":"(anonymous_45)","decl":{"start":{"line":153,"column":67},"end":{"line":153,"column":68}},"loc":{"start":{"line":153,"column":73},"end":{"line":153,"column":214}},"line":153}},"branchMap":{"0":{"loc":{"start":{"line":48,"column":8},"end":{"line":55,"column":17}},"type":"binary-expr","locations":[{"start":{"line":48,"column":8},"end":{"line":48,"column":28}},{"start":{"line":49,"column":12},"end":{"line":55,"column":17}}],"line":48},"1":{"loc":{"start":{"line":101,"column":8},"end":{"line":101,"column":88}},"type":"if","locations":[{"start":{"line":101,"column":8},"end":{"line":101,"column":88}},{"start":{"line":101,"column":8},"end":{"line":101,"column":88}}],"line":101},"2":{"loc":{"start":{"line":139,"column":52},"end":{"line":139,"column":194}},"type":"cond-expr","locations":[{"start":{"line":139,"column":75},"end":{"line":139,"column":98}},{"start":{"line":139,"column":101},"end":{"line":139,"column":194}}],"line":139},"3":{"loc":{"start":{"line":141,"column":54},"end":{"line":141,"column":169}},"type":"cond-expr","locations":[{"start":{"line":141,"column":77},"end":{"line":141,"column":100}},{"start":{"line":141,"column":103},"end":{"line":141,"column":169}}],"line":141},"4":{"loc":{"start":{"line":143,"column":51},"end":{"line":143,"column":157}},"type":"cond-expr","locations":[{"start":{"line":143,"column":74},"end":{"line":143,"column":97}},{"start":{"line":143,"column":100},"end":{"line":143,"column":157}}],"line":143},"5":{"loc":{"start":{"line":145,"column":50},"end":{"line":145,"column":225}},"type":"cond-expr","locations":[{"start":{"line":145,"column":73},"end":{"line":145,"column":203}},{"start":{"line":145,"column":206},"end":{"line":145,"column":225}}],"line":145},"6":{"loc":{"start":{"line":147,"column":54},"end":{"line":147,"column":139}},"type":"cond-expr","locations":[{"start":{"line":147,"column":77},"end":{"line":147,"column":117}},{"start":{"line":147,"column":120},"end":{"line":147,"column":139}}],"line":147},"7":{"loc":{"start":{"line":149,"column":54},"end":{"line":149,"column":139}},"type":"cond-expr","locations":[{"start":{"line":149,"column":77},"end":{"line":149,"column":117}},{"start":{"line":149,"column":120},"end":{"line":149,"column":139}}],"line":149},"8":{"loc":{"start":{"line":151,"column":65},"end":{"line":151,"column":231}},"type":"cond-expr","locations":[{"start":{"line":151,"column":88},"end":{"line":151,"column":209}},{"start":{"line":151,"column":212},"end":{"line":151,"column":231}}],"line":151},"9":{"loc":{"start":{"line":153,"column":73},"end":{"line":153,"column":214}},"type":"cond-expr","locations":[{"start":{"line":153,"column":96},"end":{"line":153,"column":192}},{"start":{"line":153,"column":195},"end":{"line":153,"column":214}}],"line":153}},"s":{"0":0,"1":0,"2":0,"3":0,"4":0,"5":0,"6":0,"7":0,"8":0,"9":0,"10":0,"11":0,"12":0,"13":0,"14":0,"15":0,"16":0,"17":0,"18":0,"19":0,"20":0,"21":0,"22":0,"23":0,"24":0,"25":0,"26":0,"27":0,"28":0,"29":0,"30":0,"31":0,"32":0,"33":0,"34":0,"35":0,"36":0,"37":0,"38":0,"39":0,"40":0,"41":0,"42":0,"43":0,"44":0,"45":0,"46":0,"47":0,"48":0,"49":0,"50":0,"51":0,"52":0},"f":{"0":0,"1":0,"2":0,"3":0,"4":0,"5":0,"6":0,"7":0,"8":0,"9":0,"10":0,"11":0,"12":0,"13":0,"14":0,"15":0,"16":0,"17":0,"18":0,"19":0,"20":0,"21":0,"22":0,"23":0,"24":0,"25":0,"26":0,"27":0,"28":0,"29":0,"30":0,"31":0,"32":0,"33":0,"34":0,"35":0,"36":0,"37":0,"38":0,"39":0,"40":0,"41":0,"42":0,"43":0,"44":0,"45":0},"b":{"0":[0,0],"1":[0,0],"2":[0,0],"3":[0,0],"4":[0,0],"5":[0,0],"6":[0,0],"7":[0,0],"8":[0,0],"9":[0,0]},"hash":"cf3e31c26346aabe0ba16885c9b303e33de0d8f4"}
,"/Users/didactor/Documents/skylab/bootcamp/collab/skylab-bootcamp-201904/staff/groups/aldi/siempre-tarde/src/componets/LanguageSelector.js": {"path":"/Users/didactor/Documents/skylab/bootcamp/collab/skylab-bootcamp-201904/staff/groups/aldi/siempre-tarde/src/componets/LanguageSelector.js","statementMap":{"0":{"start":{"line":5,"column":4},"end":{"line":11,"column":10}},"1":{"start":{"line":6,"column":32},"end":{"line":6,"column":68}}},"fnMap":{"0":{"name":"LanguageSelector","decl":{"start":{"line":4,"column":9},"end":{"line":4,"column":25}},"loc":{"start":{"line":4,"column":54},"end":{"line":12,"column":1}},"line":4},"1":{"name":"(anonymous_1)","decl":{"start":{"line":6,"column":23},"end":{"line":6,"column":24}},"loc":{"start":{"line":6,"column":32},"end":{"line":6,"column":68}},"line":6}},"branchMap":{},"s":{"0":0,"1":0},"f":{"0":0,"1":0},"b":{},"hash":"655d2e4734146acfeb145e286b254c14a481f514"}
,"/Users/didactor/Documents/skylab/bootcamp/collab/skylab-bootcamp-201904/staff/groups/aldi/siempre-tarde/src/componets/CodeSearch/index.js": {"path":"/Users/didactor/Documents/skylab/bootcamp/collab/skylab-bootcamp-201904/staff/groups/aldi/siempre-tarde/src/componets/CodeSearch/index.js","statementMap":{"0":{"start":{"line":12,"column":8},"end":{"line":20,"column":13}},"1":{"start":{"line":15,"column":16},"end":{"line":16,"column":149}},"2":{"start":{"line":16,"column":26},"end":{"line":16,"column":148}},"3":{"start":{"line":16,"column":103},"end":{"line":16,"column":147}},"4":{"start":{"line":19,"column":16},"end":{"line":19,"column":55}},"5":{"start":{"line":23,"column":8},"end":{"line":25,"column":50}},"6":{"start":{"line":24,"column":24},"end":{"line":24,"column":48}},"7":{"start":{"line":25,"column":26},"end":{"line":25,"column":49}},"8":{"start":{"line":33,"column":12},"end":{"line":33,"column":16}},"9":{"start":{"line":35,"column":25},"end":{"line":35,"column":39}},"10":{"start":{"line":37,"column":8},"end":{"line":43,"column":15}},"11":{"start":{"line":39,"column":60},"end":{"line":39,"column":167}},"12":{"start":{"line":40,"column":62},"end":{"line":40,"column":199}}},"fnMap":{"0":{"name":"(anonymous_0)","decl":{"start":{"line":11,"column":19},"end":{"line":11,"column":20}},"loc":{"start":{"line":12,"column":8},"end":{"line":20,"column":13}},"line":12},"1":{"name":"(anonymous_1)","decl":{"start":{"line":13,"column":18},"end":{"line":13,"column":19}},"loc":{"start":{"line":13,"column":28},"end":{"line":17,"column":13}},"line":13},"2":{"name":"(anonymous_2)","decl":{"start":{"line":16,"column":18},"end":{"line":16,"column":19}},"loc":{"start":{"line":16,"column":26},"end":{"line":16,"column":148}},"line":16},"3":{"name":"(anonymous_3)","decl":{"start":{"line":16,"column":97},"end":{"line":16,"column":98}},"loc":{"start":{"line":16,"column":103},"end":{"line":16,"column":147}},"line":16},"4":{"name":"(anonymous_4)","decl":{"start":{"line":18,"column":19},"end":{"line":18,"column":20}},"loc":{"start":{"line":19,"column":16},"end":{"line":19,"column":55}},"line":19},"5":{"name":"(anonymous_5)","decl":{"start":{"line":22,"column":16},"end":{"line":22,"column":17}},"loc":{"start":{"line":23,"column":8},"end":{"line":25,"column":50}},"line":23},"6":{"name":"(anonymous_6)","decl":{"start":{"line":24,"column":18},"end":{"line":24,"column":19}},"loc":{"start":{"line":24,"column":24},"end":{"line":24,"column":48}},"line":24},"7":{"name":"(anonymous_7)","decl":{"start":{"line":25,"column":18},"end":{"line":25,"column":19}},"loc":{"start":{"line":25,"column":26},"end":{"line":25,"column":49}},"line":25},"8":{"name":"(anonymous_8)","decl":{"start":{"line":27,"column":4},"end":{"line":27,"column":5}},"loc":{"start":{"line":27,"column":13},"end":{"line":44,"column":5}},"line":27},"9":{"name":"(anonymous_9)","decl":{"start":{"line":39,"column":54},"end":{"line":39,"column":55}},"loc":{"start":{"line":39,"column":60},"end":{"line":39,"column":167}},"line":39},"10":{"name":"(anonymous_10)","decl":{"start":{"line":40,"column":56},"end":{"line":40,"column":57}},"loc":{"start":{"line":40,"column":62},"end":{"line":40,"column":199}},"line":40}},"branchMap":{"0":{"loc":{"start":{"line":39,"column":60},"end":{"line":39,"column":167}},"type":"cond-expr","locations":[{"start":{"line":39,"column":83},"end":{"line":39,"column":145}},{"start":{"line":39,"column":148},"end":{"line":39,"column":167}}],"line":39},"1":{"loc":{"start":{"line":40,"column":62},"end":{"line":40,"column":199}},"type":"cond-expr","locations":[{"start":{"line":40,"column":85},"end":{"line":40,"column":177}},{"start":{"line":40,"column":180},"end":{"line":40,"column":199}}],"line":40}},"s":{"0":0,"1":0,"2":0,"3":0,"4":0,"5":0,"6":0,"7":0,"8":0,"9":0,"10":0,"11":0,"12":0},"f":{"0":0,"1":0,"2":0,"3":0,"4":0,"5":0,"6":0,"7":0,"8":0,"9":0,"10":0},"b":{"0":[0,0],"1":[0,0]},"hash":"4188d71f3e5cb94adfc6c11778781618881f615e"}
,"/Users/didactor/Documents/skylab/bootcamp/collab/skylab-bootcamp-201904/staff/groups/aldi/siempre-tarde/src/componets/CodeSearch/literals.js": {"path":"/Users/didactor/Documents/skylab/bootcamp/collab/skylab-bootcamp-201904/staff/groups/aldi/siempre-tarde/src/componets/CodeSearch/literals.js","statementMap":{},"fnMap":{},"branchMap":{},"s":{},"f":{},"b":{},"hash":"f6e1b2ac2ec4c4d354bf980bd0f1640cc1c89b7f"}
,"/Users/didactor/Documents/skylab/bootcamp/collab/skylab-bootcamp-201904/staff/groups/aldi/siempre-tarde/src/componets/Favorites/index.js": {"path":"/Users/didactor/Documents/skylab/bootcamp/collab/skylab-bootcamp-201904/staff/groups/aldi/siempre-tarde/src/componets/Favorites/index.js","statementMap":{"0":{"start":{"line":9,"column":39},"end":{"line":9,"column":53}},"1":{"start":{"line":11,"column":4},"end":{"line":32,"column":14}},"2":{"start":{"line":18,"column":24},"end":{"line":26,"column":29}},"3":{"start":{"line":23,"column":96},"end":{"line":23,"column":113}},"4":{"start":{"line":24,"column":94},"end":{"line":24,"column":108}}},"fnMap":{"0":{"name":"Favorites","decl":{"start":{"line":7,"column":9},"end":{"line":7,"column":18}},"loc":{"start":{"line":7,"column":59},"end":{"line":33,"column":1}},"line":7},"1":{"name":"(anonymous_1)","decl":{"start":{"line":17,"column":29},"end":{"line":17,"column":30}},"loc":{"start":{"line":17,"column":57},"end":{"line":27,"column":21}},"line":17},"2":{"name":"(anonymous_2)","decl":{"start":{"line":23,"column":90},"end":{"line":23,"column":91}},"loc":{"start":{"line":23,"column":96},"end":{"line":23,"column":113}},"line":23},"3":{"name":"(anonymous_3)","decl":{"start":{"line":24,"column":90},"end":{"line":24,"column":91}},"loc":{"start":{"line":24,"column":94},"end":{"line":24,"column":108}},"line":24}},"branchMap":{},"s":{"0":0,"1":0,"2":0,"3":0,"4":0},"f":{"0":0,"1":0,"2":0,"3":0},"b":{},"hash":"e25d4fc1d383914237e2278a882a4e7f62288441"}
,"/Users/didactor/Documents/skylab/bootcamp/collab/skylab-bootcamp-201904/staff/groups/aldi/siempre-tarde/src/componets/Favorites/literals.js": {"path":"/Users/didactor/Documents/skylab/bootcamp/collab/skylab-bootcamp-201904/staff/groups/aldi/siempre-tarde/src/componets/Favorites/literals.js","statementMap":{},"fnMap":{},"branchMap":{},"s":{},"f":{},"b":{},"hash":"a963c3dffbf52e07cda389a0c146cab18baa4697"}
,"/Users/didactor/Documents/skylab/bootcamp/collab/skylab-bootcamp-201904/staff/groups/aldi/siempre-tarde/src/componets/Home/index.js": {"path":"/Users/didactor/Documents/skylab/bootcamp/collab/skylab-bootcamp-201904/staff/groups/aldi/siempre-tarde/src/componets/Home/index.js","statementMap":{"0":{"start":{"line":7,"column":68},"end":{"line":7,"column":82}},"1":{"start":{"line":9,"column":4},"end":{"line":29,"column":14}},"2":{"start":{"line":20,"column":103},"end":{"line":20,"column":115}},"3":{"start":{"line":22,"column":103},"end":{"line":22,"column":115}},"4":{"start":{"line":24,"column":103},"end":{"line":24,"column":116}},"5":{"start":{"line":26,"column":103},"end":{"line":26,"column":113}}},"fnMap":{"0":{"name":"Home","decl":{"start":{"line":6,"column":9},"end":{"line":6,"column":13}},"loc":{"start":{"line":6,"column":68},"end":{"line":31,"column":1}},"line":6},"1":{"name":"(anonymous_1)","decl":{"start":{"line":20,"column":99},"end":{"line":20,"column":100}},"loc":{"start":{"line":20,"column":103},"end":{"line":20,"column":115}},"line":20},"2":{"name":"(anonymous_2)","decl":{"start":{"line":22,"column":99},"end":{"line":22,"column":100}},"loc":{"start":{"line":22,"column":103},"end":{"line":22,"column":115}},"line":22},"3":{"name":"(anonymous_3)","decl":{"start":{"line":24,"column":99},"end":{"line":24,"column":100}},"loc":{"start":{"line":24,"column":103},"end":{"line":24,"column":116}},"line":24},"4":{"name":"(anonymous_4)","decl":{"start":{"line":26,"column":99},"end":{"line":26,"column":100}},"loc":{"start":{"line":26,"column":103},"end":{"line":26,"column":113}},"line":26}},"branchMap":{},"s":{"0":0,"1":0,"2":0,"3":0,"4":0,"5":0},"f":{"0":0,"1":0,"2":0,"3":0,"4":0},"b":{},"hash":"36703f3b6081d306e8b1c630493a6c7169c9f6b4"}
,"/Users/didactor/Documents/skylab/bootcamp/collab/skylab-bootcamp-201904/staff/groups/aldi/siempre-tarde/src/componets/Home/literals.js": {"path":"/Users/didactor/Documents/skylab/bootcamp/collab/skylab-bootcamp-201904/staff/groups/aldi/siempre-tarde/src/componets/Home/literals.js","statementMap":{},"fnMap":{},"branchMap":{},"s":{},"f":{},"b":{},"hash":"5100ff3c9c9447856ed07e25a9ae211dfef0a0f1"}
,"/Users/didactor/Documents/skylab/bootcamp/collab/skylab-bootcamp-201904/staff/groups/aldi/siempre-tarde/src/componets/Landing/index.js": {"path":"/Users/didactor/Documents/skylab/bootcamp/collab/skylab-bootcamp-201904/staff/groups/aldi/siempre-tarde/src/componets/Landing/index.js","statementMap":{"0":{"start":{"line":7,"column":45},"end":{"line":7,"column":59}},"1":{"start":{"line":9,"column":4},"end":{"line":22,"column":11}},"2":{"start":{"line":17,"column":100},"end":{"line":17,"column":112}},"3":{"start":{"line":18,"column":100},"end":{"line":18,"column":109}}},"fnMap":{"0":{"name":"Landing","decl":{"start":{"line":6,"column":9},"end":{"line":6,"column":16}},"loc":{"start":{"line":6,"column":48},"end":{"line":24,"column":1}},"line":6},"1":{"name":"(anonymous_1)","decl":{"start":{"line":17,"column":94},"end":{"line":17,"column":95}},"loc":{"start":{"line":17,"column":100},"end":{"line":17,"column":112}},"line":17},"2":{"name":"(anonymous_2)","decl":{"start":{"line":18,"column":94},"end":{"line":18,"column":95}},"loc":{"start":{"line":18,"column":100},"end":{"line":18,"column":109}},"line":18}},"branchMap":{},"s":{"0":0,"1":0,"2":0,"3":0},"f":{"0":0,"1":0,"2":0},"b":{},"hash":"5342c6fd4d04e4b369221f292df3852ff161e6c7"}
,"/Users/didactor/Documents/skylab/bootcamp/collab/skylab-bootcamp-201904/staff/groups/aldi/siempre-tarde/src/componets/Landing/literals.js": {"path":"/Users/didactor/Documents/skylab/bootcamp/collab/skylab-bootcamp-201904/staff/groups/aldi/siempre-tarde/src/componets/Landing/literals.js","statementMap":{},"fnMap":{},"branchMap":{},"s":{},"f":{},"b":{},"hash":"7582cfc214280b63a165847384055de230d777e5"}
,"/Users/didactor/Documents/skylab/bootcamp/collab/skylab-bootcamp-201904/staff/groups/aldi/siempre-tarde/src/componets/LineSearch/index.js": {"path":"/Users/didactor/Documents/skylab/bootcamp/collab/skylab-bootcamp-201904/staff/groups/aldi/siempre-tarde/src/componets/LineSearch/index.js","statementMap":{"0":{"start":{"line":14,"column":8},"end":{"line":14,"column":33}},"1":{"start":{"line":15,"column":8},"end":{"line":21,"column":13}},"2":{"start":{"line":17,"column":16},"end":{"line":17,"column":122}},"3":{"start":{"line":17,"column":74},"end":{"line":17,"column":121}},"4":{"start":{"line":20,"column":16},"end":{"line":20,"column":55}},"5":{"start":{"line":25,"column":8},"end":{"line":31,"column":13}},"6":{"start":{"line":27,"column":16},"end":{"line":27,"column":103}},"7":{"start":{"line":27,"column":60},"end":{"line":27,"column":102}},"8":{"start":{"line":30,"column":16},"end":{"line":30,"column":55}},"9":{"start":{"line":35,"column":8},"end":{"line":35,"column":33}},"10":{"start":{"line":37,"column":8},"end":{"line":45,"column":13}},"11":{"start":{"line":39,"column":16},"end":{"line":39,"column":168}},"12":{"start":{"line":39,"column":61},"end":{"line":39,"column":167}},"13":{"start":{"line":39,"column":122},"end":{"line":39,"column":166}},"14":{"start":{"line":44,"column":16},"end":{"line":44,"column":55}},"15":{"start":{"line":48,"column":8},"end":{"line":50,"column":50}},"16":{"start":{"line":49,"column":24},"end":{"line":49,"column":48}},"17":{"start":{"line":50,"column":26},"end":{"line":50,"column":49}},"18":{"start":{"line":60,"column":12},"end":{"line":60,"column":16}},"19":{"start":{"line":62,"column":25},"end":{"line":62,"column":39}},"20":{"start":{"line":64,"column":8},"end":{"line":72,"column":15}},"21":{"start":{"line":66,"column":60},"end":{"line":66,"column":185}},"22":{"start":{"line":67,"column":65},"end":{"line":67,"column":201}},"23":{"start":{"line":68,"column":60},"end":{"line":68,"column":186}},"24":{"start":{"line":69,"column":62},"end":{"line":69,"column":189}}},"fnMap":{"0":{"name":"(anonymous_0)","decl":{"start":{"line":13,"column":23},"end":{"line":13,"column":24}},"loc":{"start":{"line":13,"column":34},"end":{"line":22,"column":5}},"line":13},"1":{"name":"(anonymous_1)","decl":{"start":{"line":16,"column":18},"end":{"line":16,"column":19}},"loc":{"start":{"line":17,"column":16},"end":{"line":17,"column":122}},"line":17},"2":{"name":"(anonymous_2)","decl":{"start":{"line":17,"column":68},"end":{"line":17,"column":69}},"loc":{"start":{"line":17,"column":74},"end":{"line":17,"column":121}},"line":17},"3":{"name":"(anonymous_3)","decl":{"start":{"line":19,"column":19},"end":{"line":19,"column":20}},"loc":{"start":{"line":20,"column":16},"end":{"line":20,"column":55}},"line":20},"4":{"name":"(anonymous_4)","decl":{"start":{"line":24,"column":28},"end":{"line":24,"column":29}},"loc":{"start":{"line":24,"column":44},"end":{"line":32,"column":5}},"line":24},"5":{"name":"(anonymous_5)","decl":{"start":{"line":26,"column":18},"end":{"line":26,"column":19}},"loc":{"start":{"line":27,"column":16},"end":{"line":27,"column":103}},"line":27},"6":{"name":"(anonymous_6)","decl":{"start":{"line":27,"column":54},"end":{"line":27,"column":55}},"loc":{"start":{"line":27,"column":60},"end":{"line":27,"column":102}},"line":27},"7":{"name":"(anonymous_7)","decl":{"start":{"line":29,"column":19},"end":{"line":29,"column":20}},"loc":{"start":{"line":30,"column":16},"end":{"line":30,"column":55}},"line":30},"8":{"name":"(anonymous_8)","decl":{"start":{"line":34,"column":23},"end":{"line":34,"column":24}},"loc":{"start":{"line":34,"column":34},"end":{"line":46,"column":5}},"line":34},"9":{"name":"(anonymous_9)","decl":{"start":{"line":38,"column":18},"end":{"line":38,"column":19}},"loc":{"start":{"line":38,"column":27},"end":{"line":41,"column":13}},"line":38},"10":{"name":"(anonymous_10)","decl":{"start":{"line":39,"column":53},"end":{"line":39,"column":54}},"loc":{"start":{"line":39,"column":61},"end":{"line":39,"column":167}},"line":39},"11":{"name":"(anonymous_11)","decl":{"start":{"line":39,"column":116},"end":{"line":39,"column":117}},"loc":{"start":{"line":39,"column":122},"end":{"line":39,"column":166}},"line":39},"12":{"name":"(anonymous_12)","decl":{"start":{"line":43,"column":19},"end":{"line":43,"column":20}},"loc":{"start":{"line":44,"column":16},"end":{"line":44,"column":55}},"line":44},"13":{"name":"(anonymous_13)","decl":{"start":{"line":47,"column":16},"end":{"line":47,"column":17}},"loc":{"start":{"line":48,"column":8},"end":{"line":50,"column":50}},"line":48},"14":{"name":"(anonymous_14)","decl":{"start":{"line":49,"column":18},"end":{"line":49,"column":19}},"loc":{"start":{"line":49,"column":24},"end":{"line":49,"column":48}},"line":49},"15":{"name":"(anonymous_15)","decl":{"start":{"line":50,"column":18},"end":{"line":50,"column":19}},"loc":{"start":{"line":50,"column":26},"end":{"line":50,"column":49}},"line":50},"16":{"name":"(anonymous_16)","decl":{"start":{"line":52,"column":4},"end":{"line":52,"column":5}},"loc":{"start":{"line":52,"column":13},"end":{"line":73,"column":5}},"line":52},"17":{"name":"(anonymous_17)","decl":{"start":{"line":66,"column":54},"end":{"line":66,"column":55}},"loc":{"start":{"line":66,"column":60},"end":{"line":66,"column":185}},"line":66},"18":{"name":"(anonymous_18)","decl":{"start":{"line":67,"column":59},"end":{"line":67,"column":60}},"loc":{"start":{"line":67,"column":65},"end":{"line":67,"column":201}},"line":67},"19":{"name":"(anonymous_19)","decl":{"start":{"line":68,"column":54},"end":{"line":68,"column":55}},"loc":{"start":{"line":68,"column":60},"end":{"line":68,"column":186}},"line":68},"20":{"name":"(anonymous_20)","decl":{"start":{"line":69,"column":56},"end":{"line":69,"column":57}},"loc":{"start":{"line":69,"column":62},"end":{"line":69,"column":189}},"line":69}},"branchMap":{"0":{"loc":{"start":{"line":66,"column":60},"end":{"line":66,"column":185}},"type":"cond-expr","locations":[{"start":{"line":66,"column":83},"end":{"line":66,"column":163}},{"start":{"line":66,"column":166},"end":{"line":66,"column":185}}],"line":66},"1":{"loc":{"start":{"line":67,"column":65},"end":{"line":67,"column":201}},"type":"cond-expr","locations":[{"start":{"line":67,"column":88},"end":{"line":67,"column":179}},{"start":{"line":67,"column":182},"end":{"line":67,"column":201}}],"line":67},"2":{"loc":{"start":{"line":68,"column":60},"end":{"line":68,"column":186}},"type":"cond-expr","locations":[{"start":{"line":68,"column":83},"end":{"line":68,"column":164}},{"start":{"line":68,"column":167},"end":{"line":68,"column":186}}],"line":68},"3":{"loc":{"start":{"line":69,"column":62},"end":{"line":69,"column":189}},"type":"cond-expr","locations":[{"start":{"line":69,"column":85},"end":{"line":69,"column":167}},{"start":{"line":69,"column":170},"end":{"line":69,"column":189}}],"line":69}},"s":{"0":0,"1":0,"2":0,"3":0,"4":0,"5":0,"6":0,"7":0,"8":0,"9":0,"10":0,"11":0,"12":0,"13":0,"14":0,"15":0,"16":0,"17":0,"18":0,"19":0,"20":0,"21":0,"22":0,"23":0,"24":0},"f":{"0":0,"1":0,"2":0,"3":0,"4":0,"5":0,"6":0,"7":0,"8":0,"9":0,"10":0,"11":0,"12":0,"13":0,"14":0,"15":0,"16":0,"17":0,"18":0,"19":0,"20":0},"b":{"0":[0,0],"1":[0,0],"2":[0,0],"3":[0,0]},"hash":"a94129df280eb2212b9ebd1d9bd3e736b044049d"}
,"/Users/didactor/Documents/skylab/bootcamp/collab/skylab-bootcamp-201904/staff/groups/aldi/siempre-tarde/src/componets/LineSearch/literals.js": {"path":"/Users/didactor/Documents/skylab/bootcamp/collab/skylab-bootcamp-201904/staff/groups/aldi/siempre-tarde/src/componets/LineSearch/literals.js","statementMap":{},"fnMap":{},"branchMap":{},"s":{},"f":{},"b":{},"hash":"5d367be830d59429f732cbeda8123e1320afd63d"}
,"/Users/didactor/Documents/skylab/bootcamp/collab/skylab-bootcamp-201904/staff/groups/aldi/siempre-tarde/src/componets/Login/index.js": {"path":"/Users/didactor/Documents/skylab/bootcamp/collab/skylab-bootcamp-201904/staff/groups/aldi/siempre-tarde/src/componets/Login/index.js","statementMap":{"0":{"start":{"line":8,"column":50},"end":{"line":8,"column":64}},"1":{"start":{"line":11,"column":8},"end":{"line":11,"column":26}},"2":{"start":{"line":16,"column":12},"end":{"line":16,"column":20}},"3":{"start":{"line":18,"column":8},"end":{"line":18,"column":35}},"4":{"start":{"line":22,"column":4},"end":{"line":34,"column":14}}},"fnMap":{"0":{"name":"Login","decl":{"start":{"line":6,"column":9},"end":{"line":6,"column":14}},"loc":{"start":{"line":6,"column":41},"end":{"line":36,"column":1}},"line":6},"1":{"name":"handleSubmit","decl":{"start":{"line":10,"column":13},"end":{"line":10,"column":25}},"loc":{"start":{"line":10,"column":29},"end":{"line":19,"column":5}},"line":10}},"branchMap":{},"s":{"0":0,"1":0,"2":0,"3":0,"4":0},"f":{"0":0,"1":0},"b":{},"hash":"57d2136a8ae45e405e14392f03bfcbfb1f47cac8"}
,"/Users/didactor/Documents/skylab/bootcamp/collab/skylab-bootcamp-201904/staff/groups/aldi/siempre-tarde/src/componets/Login/literals.js": {"path":"/Users/didactor/Documents/skylab/bootcamp/collab/skylab-bootcamp-201904/staff/groups/aldi/siempre-tarde/src/componets/Login/literals.js","statementMap":{},"fnMap":{},"branchMap":{},"s":{},"f":{},"b":{},"hash":"c43a3b3ee27b92e2812fadd8c52d5cffc562a71e"}
,"/Users/didactor/Documents/skylab/bootcamp/collab/skylab-bootcamp-201904/staff/groups/aldi/siempre-tarde/src/componets/Register/index.js": {"path":"/Users/didactor/Documents/skylab/bootcamp/collab/skylab-bootcamp-201904/staff/groups/aldi/siempre-tarde/src/componets/Register/index.js","statementMap":{"0":{"start":{"line":8,"column":76},"end":{"line":8,"column":90}},"1":{"start":{"line":11,"column":8},"end":{"line":11,"column":26}},"2":{"start":{"line":19,"column":12},"end":{"line":19,"column":20}},"3":{"start":{"line":21,"column":8},"end":{"line":21,"column":64}},"4":{"start":{"line":25,"column":4},"end":{"line":40,"column":18}}},"fnMap":{"0":{"name":"Register","decl":{"start":{"line":6,"column":9},"end":{"line":6,"column":17}},"loc":{"start":{"line":6,"column":47},"end":{"line":41,"column":1}},"line":6},"1":{"name":"handleSubmit","decl":{"start":{"line":10,"column":13},"end":{"line":10,"column":25}},"loc":{"start":{"line":10,"column":29},"end":{"line":22,"column":5}},"line":10}},"branchMap":{},"s":{"0":0,"1":0,"2":0,"3":0,"4":0},"f":{"0":0,"1":0},"b":{},"hash":"603699154d8ce556a07091f18d687cc124d5ae03"}
,"/Users/didactor/Documents/skylab/bootcamp/collab/skylab-bootcamp-201904/staff/groups/aldi/siempre-tarde/src/componets/Register/literals.js": {"path":"/Users/didactor/Documents/skylab/bootcamp/collab/skylab-bootcamp-201904/staff/groups/aldi/siempre-tarde/src/componets/Register/literals.js","statementMap":{},"fnMap":{},"branchMap":{},"s":{},"f":{},"b":{},"hash":"4ce5ce8c53d2f595f5cca8c6049af86faa2773ae"}
,"/Users/didactor/Documents/skylab/bootcamp/collab/skylab-bootcamp-201904/staff/groups/aldi/siempre-tarde/src/componets/Results/index.js": {"path":"/Users/didactor/Documents/skylab/bootcamp/collab/skylab-bootcamp-201904/staff/groups/aldi/siempre-tarde/src/componets/Results/index.js","statementMap":{"0":{"start":{"line":9,"column":30},"end":{"line":9,"column":44}},"1":{"start":{"line":10,"column":18},"end":{"line":10,"column":60}},"2":{"start":{"line":10,"column":38},"end":{"line":10,"column":59}},"3":{"start":{"line":12,"column":4},"end":{"line":36,"column":14}},"4":{"start":{"line":15,"column":78},"end":{"line":15,"column":89}},"5":{"start":{"line":20,"column":32},"end":{"line":22,"column":23}},"6":{"start":{"line":23,"column":20},"end":{"line":30,"column":25}}},"fnMap":{"0":{"name":"Results","decl":{"start":{"line":7,"column":9},"end":{"line":7,"column":16}},"loc":{"start":{"line":7,"column":60},"end":{"line":37,"column":1}},"line":7},"1":{"name":"(anonymous_1)","decl":{"start":{"line":10,"column":28},"end":{"line":10,"column":29}},"loc":{"start":{"line":10,"column":38},"end":{"line":10,"column":59}},"line":10},"2":{"name":"(anonymous_2)","decl":{"start":{"line":15,"column":74},"end":{"line":15,"column":75}},"loc":{"start":{"line":15,"column":78},"end":{"line":15,"column":89}},"line":15},"3":{"name":"(anonymous_3)","decl":{"start":{"line":19,"column":26},"end":{"line":19,"column":27}},"loc":{"start":{"line":19,"column":95},"end":{"line":31,"column":17}},"line":19}},"branchMap":{"0":{"loc":{"start":{"line":15,"column":6},"end":{"line":15,"column":105}},"type":"binary-expr","locations":[{"start":{"line":15,"column":6},"end":{"line":15,"column":12}},{"start":{"line":15,"column":16},"end":{"line":15,"column":105}}],"line":15}},"s":{"0":0,"1":0,"2":0,"3":0,"4":0,"5":0,"6":0},"f":{"0":0,"1":0,"2":0,"3":0},"b":{"0":[0,0]},"hash":"77dd569ef119a537c51c560f45e6e24b0e9fc2f7"}
,"/Users/didactor/Documents/skylab/bootcamp/collab/skylab-bootcamp-201904/staff/groups/aldi/siempre-tarde/src/componets/Results/literals.js": {"path":"/Users/didactor/Documents/skylab/bootcamp/collab/skylab-bootcamp-201904/staff/groups/aldi/siempre-tarde/src/componets/Results/literals.js","statementMap":{},"fnMap":{},"branchMap":{},"s":{},"f":{},"b":{},"hash":"a1abd15e65c3fc6baf458a453900142cc8c9c6b3"}
,"/Users/didactor/Documents/skylab/bootcamp/collab/skylab-bootcamp-201904/staff/groups/aldi/siempre-tarde/src/componets/ResultsFav/index.js": {"path":"/Users/didactor/Documents/skylab/bootcamp/collab/skylab-bootcamp-201904/staff/groups/aldi/siempre-tarde/src/componets/ResultsFav/index.js","statementMap":{"0":{"start":{"line":9,"column":25},"end":{"line":9,"column":39}},"1":{"start":{"line":12,"column":4},"end":{"line":35,"column":14}},"2":{"start":{"line":19,"column":29},"end":{"line":21,"column":20}},"3":{"start":{"line":22,"column":17},"end":{"line":29,"column":22}}},"fnMap":{"0":{"name":"ResultsFav","decl":{"start":{"line":7,"column":9},"end":{"line":7,"column":19}},"loc":{"start":{"line":7,"column":63},"end":{"line":36,"column":1}},"line":7},"1":{"name":"(anonymous_1)","decl":{"start":{"line":18,"column":23},"end":{"line":18,"column":24}},"loc":{"start":{"line":18,"column":92},"end":{"line":30,"column":14}},"line":18}},"branchMap":{},"s":{"0":0,"1":0,"2":0,"3":0},"f":{"0":0,"1":0},"b":{},"hash":"ca9d31afe34eef964087c006124e230a7f1a7c40"}
,"/Users/didactor/Documents/skylab/bootcamp/collab/skylab-bootcamp-201904/staff/groups/aldi/siempre-tarde/src/componets/ResultsFav/literals.js": {"path":"/Users/didactor/Documents/skylab/bootcamp/collab/skylab-bootcamp-201904/staff/groups/aldi/siempre-tarde/src/componets/ResultsFav/literals.js","statementMap":{},"fnMap":{},"branchMap":{},"s":{},"f":{},"b":{},"hash":"ca0e51c1af4bc742390b4a97a3d4b734efe04cd3"}
,"/Users/didactor/Documents/skylab/bootcamp/collab/skylab-bootcamp-201904/staff/groups/aldi/siempre-tarde/src/componets/ResultsLine/index.js": {"path":"/Users/didactor/Documents/skylab/bootcamp/collab/skylab-bootcamp-201904/staff/groups/aldi/siempre-tarde/src/componets/ResultsLine/index.js","statementMap":{"0":{"start":{"line":8,"column":43},"end":{"line":8,"column":57}},"1":{"start":{"line":9,"column":18},"end":{"line":9,"column":71}},"2":{"start":{"line":9,"column":38},"end":{"line":9,"column":70}},"3":{"start":{"line":10,"column":4},"end":{"line":34,"column":14}},"4":{"start":{"line":13,"column":77},"end":{"line":13,"column":99}},"5":{"start":{"line":18,"column":32},"end":{"line":20,"column":23}},"6":{"start":{"line":21,"column":20},"end":{"line":28,"column":25}}},"fnMap":{"0":{"name":"ResultsLine","decl":{"start":{"line":7,"column":9},"end":{"line":7,"column":20}},"loc":{"start":{"line":7,"column":57},"end":{"line":35,"column":1}},"line":7},"1":{"name":"(anonymous_1)","decl":{"start":{"line":9,"column":28},"end":{"line":9,"column":29}},"loc":{"start":{"line":9,"column":38},"end":{"line":9,"column":70}},"line":9},"2":{"name":"(anonymous_2)","decl":{"start":{"line":13,"column":73},"end":{"line":13,"column":74}},"loc":{"start":{"line":13,"column":77},"end":{"line":13,"column":99}},"line":13},"3":{"name":"(anonymous_3)","decl":{"start":{"line":17,"column":25},"end":{"line":17,"column":26}},"loc":{"start":{"line":17,"column":72},"end":{"line":29,"column":17}},"line":17}},"branchMap":{"0":{"loc":{"start":{"line":13,"column":5},"end":{"line":13,"column":115}},"type":"binary-expr","locations":[{"start":{"line":13,"column":5},"end":{"line":13,"column":11}},{"start":{"line":13,"column":15},"end":{"line":13,"column":115}}],"line":13}},"s":{"0":0,"1":0,"2":0,"3":0,"4":0,"5":0,"6":0},"f":{"0":0,"1":0,"2":0,"3":0},"b":{"0":[0,0]},"hash":"65fed3509d003bf1ed847eb94842487b2b80642d"}
,"/Users/didactor/Documents/skylab/bootcamp/collab/skylab-bootcamp-201904/staff/groups/aldi/siempre-tarde/src/componets/ResultsLine/literals.js": {"path":"/Users/didactor/Documents/skylab/bootcamp/collab/skylab-bootcamp-201904/staff/groups/aldi/siempre-tarde/src/componets/ResultsLine/literals.js","statementMap":{},"fnMap":{},"branchMap":{},"s":{},"f":{},"b":{},"hash":"70b84407c0eb26989ad5ddc985ed65022ef389b1"}
,"/Users/didactor/Documents/skylab/bootcamp/collab/skylab-bootcamp-201904/staff/groups/aldi/siempre-tarde/src/componets/StopCode/index.js": {"path":"/Users/didactor/Documents/skylab/bootcamp/collab/skylab-bootcamp-201904/staff/groups/aldi/siempre-tarde/src/componets/StopCode/index.js","statementMap":{"0":{"start":{"line":8,"column":46},"end":{"line":8,"column":60}},"1":{"start":{"line":11,"column":8},"end":{"line":11,"column":26}},"2":{"start":{"line":15,"column":12},"end":{"line":15,"column":20}},"3":{"start":{"line":16,"column":21},"end":{"line":16,"column":41}},"4":{"start":{"line":18,"column":8},"end":{"line":18,"column":24}},"5":{"start":{"line":24,"column":4},"end":{"line":35,"column":14}}},"fnMap":{"0":{"name":"StopCode","decl":{"start":{"line":7,"column":9},"end":{"line":7,"column":17}},"loc":{"start":{"line":7,"column":43},"end":{"line":37,"column":1}},"line":7},"1":{"name":"handleSubmit","decl":{"start":{"line":10,"column":13},"end":{"line":10,"column":25}},"loc":{"start":{"line":10,"column":29},"end":{"line":21,"column":5}},"line":10}},"branchMap":{},"s":{"0":0,"1":0,"2":0,"3":0,"4":0,"5":0},"f":{"0":0,"1":0},"b":{},"hash":"f73d29bd73f142e17199d9ad9d03f55b318b4f3c"}
,"/Users/didactor/Documents/skylab/bootcamp/collab/skylab-bootcamp-201904/staff/groups/aldi/siempre-tarde/src/componets/StopCode/literals.js": {"path":"/Users/didactor/Documents/skylab/bootcamp/collab/skylab-bootcamp-201904/staff/groups/aldi/siempre-tarde/src/componets/StopCode/literals.js","statementMap":{},"fnMap":{},"branchMap":{},"s":{},"f":{},"b":{},"hash":"f553b04cc236f6ee0aabbbdcf8a1989cc242ef60"}
,"/Users/didactor/Documents/skylab/bootcamp/collab/skylab-bootcamp-201904/staff/groups/aldi/siempre-tarde/src/componets/StopLine/index.js": {"path":"/Users/didactor/Documents/skylab/bootcamp/collab/skylab-bootcamp-201904/staff/groups/aldi/siempre-tarde/src/componets/StopLine/index.js","statementMap":{"0":{"start":{"line":8,"column":37},"end":{"line":8,"column":51}},"1":{"start":{"line":11,"column":24},"end":{"line":11,"column":25}},"2":{"start":{"line":12,"column":8},"end":{"line":15,"column":9}},"3":{"start":{"line":13,"column":12},"end":{"line":13,"column":27}},"4":{"start":{"line":14,"column":12},"end":{"line":14,"column":42}},"5":{"start":{"line":16,"column":8},"end":{"line":19,"column":9}},"6":{"start":{"line":17,"column":25},"end":{"line":17,"column":95}},"7":{"start":{"line":18,"column":12},"end":{"line":18,"column":38}},"8":{"start":{"line":21,"column":4},"end":{"line":21,"column":38}},"9":{"start":{"line":23,"column":4},"end":{"line":42,"column":14}},"10":{"start":{"line":29,"column":39},"end":{"line":29,"column":67}},"11":{"start":{"line":34,"column":24},"end":{"line":34,"column":103}}},"fnMap":{"0":{"name":"StopLine","decl":{"start":{"line":7,"column":9},"end":{"line":7,"column":17}},"loc":{"start":{"line":7,"column":61},"end":{"line":51,"column":1}},"line":7},"1":{"name":"dynamicSort","decl":{"start":{"line":10,"column":13},"end":{"line":10,"column":24}},"loc":{"start":{"line":10,"column":35},"end":{"line":20,"column":5}},"line":10},"2":{"name":"(anonymous_2)","decl":{"start":{"line":16,"column":15},"end":{"line":16,"column":16}},"loc":{"start":{"line":16,"column":30},"end":{"line":19,"column":9}},"line":16},"3":{"name":"(anonymous_3)","decl":{"start":{"line":29,"column":30},"end":{"line":29,"column":31}},"loc":{"start":{"line":29,"column":39},"end":{"line":29,"column":67}},"line":29},"4":{"name":"(anonymous_4)","decl":{"start":{"line":32,"column":30},"end":{"line":32,"column":31}},"loc":{"start":{"line":32,"column":69},"end":{"line":35,"column":21}},"line":32}},"branchMap":{"0":{"loc":{"start":{"line":12,"column":8},"end":{"line":15,"column":9}},"type":"if","locations":[{"start":{"line":12,"column":8},"end":{"line":15,"column":9}},{"start":{"line":12,"column":8},"end":{"line":15,"column":9}}],"line":12},"1":{"loc":{"start":{"line":17,"column":25},"end":{"line":17,"column":95}},"type":"cond-expr","locations":[{"start":{"line":17,"column":55},"end":{"line":17,"column":57}},{"start":{"line":17,"column":60},"end":{"line":17,"column":95}}],"line":17},"2":{"loc":{"start":{"line":17,"column":60},"end":{"line":17,"column":95}},"type":"cond-expr","locations":[{"start":{"line":17,"column":90},"end":{"line":17,"column":91}},{"start":{"line":17,"column":94},"end":{"line":17,"column":95}}],"line":17}},"s":{"0":0,"1":0,"2":0,"3":0,"4":0,"5":0,"6":0,"7":0,"8":0,"9":0,"10":0,"11":0},"f":{"0":0,"1":0,"2":0,"3":0,"4":0},"b":{"0":[0,0],"1":[0,0],"2":[0,0]},"hash":"295e9a1e1e4fb257dbcc733ce0932beddcbe2ff5"}
,"/Users/didactor/Documents/skylab/bootcamp/collab/skylab-bootcamp-201904/staff/groups/aldi/siempre-tarde/src/componets/StopLine/literals.js": {"path":"/Users/didactor/Documents/skylab/bootcamp/collab/skylab-bootcamp-201904/staff/groups/aldi/siempre-tarde/src/componets/StopLine/literals.js","statementMap":{},"fnMap":{},"branchMap":{},"s":{},"f":{},"b":{},"hash":"84229202aa132ca02ac234bb9cf5cca6c71a8b15"}
,"/Users/didactor/Documents/skylab/bootcamp/collab/skylab-bootcamp-201904/staff/groups/aldi/siempre-tarde/src/componets/StopLine2/index.js": {"path":"/Users/didactor/Documents/skylab/bootcamp/collab/skylab-bootcamp-201904/staff/groups/aldi/siempre-tarde/src/componets/StopLine2/index.js","statementMap":{"0":{"start":{"line":8,"column":37},"end":{"line":8,"column":51}},"1":{"start":{"line":10,"column":4},"end":{"line":29,"column":14}},"2":{"start":{"line":16,"column":39},"end":{"line":16,"column":67}},"3":{"start":{"line":21,"column":24},"end":{"line":21,"column":121}}},"fnMap":{"0":{"name":"StopLine2","decl":{"start":{"line":7,"column":9},"end":{"line":7,"column":18}},"loc":{"start":{"line":7,"column":67},"end":{"line":38,"column":1}},"line":7},"1":{"name":"(anonymous_1)","decl":{"start":{"line":16,"column":30},"end":{"line":16,"column":31}},"loc":{"start":{"line":16,"column":39},"end":{"line":16,"column":67}},"line":16},"2":{"name":"(anonymous_2)","decl":{"start":{"line":19,"column":30},"end":{"line":19,"column":31}},"loc":{"start":{"line":19,"column":68},"end":{"line":22,"column":21}},"line":19}},"branchMap":{},"s":{"0":0,"1":0,"2":0,"3":0},"f":{"0":0,"1":0,"2":0},"b":{},"hash":"ee7c7cc429a333a192f0064cfd97cb150c02cd5b"}
,"/Users/didactor/Documents/skylab/bootcamp/collab/skylab-bootcamp-201904/staff/groups/aldi/siempre-tarde/src/componets/StopLine2/literals.js": {"path":"/Users/didactor/Documents/skylab/bootcamp/collab/skylab-bootcamp-201904/staff/groups/aldi/siempre-tarde/src/componets/StopLine2/literals.js","statementMap":{},"fnMap":{},"branchMap":{},"s":{},"f":{},"b":{},"hash":"196b09c141f35260a63d715156d5bf36753168ec"}
,"/Users/didactor/Documents/skylab/bootcamp/collab/skylab-bootcamp-201904/staff/groups/aldi/siempre-tarde/src/componets/StopLine3/index.js": {"path":"/Users/didactor/Documents/skylab/bootcamp/collab/skylab-bootcamp-201904/staff/groups/aldi/siempre-tarde/src/componets/StopLine3/index.js","statementMap":{"0":{"start":{"line":8,"column":37},"end":{"line":8,"column":51}},"1":{"start":{"line":11,"column":24},"end":{"line":11,"column":25}},"2":{"start":{"line":12,"column":8},"end":{"line":15,"column":9}},"3":{"start":{"line":13,"column":12},"end":{"line":13,"column":27}},"4":{"start":{"line":14,"column":12},"end":{"line":14,"column":42}},"5":{"start":{"line":16,"column":8},"end":{"line":19,"column":9}},"6":{"start":{"line":17,"column":25},"end":{"line":17,"column":95}},"7":{"start":{"line":18,"column":12},"end":{"line":18,"column":38}},"8":{"start":{"line":22,"column":4},"end":{"line":22,"column":38}},"9":{"start":{"line":24,"column":4},"end":{"line":43,"column":14}},"10":{"start":{"line":30,"column":39},"end":{"line":30,"column":67}},"11":{"start":{"line":35,"column":24},"end":{"line":35,"column":101}}},"fnMap":{"0":{"name":"StopLine3","decl":{"start":{"line":7,"column":9},"end":{"line":7,"column":18}},"loc":{"start":{"line":7,"column":62},"end":{"line":52,"column":1}},"line":7},"1":{"name":"dynamicSort","decl":{"start":{"line":10,"column":13},"end":{"line":10,"column":24}},"loc":{"start":{"line":10,"column":35},"end":{"line":20,"column":5}},"line":10},"2":{"name":"(anonymous_2)","decl":{"start":{"line":16,"column":15},"end":{"line":16,"column":16}},"loc":{"start":{"line":16,"column":30},"end":{"line":19,"column":9}},"line":16},"3":{"name":"(anonymous_3)","decl":{"start":{"line":30,"column":30},"end":{"line":30,"column":31}},"loc":{"start":{"line":30,"column":39},"end":{"line":30,"column":67}},"line":30},"4":{"name":"(anonymous_4)","decl":{"start":{"line":33,"column":30},"end":{"line":33,"column":31}},"loc":{"start":{"line":33,"column":58},"end":{"line":36,"column":21}},"line":33}},"branchMap":{"0":{"loc":{"start":{"line":12,"column":8},"end":{"line":15,"column":9}},"type":"if","locations":[{"start":{"line":12,"column":8},"end":{"line":15,"column":9}},{"start":{"line":12,"column":8},"end":{"line":15,"column":9}}],"line":12},"1":{"loc":{"start":{"line":17,"column":25},"end":{"line":17,"column":95}},"type":"cond-expr","locations":[{"start":{"line":17,"column":55},"end":{"line":17,"column":57}},{"start":{"line":17,"column":60},"end":{"line":17,"column":95}}],"line":17},"2":{"loc":{"start":{"line":17,"column":60},"end":{"line":17,"column":95}},"type":"cond-expr","locations":[{"start":{"line":17,"column":90},"end":{"line":17,"column":91}},{"start":{"line":17,"column":94},"end":{"line":17,"column":95}}],"line":17}},"s":{"0":0,"1":0,"2":0,"3":0,"4":0,"5":0,"6":0,"7":0,"8":0,"9":0,"10":0,"11":0},"f":{"0":0,"1":0,"2":0,"3":0,"4":0},"b":{"0":[0,0],"1":[0,0],"2":[0,0]},"hash":"c92fe551945b291b8063aa3ff39cf1763f477f8d"}
,"/Users/didactor/Documents/skylab/bootcamp/collab/skylab-bootcamp-201904/staff/groups/aldi/siempre-tarde/src/componets/StopLine3/literals.js": {"path":"/Users/didactor/Documents/skylab/bootcamp/collab/skylab-bootcamp-201904/staff/groups/aldi/siempre-tarde/src/componets/StopLine3/literals.js","statementMap":{},"fnMap":{},"branchMap":{},"s":{},"f":{},"b":{},"hash":"f1b8e57afad436826fd764ccb5de904dc3c78adf"}
,"/Users/didactor/Documents/skylab/bootcamp/collab/skylab-bootcamp-201904/staff/groups/aldi/siempre-tarde/src/data/ibus-api/index.js": {"path":"/Users/didactor/Documents/skylab/bootcamp/collab/skylab-bootcamp-201904/staff/groups/aldi/siempre-tarde/src/data/ibus-api/index.js","statementMap":{"0":{"start":{"line":5,"column":16},"end":{"line":60,"column":1}},"1":{"start":{"line":13,"column":8},"end":{"line":15,"column":10}},"2":{"start":{"line":17,"column":8},"end":{"line":32,"column":10}},"3":{"start":{"line":21,"column":12},"end":{"line":23,"column":13}},"4":{"start":{"line":22,"column":16},"end":{"line":22,"column":38}},"5":{"start":{"line":24,"column":12},"end":{"line":24,"column":80}},"6":{"start":{"line":24,"column":41},"end":{"line":24,"column":80}},"7":{"start":{"line":25,"column":12},"end":{"line":25,"column":84}},"8":{"start":{"line":25,"column":41},"end":{"line":25,"column":84}},"9":{"start":{"line":28,"column":34},"end":{"line":28,"column":42}},"10":{"start":{"line":29,"column":12},"end":{"line":31,"column":38}},"11":{"start":{"line":30,"column":16},"end":{"line":30,"column":56}},"12":{"start":{"line":31,"column":21},"end":{"line":31,"column":36}},"13":{"start":{"line":37,"column":8},"end":{"line":40,"column":10}},"14":{"start":{"line":42,"column":8},"end":{"line":58,"column":10}},"15":{"start":{"line":46,"column":12},"end":{"line":48,"column":13}},"16":{"start":{"line":47,"column":16},"end":{"line":47,"column":38}},"17":{"start":{"line":49,"column":12},"end":{"line":49,"column":80}},"18":{"start":{"line":49,"column":41},"end":{"line":49,"column":80}},"19":{"start":{"line":50,"column":12},"end":{"line":50,"column":84}},"20":{"start":{"line":50,"column":41},"end":{"line":50,"column":84}},"21":{"start":{"line":54,"column":34},"end":{"line":54,"column":42}},"22":{"start":{"line":55,"column":12},"end":{"line":57,"column":38}},"23":{"start":{"line":56,"column":16},"end":{"line":56,"column":56}},"24":{"start":{"line":57,"column":21},"end":{"line":57,"column":36}}},"fnMap":{"0":{"name":"(anonymous_0)","decl":{"start":{"line":12,"column":4},"end":{"line":12,"column":5}},"loc":{"start"
[...]
196,"column":8},"end":{"line":196,"column":112}},"64":{"start":{"line":196,"column":60},"end":{"line":196,"column":110}},"65":{"start":{"line":199,"column":8},"end":{"line":219,"column":14}},"66":{"start":{"line":201,"column":37},"end":{"line":201,"column":45}},"67":{"start":{"line":203,"column":28},"end":{"line":203,"column":30}},"68":{"start":{"line":205,"column":16},"end":{"line":216,"column":18}},"69":{"start":{"line":211,"column":24},"end":{"line":211,"column":25}},"70":{"start":{"line":212,"column":20},"end":{"line":214,"column":21}},"71":{"start":{"line":213,"column":24},"end":{"line":213,"column":58}},"72":{"start":{"line":218,"column":16},"end":{"line":218,"column":28}},"73":{"start":{"line":224,"column":8},"end":{"line":226,"column":10}},"74":{"start":{"line":228,"column":20},"end":{"line":228,"column":22}},"75":{"start":{"line":229,"column":24},"end":{"line":229,"column":26}},"76":{"start":{"line":231,"column":8},"end":{"line":307,"column":14}},"77":{"start":{"line":233,"column":85},"end":{"line":233,"column":93}},"78":{"start":{"line":234,"column":16},"end":{"line":234,"column":38}},"79":{"start":{"line":236,"column":16},"end":{"line":236,"column":54}},"80":{"start":{"line":240,"column":43},"end":{"line":240,"column":51}},"81":{"start":{"line":242,"column":16},"end":{"line":242,"column":79}},"82":{"start":{"line":242,"column":39},"end":{"line":242,"column":79}},"83":{"start":{"line":244,"column":16},"end":{"line":251,"column":18}},"84":{"start":{"line":246,"column":97},"end":{"line":246,"column":100}},"85":{"start":{"line":248,"column":20},"end":{"line":248,"column":70}},"86":{"start":{"line":250,"column":20},"end":{"line":250,"column":55}},"87":{"start":{"line":253,"column":25},"end":{"line":267,"column":14}},"88":{"start":{"line":254,"column":16},"end":{"line":266,"column":18}},"89":{"start":{"line":255,"column":20},"end":{"line":265,"column":22}},"90":{"start":{"line":264,"column":24},"end":{"line":264,"column":100}},"91":{"start":{"line":270,"column":36},"end":{"line":270,"column":38}},"92":{"start":{"line":271,"column":16},"end":{"line":305,"column":18}},"93":{"start":{"line":272,"column":35},"end":{"line":272,"column":40}},"94":{"start":{"line":273,"column":28},"end":{"line":273,"column":29}},"95":{"start":{"line":274,"column":37},"end":{"line":274,"column":46}},"96":{"start":{"line":275,"column":36},"end":{"line":275,"column":38}},"97":{"start":{"line":276,"column":36},"end":{"line":276,"column":38}},"98":{"start":{"line":277,"column":36},"end":{"line":277,"column":38}},"99":{"start":{"line":278,"column":38},"end":{"line":278,"column":40}},"100":{"start":{"line":280,"column":20},"end":{"line":290,"column":21}},"101":{"start":{"line":281,"column":24},"end":{"line":289,"column":36}},"102":{"start":{"line":282,"column":28},"end":{"line":282,"column":58}},"103":{"start":{"line":283,"column":28},"end":{"line":283,"column":56}},"104":{"start":{"line":284,"column":28},"end":{"line":284,"column":56}},"105":{"start":{"line":285,"column":28},"end":{"line":285,"column":56}},"106":{"start":{"line":286,"column":28},"end":{"line":286,"column":60}},"107":{"start":{"line":287,"column":28},"end":{"line":287,"column":43}},"108":{"start":{"line":289,"column":31},"end":{"line":289,"column":34}},"109":{"start":{"line":291,"column":20},"end":{"line":303,"column":22}},"110":{"start":{"line":306,"column":16},"end":{"line":306,"column":36}},"111":{"start":{"line":314,"column":8},"end":{"line":317,"column":10}},"112":{"start":{"line":319,"column":20},"end":{"line":319,"column":22}},"113":{"start":{"line":321,"column":28},"end":{"line":321,"column":30}},"114":{"start":{"line":323,"column":8},"end":{"line":395,"column":13}},"115":{"start":{"line":326,"column":43},"end":{"line":326,"column":51}},"116":{"start":{"line":328,"column":16},"end":{"line":328,"column":79}},"117":{"start":{"line":328,"column":39},"end":{"line":328,"column":79}},"118":{"start":{"line":330,"column":16},"end":{"line":338,"column":18}},"119":{"start":{"line":332,"column":91},"end":{"line":332,"column":94}},"120":{"start":{"line":335,"column":20},"end":{"line":335,"column":73}},"121":{"start":{"line":337,"column":20},"end":{"line":337,"column":62}},"122":{"start":{"line":340,"column":25},"end":{"line":353,"column":14}},"123":{"start":{"line":342,"column":16},"end":{"line":352,"column":18}},"124":{"start":{"line":343,"column":20},"end":{"line":351,"column":107}},"125":{"start":{"line":351,"column":28},"end":{"line":351,"column":104}},"126":{"start":{"line":357,"column":16},"end":{"line":369,"column":18}},"127":{"start":{"line":358,"column":20},"end":{"line":368,"column":22}},"128":{"start":{"line":371,"column":16},"end":{"line":371,"column":55}},"129":{"start":{"line":375,"column":32},"end":{"line":375,"column":34}},"130":{"start":{"line":377,"column":110},"end":{"line":377,"column":118}},"131":{"start":{"line":379,"column":16},"end":{"line":391,"column":18}},"132":{"start":{"line":392,"column":16},"end":{"line":392,"column":32}}},"fnMap":{"0":{"name":"(anonymous_0)","decl":{"start":{"line":12,"column":4},"end":{"line":12,"column":5}},"loc":{"start":{"line":12,"column":23},"end":{"line":14,"column":5}},"line":12},"1":{"name":"(anonymous_1)","decl":{"start":{"line":16,"column":4},"end":{"line":16,"column":5}},"loc":{"start":{"line":16,"column":21},"end":{"line":18,"column":5}},"line":16},"2":{"name":"(anonymous_2)","decl":{"start":{"line":20,"column":4},"end":{"line":20,"column":5}},"loc":{"start":{"line":20,"column":29},"end":{"line":22,"column":5}},"line":20},"3":{"name":"(anonymous_3)","decl":{"start":{"line":24,"column":4},"end":{"line":24,"column":5}},"loc":{"start":{"line":24,"column":24},"end":{"line":26,"column":5}},"line":24},"4":{"name":"(anonymous_4)","decl":{"start":{"line":28,"column":4},"end":{"line":28,"column":5}},"loc":{"start":{"line":28,"column":25},"end":{"line":30,"column":5}},"line":28},"5":{"name":"(anonymous_5)","decl":{"start":{"line":32,"column":4},"end":{"line":32,"column":5}},"loc":{"start":{"line":32,"column":60},"end":{"line":52,"column":5}},"line":32},"6":{"name":"(anonymous_6)","decl":{"start":{"line":47,"column":18},"end":{"line":47,"column":19}},"loc":{"start":{"line":47,"column":30},"end":{"line":51,"column":13}},"line":47},"7":{"name":"(anonymous_7)","decl":{"start":{"line":54,"column":4},"end":{"line":54,"column":5}},"loc":{"start":{"line":54,"column":31},"end":{"line":71,"column":5}},"line":54},"8":{"name":"(anonymous_8)","decl":{"start":{"line":63,"column":18},"end":{"line":63,"column":19}},"loc":{"start":{"line":63,"column":30},"end":{"line":70,"column":13}},"line":63},"9":{"name":"(anonymous_9)","decl":{"start":{"line":73,"column":4},"end":{"line":73,"column":5}},"loc":{"start":{"line":73,"column":19},"end":{"line":82,"column":5}},"line":73},"10":{"name":"(anonymous_10)","decl":{"start":{"line":75,"column":18},"end":{"line":75,"column":19}},"loc":{"start":{"line":75,"column":30},"end":{"line":81,"column":13}},"line":75},"11":{"name":"(anonymous_11)","decl":{"start":{"line":84,"column":4},"end":{"line":84,"column":5}},"loc":{"start":{"line":84,"column":17},"end":{"line":86,"column":5}},"line":84},"12":{"name":"(anonymous_12)","decl":{"start":{"line":89,"column":4},"end":{"line":89,"column":5}},"loc":{"start":{"line":89,"column":27},"end":{"line":114,"column":5}},"line":89},"13":{"name":"(anonymous_13)","decl":{"start":{"line":96,"column":18},"end":{"line":96,"column":19}},"loc":{"start":{"line":96,"column":30},"end":{"line":112,"column":13}},"line":96},"14":{"name":"(anonymous_14)","decl":{"start":{"line":108,"column":30},"end":{"line":108,"column":31}},"loc":{"start":{"line":108,"column":36},"end":{"line":108,"column":39}},"line":108},"15":{"name":"(anonymous_15)","decl":{"start":{"line":117,"column":4},"end":{"line":117,"column":5}},"loc":{"start":{"line":117,"column":23},"end":{"line":140,"column":5}},"line":117},"16":{"name":"(anonymous_16)","decl":{"start":{"line":121,"column":18},"end":{"line":121,"column":19}},"loc":{"start":{"line":121,"column":30},"end":{"line":139,"column":13}},"line":121},"17":{"name":"(anonymous_17)","decl":{"start":{"line":129,"column":56},"end":{"line":129,"column":57}},"loc":{"start":{"line":129,"column":67},"end":{"line":129,"column":99}},"line":129},"18":{"name":"(anonymous_18)","decl":{"start":{"line":131,"column":55},"end":{"line":131,"column":56}},"loc":{"start":{"line":131,"column":67},"end":{"line":133,"column":25}},"line":131},"19":{"name":"(anonymous_19)","decl":{"start":{"line":132,"column":48},"end":{"line":132,"column":49}},"loc":{"start":{"line":132,"column":138},"end":{"line":132,"column":160}},"line":132},"20":{"name":"(anonymous_20)","decl":{"start":{"line":143,"column":4},"end":{"line":143,"column":5}},"loc":{"start":{"line":143,"column":30},"end":{"line":165,"column":5}},"line":143},"21":{"name":"(anonymous_21)","decl":{"start":{"line":150,"column":18},"end":{"line":150,"column":19}},"loc":{"start":{"line":150,"column":30},"end":{"line":164,"column":13}},"line":150},"22":{"name":"(anonymous_22)","decl":{"start":{"line":153,"column":36},"end":{"line":153,"column":37}},"loc":{"start":{"line":161,"column":22},"end":{"line":163,"column":17}},"line":161},"23":{"name":"(anonymous_23)","decl":{"start":{"line":168,"column":4},"end":{"line":168,"column":5}},"loc":{"start":{"line":168,"column":34},"end":{"line":186,"column":5}},"line":168},"24":{"name":"(anonymous_24)","decl":{"start":{"line":175,"column":18},"end":{"line":175,"column":19}},"loc":{"start":{"line":175,"column":30},"end":{"line":185,"column":13}},"line":175},"25":{"name":"(anonymous_25)","decl":{"start":{"line":178,"column":36},"end":{"line":178,"column":37}},"loc":{"start":{"line":182,"column":22},"end":{"line":184,"column":17}},"line":182},"26":{"name":"(anonymous_26)","decl":{"start":{"line":189,"column":4},"end":{"line":189,"column":5}},"loc":{"start":{"line":189,"column":44},"end":{"line":220,"column":5}},"line":189},"27":{"name":"(anonymous_27)","decl":{"start":{"line":200,"column":18},"end":{"line":200,"column":19}},"loc":{"start":{"line":200,"column":30},"end":{"line":219,"column":13}},"line":200},"28":{"name":"(anonymous_28)","decl":{"start":{"line":205,"column":33},"end":{"line":205,"column":34}},"loc":{"start":{"line":205,"column":38},"end":{"line":216,"column":17}},"line":205},"29":{"name":"(anonymous_29)","decl":{"start":{"line":222,"column":4},"end":{"line":222,"column":5}},"loc":{"start":{"line":222,"column":33},"end":{"line":308,"column":5}},"line":222},"30":{"name":"(anonymous_30)","decl":{"start":{"line":232,"column":18},"end":{"line":232,"column":19}},"loc":{"start":{"line":232,"column":30},"end":{"line":237,"column":13}},"line":232},"31":{"name":"(anonymous_31)","decl":{"start":{"line":238,"column":18},"end":{"line":238,"column":19}},"loc":{"start":{"line":238,"column":30},"end":{"line":252,"column":13}},"line":238},"32":{"name":"(anonymous_32)","decl":{"start":{"line":244,"column":32},"end":{"line":244,"column":33}},"loc":{"start":{"line":244,"column":48},"end":{"line":251,"column":17}},"line":244},"33":{"name":"(anonymous_33)","decl":{"start":{"line":253,"column":18},"end":{"line":253,"column":19}},"loc":{"start":{"line":253,"column":25},"end":{"line":267,"column":14}},"line":253},"34":{"name":"(anonymous_34)","decl":{"start":{"line":253,"column":47},"end":{"line":253,"column":48}},"loc":{"start":{"line":253,"column":59},"end":{"line":267,"column":13}},"line":253},"35":{"name":"(anonymous_35)","decl":{"start":{"line":254,"column":36},"end":{"line":254,"column":37}},"loc":{"start":{"line":254,"column":54},"end":{"line":266,"column":17}},"line":254},"36":{"name":"(anonymous_36)","decl":{"start":{"line":255,"column":40},"end":{"line":255,"column":41}},"loc":{"start":{"line":263,"column":26},"end":{"line":265,"column":21}},"line":263},"37":{"name":"(anonymous_37)","decl":{"start":{"line":269,"column":18},"end":{"line":269,"column":19}},"loc":{"start":{"line":269,"column":26},"end":{"line":307,"column":13}},"line":269},"38":{"name":"(anonymous_38)","decl":{"start":{"line":271,"column":25},"end":{"line":271,"column":26}},"loc":{"start":{"line":271,"column":41},"end":{"line":305,"column":17}},"line":271},"39":{"name":"(anonymous_39)","decl":{"start":{"line":312,"column":4},"end":{"line":312,"column":5}},"loc":{"start":{"line":312,"column":49},"end":{"line":396,"column":5}},"line":312},"40":{"name":"(anonymous_40)","decl":{"start":{"line":324,"column":18},"end":{"line":324,"column":19}},"loc":{"start":{"line":324,"column":30},"end":{"line":339,"column":13}},"line":324},"41":{"name":"(anonymous_41)","decl":{"start":{"line":330,"column":32},"end":{"line":330,"column":33}},"loc":{"start":{"line":330,"column":48},"end":{"line":338,"column":17}},"line":330},"42":{"name":"(anonymous_42)","decl":{"start":{"line":340,"column":18},"end":{"line":340,"column":19}},"loc":{"start":{"line":340,"column":25},"end":{"line":353,"column":14}},"line":340},"43":{"name":"(anonymous_43)","decl":{"start":{"line":340,"column":47},"end":{"line":340,"column":48}},"loc":{"start":{"line":340,"column":59},"end":{"line":353,"column":13}},"line":340},"44":{"name":"(anonymous_44)","decl":{"start":{"line":342,"column":36},"end":{"line":342,"column":37}},"loc":{"start":{"line":342,"column":54},"end":{"line":352,"column":17}},"line":342},"45":{"name":"(anonymous_45)","decl":{"start":{"line":343,"column":40},"end":{"line":343,"column":41}},"loc":{"start":{"line":351,"column":26},"end":{"line":351,"column":106}},"line":351},"46":{"name":"(anonymous_46)","decl":{"start":{"line":355,"column":18},"end":{"line":355,"column":19}},"loc":{"start":{"line":355,"column":26},"end":{"line":372,"column":13}},"line":355},"47":{"name":"(anonymous_47)","decl":{"start":{"line":357,"column":25},"end":{"line":357,"column":26}},"loc":{"start":{"line":357,"column":34},"end":{"line":369,"column":17}},"line":357},"48":{"name":"(anonymous_48)","decl":{"start":{"line":373,"column":18},"end":{"line":373,"column":19}},"loc":{"start":{"line":373,"column":30},"end":{"line":393,"column":13}},"line":373}},"branchMap":{"0":{"loc":{"start":{"line":29,"column":18},"end":{"line":29,"column":55}},"type":"binary-expr","locations":[{"start":{"line":29,"column":18},"end":{"line":29,"column":33}},{"start":{"line":29,"column":37},"end":{"line":29,"column":55}}],"line":29},"1":{"loc":{"start":{"line":44,"column":8},"end":{"line":44,"column":83}},"type":"if","locations":[{"start":{"line":44,"column":8},"end":{"line":44,"column":83}},{"start":{"line":44,"column":8},"end":{"line":44,"column":83}}],"line":44},"2":{"loc":{"start":{"line":48,"column":16},"end":{"line":48,"column":52}},"type":"if","locations":[{"start":{"line":48,"column":16},"end":{"line":48,"column":52}},{"start":{"line":48,"column":16},"end":{"line":48,"column":52}}],"line":48},"3":{"loc":{"start":{"line":64,"column":16},"end":{"line":69,"column":59}},"type":"if","locations":[{"start":{"line":64,"column":16},"end":{"line":69,"column":59}},{"start":{"line":64,"column":16},"end":{"line":69,"column":59}}],"line":64},"4":{"loc":{"start":{"line":76,"column":16},"end":{"line":80,"column":59}},"type":"if","locations":[{"start":{"line":76,"column":16},"end":{"line":80,"column":59}},{"start":{"line":76,"column":16},"end":{"line":80,"column":59}}],"line":76},"5":{"loc":{"start":{"line":99,"column":16},"end":{"line":109,"column":17}},"type":"if","locations":[{"start":{"line":99,"column":16},"end":{"line":109,"column":17}},{"start":{"line":99,"column":16},"end":{"line":109,"column":17}}],"line":99},"6":{"loc":{"start":{"line":100,"column":28},"end":{"line":100,"column":46}},"type":"default-arg","locations":[{"start":{"line":100,"column":44},"end":{"line":100,"column":46}}],"line":100},"7":{"loc":{"start":{"line":104,"column":20},"end":{"line":105,"column":55}},"type":"if","locations":[{"start":{"line":104,"column":20},"end":{"line":105,"column":55}},{"start":{"line":104,"column":20},"end":{"line":105,"column":55}}],"line":104},"8":{"loc":{"start":{"line":125,"column":16},"end":{"line":138,"column":59}},"type":"if","locations":[{"start":{"line":125,"column":16},"end":{"line":138,"column":59}},{"start":{"line":125,"column":16},"end":{"line":138,"column":59}}],"line":125},"9":{"loc":{"start":{"line":126,"column":28},"end":{"line":126,"column":46}},"type":"default-arg","locations":[{"start":{"line":126,"column":44},"end":{"line":126,"column":46}}],"line":126},"10":{"loc":{"start":{"line":128,"column":20},"end":{"line":136,"column":21}},"type":"if","locations":[{"start":{"line":128,"column":20},"end":{"line":136,"column":21}},{"start":{"line":128,"column":20},"end":{"line":136,"column":21}}],"line":128},"11":{"loc":{"start":{"line":196,"column":8},"end":{"line":196,"column":112}},"type":"if","locations":[{"start":{"line":196,"column":8},"end":{"line":196,"column":112}},{"start":{"line":196,"column":8},"end":{"line":196,"column":112}}],"line":196},"12":{"loc":{"start":{"line":196,"column":12},"end":{"line":196,"column":56}},"type":"binary-expr","locations":[{"start":{"line":196,"column":12},"end":{"line":196,"column":32}},{"start":{"line":196,"column":36},"end":{"line":196,"column":56}}],"line":196},"13":{"loc":{"start":{"line":212,"column":20},"end":{"line":214,"column":21}},"type":"if","locations":[{"start":{"line":212,"column":20},"end":{"line":214,"column":21}},{"start":{"line":212,"column":20},"end":{"line":214,"column":21}}],"line":212},"14":{"loc":{"start":{"line":242,"column":16},"end":{"line":242,"column":79}},"type":"if","locations":[{"start":{"line":242,"column":16},"end":{"line":242,"column":79}},{"start":{"line":242,"column":16},"end":{"line":242,"column":79}}],"line":242},"15":{"loc":{"start":{"line":280,"column":27},"end":{"line":280,"column":54}},"type":"binary-expr","locations":[{"start":{"line":280,"column":27},"end":{"line":280,"column":41}},{"start":{"line":280,"column":45},"end":{"line":280,"column":54}}],"line":280},"16":{"loc":{"start":{"line":281,"column":24},"end":{"line":289,"column":36}},"type":"if","locations":[{"start":{"line":281,"column":24},"end":{"line":289,"column":36}},{"start":{"line":281,"column":24},"end":{"line":289,"column":36}}],"line":281},"17":{"loc":{"start":{"line":328,"column":16},"end":{"line":328,"column":79}},"type":"if","locations":[{"start":{"line":328,"column":16},"end":{"line":328,"column":79}},{"start":{"line":328,"column":16},"end":{"line":328,"column":79}}],"line":328}},"s":{"0":1,"1":28,"2":12,"3":27,"4":11,"5":1,"6":13,"7":4,"8":3,"9":0,"10":3,"11":3,"12":2,"13":1,"14":2,"15":2,"16":2,"17":2,"18":1,"19":1,"20":1,"21":1,"22":2,"23":2,"24":1,"25":1,"26":1,"27":0,"28":4,"29":3,"30":3,"31":3,"32":3,"33":3,"34":3,"35":2,"36":1,"37":3,"38":0,"39":1,"40":1,"41":1,"42":1,"43":1,"44":1,"45":1,"46":4,"47":1,"48":1,"49":4,"50":0,"51":0,"52":3,"53":2,"54":2,"55":2,"56":105,"57":3,"58":1,"59":1,"60":1,"61":2,"62":5,"63":2,"64":1,"65":1,"66":1,"67":1,"68":1,"69":32,"70":32,"71":21,"72":1,"73":1,"74":1,"75":1,"76":1,"77":1,"78":1,"79":1,"80":1,"81":1,"82":0,"83":1,"84":3,"85":3,"86":3,"87":1,"88":1,"89":3,"90":312,"91":1,"92":1,"93":3,"94":3,"95":3,"96":3,"97":3,"98":3,"99":3,"100":3,"101":279,"102":3,"103":3,"104":3,"105":3,"106":3,"107":3,"108":276,"109":3,"110":1,"111":1,"112":1,"113":1,"114":1,"115":1,"116":1,"117":0,"118":1,"119":1,"120":1,"121":1,"122":1,"123":1,"124":1,"125":1,"126":1,"127":1,"128":1,"129":1,"130":1,"131":1,"132":1},"f":{"0":28,"1":12,"2":27,"3":11,"4":1,"5":13,"6":3,"7":2,"8":2,"9":2,"10":2,"11":0,"12":4,"13":3,"14":3,"15":1,"16":1,"17":4,"18":1,"19":4,"20":3,"21":2,"22":105,"23":3,"24":1,"25":2,"26":5,"27":1,"28":32,"29":1,"30":1,"31":1,"32":3,"33":1,"34":1,"35":3,"36":312,"37":1,"38":3,"39":1,"40":1,"41":1,"42":1,"43":1,"44":1,"45":1,"46":1,"47":1,"48":1},"b":{"0":[1,1],"1":[0,3],"2":[2,1],"3":[1,1],"4":[1,1],"5":[3,0],"6":[2],"7":[2,1],"8":[1,0],"9":[0],"10":[1,0],"11":[1,1],"12":[2,1],"13":[21,11],"14":[0,1],"15":[282,282],"16":[3,276],"17":[0,1]},"_coverageSchema":"43e27e138ebf9cfc5966b082cf9a028302ed4184","hash":"97b3e7df5977112135252c11f66b1ea4bd13fc2c"}
}
