TN:
SF:/Users/didactor/Documents/skylab/bootcamp/collab/skylab-bootcamp-201904/staff/groups/aldi/siempre-tarde/src/index.js
FNF:0
FNH:0
DA:11,0
DA:12,0
DA:14,0
DA:15,0
DA:17,0
DA:22,0
DA:25,0
DA:26,0
LF:8
LH:0
BRDA:25,0,0,0
BRDA:25,0,1,0
BRF:2
BRH:0
end_of_record
TN:
SF:/Users/didactor/Documents/skylab/bootcamp/collab/skylab-bootcamp-201904/staff/groups/aldi/siempre-tarde/src/serviceWorker.js
FN:23,register
FN:34,(anonymous_1)
FN:43,(anonymous_2)
FN:57,registerValidSW
FN:60,(anonymous_4)
FN:61,(anonymous_5)
FN:66,(anonymous_6)
FN:96,(anonymous_7)
FN:101,checkValidServiceWorker
FN:104,(anonymous_9)
FN:112,(anonymous_10)
FN:113,(anonymous_11)
FN:122,(anonymous_12)
FN:129,unregister
FN:131,(anonymous_14)
FNF:15
FNH:0
FNDA:0,register
FNDA:0,(anonymous_1)
FNDA:0,(anonymous_2)
FNDA:0,registerValidSW
FNDA:0,(anonymous_4)
FNDA:0,(anonymous_5)
FNDA:0,(anonymous_6)
FNDA:0,(anonymous_7)
FNDA:0,checkValidServiceWorker
FNDA:0,(anonymous_9)
FNDA:0,(anonymous_10)
FNDA:0,(anonymous_11)
FNDA:0,(anonymous_12)
FNDA:0,unregister
FNDA:0,(anonymous_14)
DA:13,0
DA:24,0
DA:26,0
DA:27,0
DA:31,0
DA:34,0
DA:35,0
DA:37,0
DA:39,0
DA:43,0
DA:44,0
DA:51,0
DA:58,0
DA:61,0
DA:62,0
DA:63,0
DA:64,0
DA:66,0
DA:67,0
DA:68,0
DA:72,0
DA:78,0
DA:79,0
DA:85,0
DA:88,0
DA:89,0
DA:97,0
DA:103,0
DA:106,0
DA:107,0
DA:112,0
DA:113,0
DA:114,0
DA:119,0
DA:123,0
DA:130,0
DA:131,0
DA:132,0
LF:38
LH:0
BRDA:14,0,0,0
BRDA:14,0,1,0
BRDA:14,0,2,0
BRDA:24,1,0,0
BRDA:24,1,1,0
BRDA:24,2,0,0
BRDA:24,2,1,0
BRDA:27,3,0,0
BRDA:27,3,1,0
BRDA:37,4,0,0
BRDA:37,4,1,0
BRDA:63,5,0,0
BRDA:63,5,1,0
BRDA:67,6,0,0
BRDA:67,6,1,0
BRDA:68,7,0,0
BRDA:68,7,1,0
BRDA:78,8,0,0
BRDA:78,8,1,0
BRDA:78,9,0,0
BRDA:78,9,1,0
BRDA:88,10,0,0
BRDA:88,10,1,0
BRDA:88,11,0,0
BRDA:88,11,1,0
BRDA:107,12,0,0
BRDA:107,12,1,0
BRDA:108,13,0,0
BRDA:108,13,1,0
BRDA:108,13,2,0
BRDA:130,14,0,0
BRDA:130,14,1,0
BRF:32
BRH:0
end_of_record
TN:
SF:/Users/didactor/Documents/skylab/bootcamp/collab/skylab-bootcamp-201904/staff/groups/aldi/siempre-tarde/src/common/call/index.js
FN:13,call
FN:31,(anonymous_1)
FN:40,(anonymous_2)
FNF:3
FNH:3
FNDA:99,call
FNDA:3,(anonymous_1)
FNDA:6,(anonymous_2)
DA:14,99
DA:16,99
DA:24,99
DA:28,99
DA:29,3
DA:30,3
DA:31,3
DA:34,99
DA:41,6
DA:42,3
DA:43,0
LF:11
LH:10
BRDA:13,0,0,0
BRDA:14,1,0,47
BRDA:14,2,0,0
BRDA:28,3,0,3
BRDA:28,3,1,96
BRDA:41,4,0,3
BRDA:41,4,1,3
BRDA:42,5,0,3
BRDA:42,5,1,0
BRF:9
BRH:6
end_of_record
TN:
SF:/Users/didactor/Documents/skylab/bootcamp/collab/skylab-bootcamp-201904/staff/groups/aldi/siempre-tarde/src/common/errors/index.js
FN:3,(anonymous_0)
FN:9,(anonymous_1)
FN:15,(anonymous_2)
FN:20,(anonymous_3)
FN:26,(anonymous_4)
FN:32,(anonymous_5)
FN:38,(anonymous_6)
FN:44,(anonymous_7)
FN:49,(anonymous_8)
FN:55,(anonymous_9)
FNF:10
FNH:8
FNDA:18,(anonymous_0)
FNDA:1,(anonymous_1)
FNDA:17,(anonymous_2)
FNDA:0,(anonymous_3)
FNDA:3,(anonymous_4)
FNDA:3,(anonymous_5)
FNDA:3,(anonymous_6)
FNDA:0,(anonymous_7)
FNDA:7,(anonymous_8)
FNDA:1,(anonymous_9)
DA:4,18
DA:10,1
DA:16,17
DA:21,0
DA:27,3
DA:33,3
DA:39,3
DA:45,0
DA:50,7
DA:56,1
LF:10
LH:8
BRF:0
BRH:0
end_of_record
TN:
SF:/Users/didactor/Documents/skylab/bootcamp/collab/skylab-bootcamp-201904/staff/groups/aldi/siempre-tarde/src/common/normalize/index.js
FN:4,(anonymous_0)
FNF:1
FNH:1
FNDA:23,(anonymous_0)
DA:3,1
DA:5,23
DA:6,23
DA:8,23
LF:4
LH:4
BRDA:5,0,0,0
BRDA:5,0,1,23
BRDA:6,1,0,0
BRDA:6,1,1,23
BRF:4
BRH:2
end_of_record
TN:
SF:/Users/didactor/Documents/skylab/bootcamp/collab/skylab-bootcamp-201904/staff/groups/aldi/siempre-tarde/src/common/validate/index.js
FN:4,(anonymous_0)
FN:5,(anonymous_1)
FN:18,(anonymous_2)
FN:24,(anonymous_3)
FNF:4
FNH:4
FNDA:253,(anonymous_0)
FNDA:797,(anonymous_1)
FNDA:6,(anonymous_2)
FNDA:99,(anonymous_3)
DA:3,4
DA:5,253
DA:6,797
DA:7,693
DA:9,689
DA:10,621
DA:11,442
DA:12,179
DA:13,36
DA:14,104
DA:19,6
DA:21,6
DA:25,99
DA:27,99
LF:14
LH:14
BRDA:6,0,0,693
BRDA:6,0,1,104
BRDA:7,1,0,4
BRDA:7,1,1,689
BRDA:9,2,0,621
BRDA:9,2,1,68
BRDA:10,3,0,442
BRDA:10,3,1,179
BRDA:11,4,0,18
BRDA:11,4,1,424
BRDA:12,5,0,36
BRDA:12,5,1,143
BRDA:13,6,0,0
BRDA:13,6,1,36
BRDA:14,7,0,17
BRDA:14,7,1,87
BRDA:21,8,0,1
BRDA:21,8,1,5
BRDA:27,9,0,0
BRDA:27,9,1,99
BRF:20
BRH:18
end_of_record
TN:
SF:/Users/didactor/Documents/skylab/bootcamp/collab/skylab-bootcamp-201904/staff/groups/aldi/siempre-tarde/src/componets/App.js
FN:24,(anonymous_0)
FN:26,(anonymous_1)
FN:28,(anonymous_2)
FN:30,(anonymous_3)
FN:33,(anonymous_4)
FN:36,(anonymous_5)
FN:37,(anonymous_6)
FN:39,(anonymous_7)
FN:47,(anonymous_8)
FN:50,(anonymous_9)
FN:53,(anonymous_10)
FN:58,(anonymous_11)
FN:62,(anonymous_12)
FN:63,(anonymous_13)
FN:65,(anonymous_14)
FN:72,(anonymous_15)
FN:74,(anonymous_16)
FN:76,(anonymous_17)
FN:77,(anonymous_18)
FN:78,(anonymous_19)
FN:82,(anonymous_20)
FN:84,(anonymous_21)
FN:84,(anonymous_22)
FN:87,(anonymous_23)
FN:89,(anonymous_24)
FN:90,(anonymous_25)
FN:90,(anonymous_26)
FN:94,(anonymous_27)
FN:100,(anonymous_28)
FN:103,(anonymous_29)
FN:105,(anonymous_30)
FN:106,(anonymous_31)
FN:108,(anonymous_32)
FN:110,(anonymous_33)
FN:112,(anonymous_34)
FN:112,(anonymous_35)
FN:114,(anonymous_36)
FN:118,(anonymous_37)
FN:139,(anonymous_38)
FN:141,(anonymous_39)
FN:143,(anonymous_40)
FN:145,(anonymous_41)
FN:147,(anonymous_42)
FN:149,(anonymous_43)
FN:151,(anonymous_44)
FN:153,(anonymous_45)
FNF:46
FNH:0
FNDA:0,(anonymous_0)
FNDA:0,(anonymous_1)
FNDA:0,(anonymous_2)
FNDA:0,(anonymous_3)
FNDA:0,(anonymous_4)
FNDA:0,(anonymous_5)
FNDA:0,(anonymous_6)
FNDA:0,(anonymous_7)
FNDA:0,(anonymous_8)
FNDA:0,(anonymous_9)
FNDA:0,(anonymous_10)
FNDA:0,(anonymous_11)
FNDA:0,(anonymous_12)
FNDA:0,(anonymous_13)
FNDA:0,(anonymous_14)
FNDA:0,(anonymous_15)
FNDA:0,(anonymous_16)
FNDA:0,(anonymous_17)
FNDA:0,(anonymous_18)
FNDA:0,(anonymous_19)
FNDA:0,(anonymous_20)
FNDA:0,(anonymous_21)
FNDA:0,(anonymous_22)
FNDA:0,(anonymous_23)
FNDA:0,(anonymous_24)
FNDA:0,(anonymous_25)
FNDA:0,(anonymous_26)
FNDA:0,(anonymous_27)
FNDA:0,(anonymous_28)
FNDA:0,(anonymous_29)
FNDA:0,(anonymous_30)
FNDA:0,(anonymous_31)
FNDA:0,(anonymous_32)
FNDA:0,(anonymous_33)
FNDA:0,(anonymous_34)
FNDA:0,(anonymous_35)
FNDA:0,(anonymous_36)
FNDA:0,(anonymous_37)
FNDA:0,(anonymous_38)
FNDA:0,(anonymous_39)
FNDA:0,(anonymous_40)
FNDA:0,(anonymous_41)
FNDA:0,(anonymous_42)
FNDA:0,(anonymous_43)
FNDA:0,(anonymous_44)
FNDA:0,(anonymous_45)
DA:24,0
DA:26,0
DA:28,0
DA:31,0
DA:32,0
DA:34,0
DA:37,0
DA:40,0
DA:43,0
DA:48,0
DA:51,0
DA:54,0
DA:59,0
DA:61,0
DA:63,0
DA:66,0
DA:69,0
DA:74,0
DA:77,0
DA:78,0
DA:83,0
DA:84,0
DA:88,0
DA:89,0
DA:90,0
DA:95,0
DA:97,0
DA:101,0
DA:104,0
DA:105,0
DA:106,0
DA:109,0
DA:111,0
DA:112,0
DA:115,0
DA:133,0
DA:135,0
DA:139,0
DA:141,0
DA:143,0
DA:145,0
DA:147,0
DA:149,0
DA:151,0
DA:153,0
LF:45
LH:0
BRDA:48,0,0,0
BRDA:48,0,1,0
BRDA:101,1,0,0
BRDA:101,1,1,0
BRDA:139,2,0,0
BRDA:139,2,1,0
BRDA:141,3,0,0
BRDA:141,3,1,0
BRDA:143,4,0,0
BRDA:143,4,1,0
BRDA:145,5,0,0
BRDA:145,5,1,0
BRDA:147,6,0,0
BRDA:147,6,1,0
BRDA:149,7,0,0
BRDA:149,7,1,0
BRDA:151,8,0,0
BRDA:151,8,1,0
BRDA:153,9,0,0
BRDA:153,9,1,0
BRF:20
BRH:0
end_of_record
TN:
SF:/Users/didactor/Documents/skylab/bootcamp/collab/skylab-bootcamp-201904/staff/groups/aldi/siempre-tarde/src/componets/LanguageSelector.js
FN:4,LanguageSelector
FN:6,(anonymous_1)
FNF:2
FNH:0
FNDA:0,LanguageSelector
FNDA:0,(anonymous_1)
DA:5,0
DA:6,0
LF:2
LH:0
BRF:0
BRH:0
end_of_record
TN:
SF:/Users/didactor/Documents/skylab/bootcamp/collab/skylab-bootcamp-201904/staff/groups/aldi/siempre-tarde/src/componets/CodeSearch/index.js
FN:11,(anonymous_0)
FN:13,(anonymous_1)
FN:16,(anonymous_2)
FN:16,(anonymous_3)
FN:18,(anonymous_4)
FN:22,(anonymous_5)
FN:24,(anonymous_6)
FN:25,(anonymous_7)
FN:27,(anonymous_8)
FN:39,(anonymous_9)
FN:40,(anonymous_10)
FNF:11
FNH:0
FNDA:0,(anonymous_0)
FNDA:0,(anonymous_1)
FNDA:0,(anonymous_2)
FNDA:0,(anonymous_3)
FNDA:0,(anonymous_4)
FNDA:0,(anonymous_5)
FNDA:0,(anonymous_6)
FNDA:0,(anonymous_7)
FNDA:0,(anonymous_8)
FNDA:0,(anonymous_9)
FNDA:0,(anonymous_10)
DA:12,0
DA:15,0
DA:16,0
DA:19,0
DA:23,0
DA:24,0
DA:25,0
DA:33,0
DA:35,0
DA:37,0
DA:39,0
DA:40,0
LF:12
LH:0
BRDA:39,0,0,0
BRDA:39,0,1,0
BRDA:40,1,0,0
BRDA:40,1,1,0
BRF:4
BRH:0
end_of_record
TN:
SF:/Users/didactor/Documents/skylab/bootcamp/collab/skylab-bootcamp-201904/staff/groups/aldi/siempre-tarde/src/componets/CodeSearch/literals.js
FNF:0
FNH:0
LF:0
LH:0
BRF:0
BRH:0
end_of_record
TN:
SF:/Users/didactor/Documents/skylab/bootcamp/collab/skylab-bootcamp-201904/staff/groups/aldi/siempre-tarde/src/componets/Favorites/index.js
FN:7,Favorites
FN:17,(anonymous_1)
FN:23,(anonymous_2)
FN:24,(anonymous_3)
FNF:4
FNH:0
FNDA:0,Favorites
FNDA:0,(anonymous_1)
FNDA:0,(anonymous_2)
FNDA:0,(anonymous_3)
DA:9,0
DA:11,0
DA:18,0
DA:23,0
DA:24,0
LF:5
LH:0
BRF:0
BRH:0
end_of_record
TN:
SF:/Users/didactor/Documents/skylab/bootcamp/collab/skylab-bootcamp-201904/staff/groups/aldi/siempre-tarde/src/componets/Favorites/literals.js
FNF:0
FNH:0
LF:0
LH:0
BRF:0
BRH:0
end_of_record
TN:
SF:/Users/didactor/Documents/skylab/bootcamp/collab/skylab-bootcamp-201904/staff/groups/aldi/siempre-tarde/src/componets/Home/index.js
FN:6,Home
FN:20,(anonymous_1)
FN:22,(anonymous_2)
FN:24,(anonymous_3)
FN:26,(anonymous_4)
FNF:5
FNH:0
FNDA:0,Home
FNDA:0,(anonymous_1)
FNDA:0,(anonymous_2)
FNDA:0,(anonymous_3)
FNDA:0,(anonymous_4)
DA:7,0
DA:9,0
DA:20,0
DA:22,0
DA:24,0
DA:26,0
LF:6
LH:0
BRF:0
BRH:0
end_of_record
TN:
SF:/Users/didactor/Documents/skylab/bootcamp/collab/skylab-bootcamp-201904/staff/groups/aldi/siempre-tarde/src/componets/Home/literals.js
FNF:0
FNH:0
LF:0
LH:0
BRF:0
BRH:0
end_of_record
TN:
SF:/Users/didactor/Documents/skylab/bootcamp/collab/skylab-bootcamp-201904/staff/groups/aldi/siempre-tarde/src/componets/Landing/index.js
FN:6,Landing
FN:17,(anonymous_1)
FN:18,(anonymous_2)
FNF:3
FNH:0
FNDA:0,Landing
FNDA:0,(anonymous_1)
FNDA:0,(anonymous_2)
DA:7,0
DA:9,0
DA:17,0
DA:18,0
LF:4
LH:0
BRF:0
BRH:0
end_of_record
TN:
SF:/Users/didactor/Documents/skylab/bootcamp/collab/skylab-bootcamp-201904/staff/groups/aldi/siempre-tarde/src/componets/Landing/literals.js
FNF:0
FNH:0
LF:0
LH:0
BRF:0
BRH:0
end_of_record
TN:
SF:/Users/didactor/Documents/skylab/bootcamp/collab/skylab-bootcamp-201904/staff/groups/aldi/siempre-tarde/src/componets/LineSearch/index.js
FN:13,(anonymous_0)
FN:16,(anonymous_1)
FN:17,(anonymous_2)
FN:19,(anonymous_3)
FN:24,(anonymous_4)
FN:26,(anonymous_5)
FN:27,(anonymous_6)
FN:29,(anonymous_7)
FN:34,(anonymous_8)
FN:38,(anonymous_9)
FN:39,(anonymous_10)
FN:39,(anonymous_11)
FN:43,(anonymous_12)
FN:47,(anonymous_13)
FN:49,(anonymous_14)
FN:50,(anonymous_15)
FN:52,(anonymous_16)
FN:66,(anonymous_17)
FN:67,(anonymous_18)
FN:68,(anonymous_19)
FN:69,(anonymous_20)
FNF:21
FNH:0
FNDA:0,(anonymous_0)
FNDA:0,(anonymous_1)
FNDA:0,(anonymous_2)
FNDA:0,(anonymous_3)
FNDA:0,(anonymous_4)
FNDA:0,(anonymous_5)
FNDA:0,(anonymous_6)
FNDA:0,(anonymous_7)
FNDA:0,(anonymous_8)
FNDA:0,(anonymous_9)
FNDA:0,(anonymous_10)
FNDA:0,(anonymous_11)
FNDA:0,(anonymous_12)
FNDA:0,(anonymous_13)
FNDA:0,(anonymous_14)
FNDA:0,(anonymous_15)
FNDA:0,(anonymous_16)
FNDA:0,(anonymous_17)
FNDA:0,(anonymous_18)
FNDA:0,(anonymous_19)
FNDA:0,(anonymous_20)
DA:14,0
DA:15,0
DA:17,0
DA:20,0
DA:25,0
DA:27,0
DA:30,0
DA:35,0
DA:37,0
DA:39,0
DA:44,0
DA:48,0
DA:49,0
DA:50,0
DA:60,0
DA:62,0
DA:64,0
DA:66,0
DA:67,0
DA:68,0
DA:69,0
LF:21
LH:0
BRDA:66,0,0,0
BRDA:66,0,1,0
BRDA:67,1,0,0
BRDA:67,1,1,0
BRDA:68,2,0,0
BRDA:68,2,1,0
BRDA:69,3,0,0
BRDA:69,3,1,0
BRF:8
BRH:0
end_of_record
TN:
SF:/Users/didactor/Documents/skylab/bootcamp/collab/skylab-bootcamp-201904/staff/groups/aldi/siempre-tarde/src/componets/LineSearch/literals.js
FNF:0
FNH:0
LF:0
LH:0
BRF:0
BRH:0
end_of_record
TN:
SF:/Users/didactor/Documents/skylab/bootcamp/collab/skylab-bootcamp-201904/staff/groups/aldi/siempre-tarde/src/componets/Login/index.js
FN:6,Login
FN:10,handleSubmit
FNF:2
FNH:0
FNDA:0,Login
FNDA:0,handleSubmit
DA:8,0
DA:11,0
DA:16,0
DA:18,0
DA:22,0
LF:5
LH:0
BRF:0
BRH:0
end_of_record
TN:
SF:/Users/didactor/Documents/skylab/bootcamp/collab/skylab-bootcamp-201904/staff/groups/aldi/siempre-tarde/src/componets/Login/literals.js
FNF:0
FNH:0
LF:0
LH:0
BRF:0
BRH:0
end_of_record
TN:
SF:/Users/didactor/Documents/skylab/bootcamp/collab/skylab-bootcamp-201904/staff/groups/aldi/siempre-tarde/src/componets/Register/index.js
FN:6,Register
FN:10,handleSubmit
FNF:2
FNH:0
FNDA:0,Register
FNDA:0,handleSubmit
DA:8,0
DA:11,0
DA:19,0
DA:21,0
DA:25,0
LF:5
LH:0
BRF:0
BRH:0
end_of_record
TN:
SF:/Users/didactor/Documents/skylab/bootcamp/collab/skylab-bootcamp-201904/staff/groups/aldi/siempre-tarde/src/componets/Register/literals.js
FNF:0
FNH:0
LF:0
LH:0
BRF:0
BRH:0
end_of_record
TN:
SF:/Users/didactor/Documents/skylab/bootcamp/collab/skylab-bootcamp-201904/staff/groups/aldi/siempre-tarde/src/componets/Results/index.js
FN:7,Results
FN:10,(anonymous_1)
FN:15,(anonymous_2)
FN:19,(anonymous_3)
FNF:4
FNH:0
FNDA:0,Results
FNDA:0,(anonymous_1)
FNDA:0,(anonymous_2)
FNDA:0,(anonymous_3)
DA:9,0
DA:10,0
DA:12,0
DA:15,0
DA:20,0
DA:23,0
LF:6
LH:0
BRDA:15,0,0,0
BRDA:15,0,1,0
BRF:2
BRH:0
end_of_record
TN:
SF:/Users/didactor/Documents/skylab/bootcamp/collab/skylab-bootcamp-201904/staff/groups/aldi/siempre-tarde/src/componets/Results/literals.js
FNF:0
FNH:0
LF:0
LH:0
BRF:0
BRH:0
end_of_record
TN:
SF:/Users/didactor/Documents/skylab/bootcamp/collab/skylab-bootcamp-201904/staff/groups/aldi/siempre-tarde/src/componets/ResultsFav/index.js
FN:7,ResultsFav
FN:18,(anonymous_1)
FNF:2
FNH:0
FNDA:0,ResultsFav
FNDA:0,(anonymous_1)
DA:9,0
DA:12,0
DA:19,0
DA:22,0
LF:4
LH:0
BRF:0
BRH:0
end_of_record
TN:
SF:/Users/didactor/Documents/skylab/bootcamp/collab/skylab-bootcamp-201904/staff/groups/aldi/siempre-tarde/src/componets/ResultsFav/literals.js
FNF:0
FNH:0
LF:0
LH:0
BRF:0
BRH:0
end_of_record
TN:
SF:/Users/didactor/Documents/skylab/bootcamp/collab/skylab-bootcamp-201904/staff/groups/aldi/siempre-tarde/src/componets/ResultsLine/index.js
FN:7,ResultsLine
FN:9,(anonymous_1)
FN:13,(anonymous_2)
FN:17,(anonymous_3)
FNF:4
FNH:0
FNDA:0,ResultsLine
FNDA:0,(anonymous_1)
FNDA:0,(anonymous_2)
FNDA:0,(anonymous_3)
DA:8,0
DA:9,0
DA:10,0
DA:13,0
DA:18,0
DA:21,0
LF:6
LH:0
BRDA:13,0,0,0
BRDA:13,0,1,0
BRF:2
BRH:0
end_of_record
TN:
SF:/Users/didactor/Documents/skylab/bootcamp/collab/skylab-bootcamp-201904/staff/groups/aldi/siempre-tarde/src/componets/ResultsLine/literals.js
FNF:0
FNH:0
LF:0
LH:0
BRF:0
BRH:0
end_of_record
TN:
SF:/Users/didactor/Documents/skylab/bootcamp/collab/skylab-bootcamp-201904/staff/groups/aldi/siempre-tarde/src/componets/StopCode/index.js
FN:7,StopCode
FN:10,handleSubmit
FNF:2
FNH:0
FNDA:0,StopCode
FNDA:0,handleSubmit
DA:8,0
DA:11,0
DA:15,0
DA:16,0
DA:18,0
DA:24,0
LF:6
LH:0
BRF:0
BRH:0
end_of_record
TN:
SF:/Users/didactor/Documents/skylab/bootcamp/collab/skylab-bootcamp-201904/staff/groups/aldi/siempre-tarde/src/componets/StopCode/literals.js
FNF:0
FNH:0
LF:0
LH:0
BRF:0
BRH:0
end_of_record
TN:
SF:/Users/didactor/Documents/skylab/bootcamp/collab/skylab-bootcamp-201904/staff/groups/aldi/siempre-tarde/src/componets/StopLine/index.js
FN:7,StopLine
FN:10,dynamicSort
FN:16,(anonymous_2)
FN:29,(anonymous_3)
FN:32,(anonymous_4)
FNF:5
FNH:0
FNDA:0,StopLine
FNDA:0,dynamicSort
FNDA:0,(anonymous_2)
FNDA:0,(anonymous_3)
FNDA:0,(anonymous_4)
DA:8,0
DA:11,0
DA:12,0
DA:13,0
DA:14,0
DA:16,0
DA:17,0
DA:18,0
DA:21,0
DA:23,0
DA:29,0
DA:34,0
LF:12
LH:0
BRDA:12,0,0,0
BRDA:12,0,1,0
BRDA:17,1,0,0
BRDA:17,1,1,0
BRDA:17,2,0,0
BRDA:17,2,1,0
BRF:6
BRH:0
end_of_record
TN:
SF:/Users/didactor/Documents/skylab/bootcamp/collab/skylab-bootcamp-201904/staff/groups/aldi/siempre-tarde/src/componets/StopLine/literals.js
FNF:0
FNH:0
LF:0
LH:0
BRF:0
BRH:0
end_of_record
TN:
SF:/Users/didactor/Documents/skylab/bootcamp/collab/skylab-bootcamp-201904/staff/groups/aldi/siempre-tarde/src/componets/StopLine2/index.js
FN:7,StopLine2
FN:16,(anonymous_1)
FN:19,(anonymous_2)
FNF:3
FNH:0
FNDA:0,StopLine2
FNDA:0,(anonymous_1)
FNDA:0,(anonymous_2)
DA:8,0
DA:10,0
DA:16,0
DA:21,0
LF:4
LH:0
BRF:0
BRH:0
end_of_record
TN:
SF:/Users/didactor/Documents/skylab/bootcamp/collab/skylab-bootcamp-201904/staff/groups/aldi/siempre-tarde/src/componets/StopLine2/literals.js
FNF:0
FNH:0
LF:0
LH:0
BRF:0
BRH:0
end_of_record
TN:
SF:/Users/didactor/Documents/skylab/bootcamp/collab/skylab-bootcamp-201904/staff/groups/aldi/siempre-tarde/src/componets/StopLine3/index.js
FN:7,StopLine3
FN:10,dynamicSort
FN:16,(anonymous_2)
FN:30,(anonymous_3)
FN:33,(anonymous_4)
FNF:5
FNH:0
FNDA:0,StopLine3
FNDA:0,dynamicSort
FNDA:0,(anonymous_2)
FNDA:0,(anonymous_3)
FNDA:0,(anonymous_4)
DA:8,0
DA:11,0
DA:12,0
DA:13,0
DA:14,0
DA:16,0
DA:17,0
DA:18,0
DA:22,0
DA:24,0
DA:30,0
DA:35,0
LF:12
LH:0
BRDA:12,0,0,0
BRDA:12,0,1,0
BRDA:17,1,0,0
BRDA:17,1,1,0
BRDA:17,2,0,0
BRDA:17,2,1,0
BRF:6
BRH:0
end_of_record
TN:
SF:/Users/didactor/Documents/skylab/bootcamp/collab/skylab-bootcamp-201904/staff/groups/aldi/siempre-tarde/src/componets/StopLine3/literals.js
FNF:0
FNH:0
LF:0
LH:0
BRF:0
BRH:0
end_of_record
TN:
SF:/Users/didactor/Documents/skylab/bootcamp/collab/skylab-bootcamp-201904/staff/groups/aldi/siempre-tarde/src/data/ibus-api/index.js
FN:12,(anonymous_0)
FN:20,(anonymous_1)
FN:27,(anonymous_2)
FN:36,(anonymous_3)
FN:45,(anonymous_4)
FN:52,(anonymous_5)
FNF:6
FNH:6
FNDA:6,(anonymous_0)
FNDA:3,(anonymous_1)
FNDA:2,(anonymous_2)
FNDA:8,(anonymous_3)
FNDA:4,(anonymous_4)
FNDA:2,(anonymous_5)
DA:5,2
DA:13,6
DA:17,5
DA:21,3
DA:22,2
DA:24,1
DA:25,0
DA:28,2
DA:29,2
DA:30,0
DA:31,2
DA:37,8
DA:42,6
DA:46,4
DA:47,2
DA:49,2
DA:50,0
DA:54,2
DA:55,2
DA:56,0
DA:57,2
LF:21
LH:17
BRDA:21,0,0,2
BRDA:21,0,1,1
BRDA:24,1,0,1
BRDA:24,1,1,0
BRDA:25,2,0,0
BRDA:25,2,1,0
BRDA:29,3,0,0
BRDA:29,3,1,2
BRDA:46,4,0,2
BRDA:46,4,1,2
BRDA:49,5,0,2
BRDA:49,5,1,0
BRDA:50,6,0,0
BRDA:50,6,1,0
BRDA:55,7,0,0
BRDA:55,7,1,2
BRF:16
BRH:8
end_of_record
TN:
SF:/Users/didactor/Documents/skylab/bootcamp/collab/skylab-bootcamp-201904/staff/groups/aldi/siempre-tarde/src/data/transit-api/index.js
FN:16,(anonymous_0)
FN:26,(anonymous_1)
FN:33,(anonymous_2)
FN:42,(anonymous_3)
FN:50,(anonymous_4)
FN:57,(anonymous_5)
FN:66,(anonymous_6)
FN:76,(anonymous_7)
FN:83,(anonymous_8)
FN:91,(anonymous_9)
FN:99,(anonymous_10)
FN:106,(anonymous_11)
FNF:12
FNH:12
FNDA:9,(anonymous_0)
FNDA:9,(anonymous_1)
FNDA:9,(anonymous_2)
FNDA:4,(anonymous_3)
FNDA:3,(anonymous_4)
FNDA:3,(anonymous_5)
FNDA:4,(anonymous_6)
FNDA:3,(anonymous_7)
FNDA:3,(anonymous_8)
FNDA:9,(anonymous_9)
FNDA:8,(anonymous_10)
FNDA:8,(anonymous_11)
DA:6,2
DA:17,9
DA:22,9
DA:23,9
DA:27,9
DA:28,9
DA:30,0
DA:31,0
DA:34,9
DA:35,1
DA:36,8
DA:43,4
DA:47,3
DA:51,3
DA:52,3
DA:54,0
DA:55,0
DA:58,3
DA:59,1
DA:60,2
DA:67,4
DA:71,3
DA:72,3
DA:73,3
DA:77,3
DA:78,3
DA:80,0
DA:81,0
DA:84,3
DA:85,1
DA:86,2
DA:92,9
DA:96,8
DA:100,8
DA:101,8
DA:103,0
DA:104,0
DA:107,8
DA:108,1
DA:109,7
LF:40
LH:32
BRDA:22,0,0,4
BRDA:22,0,1,5
BRDA:27,1,0,9
BRDA:27,1,1,0
BRDA:30,2,0,0
BRDA:30,2,1,0
BRDA:31,3,0,0
BRDA:31,3,1,0
BRDA:34,4,0,1
BRDA:34,4,1,8
BRDA:51,5,0,3
BRDA:51,5,1,0
BRDA:54,6,0,0
BRDA:54,6,1,0
BRDA:55,7,0,0
BRDA:55,7,1,0
BRDA:58,8,0,1
BRDA:58,8,1,2
BRDA:72,9,0,3
BRDA:72,9,1,0
BRDA:77,10,0,3
BRDA:77,10,1,0
BRDA:80,11,0,0
BRDA:80,11,1,0
BRDA:81,12,0,0
BRDA:81,12,1,0
BRDA:84,13,0,1
BRDA:84,13,1,2
BRDA:100,14,0,8
BRDA:100,14,1,0
BRDA:103,15,0,0
BRDA:103,15,1,0
BRDA:104,16,0,0
BRDA:104,16,1,0
BRDA:107,17,0,1
BRDA:107,17,1,7
BRF:36
BRH:15
end_of_record
TN:
SF:/Users/didactor/Documents/skylab/bootcamp/collab/skylab-bootcamp-201904/staff/groups/aldi/siempre-tarde/src/data/user-api/index.js
FN:8,(anonymous_0)
FN:21,(anonymous_1)
FN:24,(anonymous_2)
FN:36,(anonymous_3)
FN:39,(anonymous_4)
FN:49,(anonymous_5)
FN:52,(anonymous_6)
FN:68,(anonymous_7)
FNF:8
FNH:8
FNDA:35,(anonymous_0)
FNDA:28,(anonymous_1)
FNDA:22,(anonymous_2)
FNDA:16,(anonymous_3)
FNDA:19,(anonymous_4)
FNDA:13,(anonymous_5)
FNDA:6,(anonymous_6)
FNDA:6,(anonymous_7)
DA:4,2
DA:9,35
DA:15,30
DA:21,28
DA:25,22
DA:30,16
DA:36,16
DA:40,19
DA:45,13
DA:49,13
DA:53,6
DA:59,6
DA:68,6
LF:13
LH:13
BRF:0
BRH:0
end_of_record
TN:
SF:/Users/didactor/Documents/skylab/bootcamp/collab/skylab-bootcamp-201904/staff/groups/aldi/siempre-tarde/src/logic/index.js
FN:12,(anonymous_0)
FN:16,(anonymous_1)
FN:20,(anonymous_2)
FN:24,(anonymous_3)
FN:28,(anonymous_4)
FN:32,(anonymous_5)
FN:47,(anonymous_6)
FN:54,(anonymous_7)
FN:63,(anonymous_8)
FN:73,(anonymous_9)
FN:75,(anonymous_10)
FN:84,(anonymous_11)
FN:89,(anonymous_12)
FN:96,(anonymous_13)
FN:108,(anonymous_14)
FN:117,(anonymous_15)
FN:121,(anonymous_16)
FN:129,(anonymous_17)
FN:131,(anonymous_18)
FN:132,(anonymous_19)
FN:143,(anonymous_20)
FN:150,(anonymous_21)
FN:153,(anonymous_22)
FN:168,(anonymous_23)
FN:175,(anonymous_24)
FN:178,(anonymous_25)
FN:189,(anonymous_26)
FN:200,(anonymous_27)
FN:205,(anonymous_28)
FN:222,(anonymous_29)
FN:232,(anonymous_30)
FN:238,(anonymous_31)
FN:244,(anonymous_32)
FN:253,(anonymous_33)
FN:253,(anonymous_34)
FN:254,(anonymous_35)
FN:255,(anonymous_36)
FN:269,(anonymous_37)
FN:271,(anonymous_38)
FN:312,(anonymous_39)
FN:324,(anonymous_40)
FN:330,(anonymous_41)
FN:340,(anonymous_42)
FN:340,(anonymous_43)
FN:342,(anonymous_44)
FN:343,(anonymous_45)
FN:355,(anonymous_46)
FN:357,(anonymous_47)
FN:373,(anonymous_48)
FNF:49
FNH:48
FNDA:28,(anonymous_0)
FNDA:12,(anonymous_1)
FNDA:27,(anonymous_2)
FNDA:11,(anonymous_3)
FNDA:1,(anonymous_4)
FNDA:13,(anonymous_5)
FNDA:3,(anonymous_6)
FNDA:2,(anonymous_7)
FNDA:2,(anonymous_8)
FNDA:2,(anonymous_9)
FNDA:2,(anonymous_10)
FNDA:0,(anonymous_11)
FNDA:4,(anonymous_12)
FNDA:3,(anonymous_13)
FNDA:3,(anonymous_14)
FNDA:1,(anonymous_15)
FNDA:1,(anonymous_16)
FNDA:4,(anonymous_17)
FNDA:1,(anonymous_18)
FNDA:4,(anonymous_19)
FNDA:3,(anonymous_20)
FNDA:2,(anonymous_21)
FNDA:105,(anonymous_22)
FNDA:3,(anonymous_23)
FNDA:1,(anonymous_24)
FNDA:2,(anonymous_25)
FNDA:5,(anonymous_26)
FNDA:1,(anonymous_27)
FNDA:32,(anonymous_28)
FNDA:1,(anonymous_29)
FNDA:1,(anonymous_30)
FNDA:1,(anonymous_31)
FNDA:3,(anonymous_32)
FNDA:1,(anonymous_33)
FNDA:1,(anonymous_34)
FNDA:3,(anonymous_35)
FNDA:312,(anonymous_36)
FNDA:1,(anonymous_37)
FNDA:3,(anonymous_38)
FNDA:1,(anonymous_39)
FNDA:1,(anonymous_40)
FNDA:1,(anonymous_41)
FNDA:1,(anonymous_42)
FNDA:1,(anonymous_43)
FNDA:1,(anonymous_44)
FNDA:1,(anonymous_45)
FNDA:1,(anonymous_46)
FNDA:1,(anonymous_47)
FNDA:1,(anonymous_48)
DA:10,1
DA:13,28
DA:17,12
DA:21,27
DA:25,11
DA:29,1
DA:34,13
DA:42,4
DA:44,3
DA:46,3
DA:48,3
DA:50,1
DA:55,2
DA:60,2
DA:62,2
DA:64,2
DA:65,1
DA:67,1
DA:68,1
DA:69,1
DA:74,2
DA:76,2
DA:77,1
DA:79,1
DA:80,1
DA:85,0
DA:91,4
DA:95,3
DA:97,3
DA:99,3
DA:100,3
DA:102,3
DA:104,3
DA:105,1
DA:107,3
DA:111,0
DA:119,1
DA:120,1
DA:123,1
DA:125,1
DA:126,1
DA:128,1
DA:129,4
DA:131,1
DA:132,4
DA:135,0
DA:138,0
DA:145,3
DA:149,2
DA:151,2
DA:153,2
DA:162,105
DA:170,3
DA:174,1
DA:176,1
DA:178,1
DA:183,2
DA:191,5
DA:196,2
DA:199,1
DA:201,1
DA:203,1
DA:205,1
DA:211,32
DA:212,32
DA:213,21
DA:218,1
DA:224,1
DA:228,1
DA:229,1
DA:231,1
DA:233,1
DA:234,1
DA:236,1
DA:240,1
DA:242,1
DA:244,1
DA:246,3
DA:248,3
DA:250,3
DA:253,1
DA:254,1
DA:255,3
DA:264,312
DA:270,1
DA:271,1
DA:272,3
DA:273,3
DA:274,3
DA:275,3
DA:276,3
DA:277,3
DA:278,3
DA:280,3
DA:281,279
DA:282,3
DA:283,3
DA:284,3
DA:285,3
DA:286,3
DA:287,3
DA:289,276
DA:291,3
DA:306,1
DA:314,1
DA:319,1
DA:321,1
DA:323,1
DA:326,1
DA:328,1
DA:330,1
DA:332,1
DA:335,1
DA:337,1
DA:340,1
DA:342,1
DA:343,1
DA:351,1
DA:357,1
DA:358,1
DA:371,1
DA:375,1
DA:377,1
DA:379,1
DA:392,1
LF:125
LH:121
BRDA:29,0,0,1
BRDA:29,0,1,1
BRDA:44,1,0,0
BRDA:44,1,1,3
BRDA:48,2,0,2
BRDA:48,2,1,1
BRDA:64,3,0,1
BRDA:64,3,1,1
BRDA:76,4,0,1
BRDA:76,4,1,1
BRDA:99,5,0,3
BRDA:99,5,1,0
BRDA:100,6,0,2
BRDA:104,7,0,2
BRDA:104,7,1,1
BRDA:125,8,0,1
BRDA:125,8,1,0
BRDA:126,9,0,0
BRDA:128,10,0,1
BRDA:128,10,1,0
BRDA:196,11,0,1
BRDA:196,11,1,1
BRDA:196,12,0,2
BRDA:196,12,1,1
BRDA:212,13,0,21
BRDA:212,13,1,11
BRDA:242,14,0,0
BRDA:242,14,1,1
BRDA:280,15,0,282
BRDA:280,15,1,282
BRDA:281,16,0,3
BRDA:281,16,1,276
BRDA:328,17,0,0
BRDA:328,17,1,1
BRF:34
BRH:27
end_of_record
